[2021-02-13 07:29:58,403] {scheduler_job.py:182} INFO - Started process (PID=46) to work on /home/airflow/.local/lib/python3.6/site-packages/airflow/example_dags/example_nested_branch_dag.py
[2021-02-13 07:29:58,410] {scheduler_job.py:629} INFO - Processing file /home/airflow/.local/lib/python3.6/site-packages/airflow/example_dags/example_nested_branch_dag.py for tasks to queue
[2021-02-13 07:29:58,411] {logging_mixin.py:104} INFO - [2021-02-13 07:29:58,410] {dagbag.py:448} INFO - Filling up the DagBag from /home/airflow/.local/lib/python3.6/site-packages/airflow/example_dags/example_nested_branch_dag.py
[2021-02-13 07:29:58,479] {scheduler_job.py:639} INFO - DAG(s) dict_keys(['example_nested_branch_dag']) retrieved from /home/airflow/.local/lib/python3.6/site-packages/airflow/example_dags/example_nested_branch_dag.py
[2021-02-13 07:29:58,545] {logging_mixin.py:104} INFO - [2021-02-13 07:29:58,545] {dag.py:1818} INFO - Sync 1 DAGs
[2021-02-13 07:29:58,562] {logging_mixin.py:104} INFO - [2021-02-13 07:29:58,562] {dag.py:1837} INFO - Creating ORM DAG for example_nested_branch_dag
[2021-02-13 07:29:58,598] {logging_mixin.py:104} INFO - [2021-02-13 07:29:58,598] {dag.py:2273} INFO - Setting next_dagrun for example_nested_branch_dag to 2021-02-11 00:00:00+00:00
[2021-02-13 07:29:58,648] {scheduler_job.py:190} INFO - Processing /home/airflow/.local/lib/python3.6/site-packages/airflow/example_dags/example_nested_branch_dag.py took 0.251 seconds
[2021-02-13 07:30:31,249] {scheduler_job.py:182} INFO - Started process (PID=77) to work on /home/airflow/.local/lib/python3.6/site-packages/airflow/example_dags/example_nested_branch_dag.py
[2021-02-13 07:30:31,251] {scheduler_job.py:629} INFO - Processing file /home/airflow/.local/lib/python3.6/site-packages/airflow/example_dags/example_nested_branch_dag.py for tasks to queue
[2021-02-13 07:30:31,252] {logging_mixin.py:104} INFO - [2021-02-13 07:30:31,252] {dagbag.py:448} INFO - Filling up the DagBag from /home/airflow/.local/lib/python3.6/site-packages/airflow/example_dags/example_nested_branch_dag.py
[2021-02-13 07:30:31,280] {scheduler_job.py:639} INFO - DAG(s) dict_keys(['example_nested_branch_dag']) retrieved from /home/airflow/.local/lib/python3.6/site-packages/airflow/example_dags/example_nested_branch_dag.py
[2021-02-13 07:30:31,321] {logging_mixin.py:104} INFO - [2021-02-13 07:30:31,320] {dag.py:1818} INFO - Sync 1 DAGs
[2021-02-13 07:30:31,364] {logging_mixin.py:104} INFO - [2021-02-13 07:30:31,364] {dag.py:2273} INFO - Setting next_dagrun for example_nested_branch_dag to 2021-02-11 00:00:00+00:00
[2021-02-13 07:30:31,532] {scheduler_job.py:190} INFO - Processing /home/airflow/.local/lib/python3.6/site-packages/airflow/example_dags/example_nested_branch_dag.py took 0.287 seconds
[2021-02-13 07:31:02,621] {scheduler_job.py:182} INFO - Started process (PID=103) to work on /home/airflow/.local/lib/python3.6/site-packages/airflow/example_dags/example_nested_branch_dag.py
[2021-02-13 07:31:02,623] {scheduler_job.py:629} INFO - Processing file /home/airflow/.local/lib/python3.6/site-packages/airflow/example_dags/example_nested_branch_dag.py for tasks to queue
[2021-02-13 07:31:02,624] {logging_mixin.py:104} INFO - [2021-02-13 07:31:02,624] {dagbag.py:448} INFO - Filling up the DagBag from /home/airflow/.local/lib/python3.6/site-packages/airflow/example_dags/example_nested_branch_dag.py
[2021-02-13 07:31:02,648] {scheduler_job.py:639} INFO - DAG(s) dict_keys(['example_nested_branch_dag']) retrieved from /home/airflow/.local/lib/python3.6/site-packages/airflow/example_dags/example_nested_branch_dag.py
[2021-02-13 07:31:02,687] {logging_mixin.py:104} INFO - [2021-02-13 07:31:02,687] {dag.py:1818} INFO - Sync 1 DAGs
[2021-02-13 07:31:02,726] {logging_mixin.py:104} INFO - [2021-02-13 07:31:02,726] {dag.py:2273} INFO - Setting next_dagrun for example_nested_branch_dag to 2021-02-11 00:00:00+00:00
[2021-02-13 07:31:02,776] {scheduler_job.py:190} INFO - Processing /home/airflow/.local/lib/python3.6/site-packages/airflow/example_dags/example_nested_branch_dag.py took 0.162 seconds
[2021-02-13 07:31:33,138] {scheduler_job.py:182} INFO - Started process (PID=131) to work on /home/airflow/.local/lib/python3.6/site-packages/airflow/example_dags/example_nested_branch_dag.py
[2021-02-13 07:31:33,139] {scheduler_job.py:629} INFO - Processing file /home/airflow/.local/lib/python3.6/site-packages/airflow/example_dags/example_nested_branch_dag.py for tasks to queue
[2021-02-13 07:31:33,140] {logging_mixin.py:104} INFO - [2021-02-13 07:31:33,140] {dagbag.py:448} INFO - Filling up the DagBag from /home/airflow/.local/lib/python3.6/site-packages/airflow/example_dags/example_nested_branch_dag.py
[2021-02-13 07:31:33,161] {scheduler_job.py:639} INFO - DAG(s) dict_keys(['example_nested_branch_dag']) retrieved from /home/airflow/.local/lib/python3.6/site-packages/airflow/example_dags/example_nested_branch_dag.py
[2021-02-13 07:31:33,186] {logging_mixin.py:104} INFO - [2021-02-13 07:31:33,186] {dag.py:1818} INFO - Sync 1 DAGs
[2021-02-13 07:31:33,217] {logging_mixin.py:104} INFO - [2021-02-13 07:31:33,217] {dag.py:2273} INFO - Setting next_dagrun for example_nested_branch_dag to 2021-02-11 00:00:00+00:00
[2021-02-13 07:31:33,242] {scheduler_job.py:190} INFO - Processing /home/airflow/.local/lib/python3.6/site-packages/airflow/example_dags/example_nested_branch_dag.py took 0.108 seconds
[2021-02-13 07:32:04,836] {scheduler_job.py:182} INFO - Started process (PID=161) to work on /home/airflow/.local/lib/python3.6/site-packages/airflow/example_dags/example_nested_branch_dag.py
[2021-02-13 07:32:04,838] {scheduler_job.py:629} INFO - Processing file /home/airflow/.local/lib/python3.6/site-packages/airflow/example_dags/example_nested_branch_dag.py for tasks to queue
[2021-02-13 07:32:04,839] {logging_mixin.py:104} INFO - [2021-02-13 07:32:04,839] {dagbag.py:448} INFO - Filling up the DagBag from /home/airflow/.local/lib/python3.6/site-packages/airflow/example_dags/example_nested_branch_dag.py
[2021-02-13 07:32:04,862] {scheduler_job.py:639} INFO - DAG(s) dict_keys(['example_nested_branch_dag']) retrieved from /home/airflow/.local/lib/python3.6/site-packages/airflow/example_dags/example_nested_branch_dag.py
[2021-02-13 07:32:04,898] {logging_mixin.py:104} INFO - [2021-02-13 07:32:04,898] {dag.py:1818} INFO - Sync 1 DAGs
[2021-02-13 07:32:04,927] {logging_mixin.py:104} INFO - [2021-02-13 07:32:04,927] {dag.py:2273} INFO - Setting next_dagrun for example_nested_branch_dag to 2021-02-11 00:00:00+00:00
[2021-02-13 07:32:04,956] {scheduler_job.py:190} INFO - Processing /home/airflow/.local/lib/python3.6/site-packages/airflow/example_dags/example_nested_branch_dag.py took 0.124 seconds
[2021-02-13 07:32:37,059] {scheduler_job.py:182} INFO - Started process (PID=187) to work on /home/airflow/.local/lib/python3.6/site-packages/airflow/example_dags/example_nested_branch_dag.py
[2021-02-13 07:32:37,062] {scheduler_job.py:629} INFO - Processing file /home/airflow/.local/lib/python3.6/site-packages/airflow/example_dags/example_nested_branch_dag.py for tasks to queue
[2021-02-13 07:32:37,063] {logging_mixin.py:104} INFO - [2021-02-13 07:32:37,063] {dagbag.py:448} INFO - Filling up the DagBag from /home/airflow/.local/lib/python3.6/site-packages/airflow/example_dags/example_nested_branch_dag.py
[2021-02-13 07:32:37,090] {scheduler_job.py:639} INFO - DAG(s) dict_keys(['example_nested_branch_dag']) retrieved from /home/airflow/.local/lib/python3.6/site-packages/airflow/example_dags/example_nested_branch_dag.py
[2021-02-13 07:32:37,129] {logging_mixin.py:104} INFO - [2021-02-13 07:32:37,129] {dag.py:1818} INFO - Sync 1 DAGs
[2021-02-13 07:32:37,172] {logging_mixin.py:104} INFO - [2021-02-13 07:32:37,171] {dag.py:2273} INFO - Setting next_dagrun for example_nested_branch_dag to 2021-02-11 00:00:00+00:00
[2021-02-13 07:32:37,210] {scheduler_job.py:190} INFO - Processing /home/airflow/.local/lib/python3.6/site-packages/airflow/example_dags/example_nested_branch_dag.py took 0.162 seconds
[2021-02-13 07:33:10,026] {scheduler_job.py:182} INFO - Started process (PID=214) to work on /home/airflow/.local/lib/python3.6/site-packages/airflow/example_dags/example_nested_branch_dag.py
[2021-02-13 07:33:10,027] {scheduler_job.py:629} INFO - Processing file /home/airflow/.local/lib/python3.6/site-packages/airflow/example_dags/example_nested_branch_dag.py for tasks to queue
[2021-02-13 07:33:10,028] {logging_mixin.py:104} INFO - [2021-02-13 07:33:10,028] {dagbag.py:448} INFO - Filling up the DagBag from /home/airflow/.local/lib/python3.6/site-packages/airflow/example_dags/example_nested_branch_dag.py
[2021-02-13 07:33:10,046] {scheduler_job.py:639} INFO - DAG(s) dict_keys(['example_nested_branch_dag']) retrieved from /home/airflow/.local/lib/python3.6/site-packages/airflow/example_dags/example_nested_branch_dag.py
[2021-02-13 07:33:10,078] {logging_mixin.py:104} INFO - [2021-02-13 07:33:10,077] {dag.py:1818} INFO - Sync 1 DAGs
[2021-02-13 07:33:10,113] {logging_mixin.py:104} INFO - [2021-02-13 07:33:10,113] {dag.py:2273} INFO - Setting next_dagrun for example_nested_branch_dag to 2021-02-11 00:00:00+00:00
[2021-02-13 07:33:10,141] {scheduler_job.py:190} INFO - Processing /home/airflow/.local/lib/python3.6/site-packages/airflow/example_dags/example_nested_branch_dag.py took 0.119 seconds
[2021-02-13 07:33:41,394] {scheduler_job.py:182} INFO - Started process (PID=240) to work on /home/airflow/.local/lib/python3.6/site-packages/airflow/example_dags/example_nested_branch_dag.py
[2021-02-13 07:33:41,396] {scheduler_job.py:629} INFO - Processing file /home/airflow/.local/lib/python3.6/site-packages/airflow/example_dags/example_nested_branch_dag.py for tasks to queue
[2021-02-13 07:33:41,398] {logging_mixin.py:104} INFO - [2021-02-13 07:33:41,397] {dagbag.py:448} INFO - Filling up the DagBag from /home/airflow/.local/lib/python3.6/site-packages/airflow/example_dags/example_nested_branch_dag.py
[2021-02-13 07:33:41,421] {scheduler_job.py:639} INFO - DAG(s) dict_keys(['example_nested_branch_dag']) retrieved from /home/airflow/.local/lib/python3.6/site-packages/airflow/example_dags/example_nested_branch_dag.py
[2021-02-13 07:33:41,451] {logging_mixin.py:104} INFO - [2021-02-13 07:33:41,451] {dag.py:1818} INFO - Sync 1 DAGs
[2021-02-13 07:33:41,479] {logging_mixin.py:104} INFO - [2021-02-13 07:33:41,479] {dag.py:2273} INFO - Setting next_dagrun for example_nested_branch_dag to 2021-02-11 00:00:00+00:00
[2021-02-13 07:33:41,512] {scheduler_job.py:190} INFO - Processing /home/airflow/.local/lib/python3.6/site-packages/airflow/example_dags/example_nested_branch_dag.py took 0.121 seconds
[2021-02-13 07:34:11,626] {scheduler_job.py:182} INFO - Started process (PID=266) to work on /home/airflow/.local/lib/python3.6/site-packages/airflow/example_dags/example_nested_branch_dag.py
[2021-02-13 07:34:11,628] {scheduler_job.py:629} INFO - Processing file /home/airflow/.local/lib/python3.6/site-packages/airflow/example_dags/example_nested_branch_dag.py for tasks to queue
[2021-02-13 07:34:11,629] {logging_mixin.py:104} INFO - [2021-02-13 07:34:11,629] {dagbag.py:448} INFO - Filling up the DagBag from /home/airflow/.local/lib/python3.6/site-packages/airflow/example_dags/example_nested_branch_dag.py
[2021-02-13 07:34:11,653] {scheduler_job.py:639} INFO - DAG(s) dict_keys(['example_nested_branch_dag']) retrieved from /home/airflow/.local/lib/python3.6/site-packages/airflow/example_dags/example_nested_branch_dag.py
[2021-02-13 07:34:11,682] {logging_mixin.py:104} INFO - [2021-02-13 07:34:11,682] {dag.py:1818} INFO - Sync 1 DAGs
[2021-02-13 07:34:11,718] {logging_mixin.py:104} INFO - [2021-02-13 07:34:11,717] {dag.py:2273} INFO - Setting next_dagrun for example_nested_branch_dag to 2021-02-11 00:00:00+00:00
[2021-02-13 07:34:11,749] {scheduler_job.py:190} INFO - Processing /home/airflow/.local/lib/python3.6/site-packages/airflow/example_dags/example_nested_branch_dag.py took 0.128 seconds
[2021-02-13 07:34:42,524] {scheduler_job.py:182} INFO - Started process (PID=292) to work on /home/airflow/.local/lib/python3.6/site-packages/airflow/example_dags/example_nested_branch_dag.py
[2021-02-13 07:34:42,526] {scheduler_job.py:629} INFO - Processing file /home/airflow/.local/lib/python3.6/site-packages/airflow/example_dags/example_nested_branch_dag.py for tasks to queue
[2021-02-13 07:34:42,526] {logging_mixin.py:104} INFO - [2021-02-13 07:34:42,526] {dagbag.py:448} INFO - Filling up the DagBag from /home/airflow/.local/lib/python3.6/site-packages/airflow/example_dags/example_nested_branch_dag.py
[2021-02-13 07:34:42,547] {scheduler_job.py:639} INFO - DAG(s) dict_keys(['example_nested_branch_dag']) retrieved from /home/airflow/.local/lib/python3.6/site-packages/airflow/example_dags/example_nested_branch_dag.py
[2021-02-13 07:34:42,580] {logging_mixin.py:104} INFO - [2021-02-13 07:34:42,580] {dag.py:1818} INFO - Sync 1 DAGs
[2021-02-13 07:34:42,612] {logging_mixin.py:104} INFO - [2021-02-13 07:34:42,612] {dag.py:2273} INFO - Setting next_dagrun for example_nested_branch_dag to 2021-02-11 00:00:00+00:00
[2021-02-13 07:34:42,636] {scheduler_job.py:190} INFO - Processing /home/airflow/.local/lib/python3.6/site-packages/airflow/example_dags/example_nested_branch_dag.py took 0.117 seconds
[2021-02-13 07:35:13,061] {scheduler_job.py:182} INFO - Started process (PID=318) to work on /home/airflow/.local/lib/python3.6/site-packages/airflow/example_dags/example_nested_branch_dag.py
[2021-02-13 07:35:13,062] {scheduler_job.py:629} INFO - Processing file /home/airflow/.local/lib/python3.6/site-packages/airflow/example_dags/example_nested_branch_dag.py for tasks to queue
[2021-02-13 07:35:13,063] {logging_mixin.py:104} INFO - [2021-02-13 07:35:13,063] {dagbag.py:448} INFO - Filling up the DagBag from /home/airflow/.local/lib/python3.6/site-packages/airflow/example_dags/example_nested_branch_dag.py
[2021-02-13 07:35:13,082] {scheduler_job.py:639} INFO - DAG(s) dict_keys(['example_nested_branch_dag']) retrieved from /home/airflow/.local/lib/python3.6/site-packages/airflow/example_dags/example_nested_branch_dag.py
[2021-02-13 07:35:13,108] {logging_mixin.py:104} INFO - [2021-02-13 07:35:13,108] {dag.py:1818} INFO - Sync 1 DAGs
[2021-02-13 07:35:13,139] {logging_mixin.py:104} INFO - [2021-02-13 07:35:13,139] {dag.py:2273} INFO - Setting next_dagrun for example_nested_branch_dag to 2021-02-11 00:00:00+00:00
[2021-02-13 07:35:13,179] {scheduler_job.py:190} INFO - Processing /home/airflow/.local/lib/python3.6/site-packages/airflow/example_dags/example_nested_branch_dag.py took 0.121 seconds
[2021-02-13 07:35:44,020] {scheduler_job.py:182} INFO - Started process (PID=345) to work on /home/airflow/.local/lib/python3.6/site-packages/airflow/example_dags/example_nested_branch_dag.py
[2021-02-13 07:35:44,021] {scheduler_job.py:629} INFO - Processing file /home/airflow/.local/lib/python3.6/site-packages/airflow/example_dags/example_nested_branch_dag.py for tasks to queue
[2021-02-13 07:35:44,022] {logging_mixin.py:104} INFO - [2021-02-13 07:35:44,022] {dagbag.py:448} INFO - Filling up the DagBag from /home/airflow/.local/lib/python3.6/site-packages/airflow/example_dags/example_nested_branch_dag.py
[2021-02-13 07:35:44,041] {scheduler_job.py:639} INFO - DAG(s) dict_keys(['example_nested_branch_dag']) retrieved from /home/airflow/.local/lib/python3.6/site-packages/airflow/example_dags/example_nested_branch_dag.py
[2021-02-13 07:35:44,063] {logging_mixin.py:104} INFO - [2021-02-13 07:35:44,063] {dag.py:1818} INFO - Sync 1 DAGs
[2021-02-13 07:35:44,090] {logging_mixin.py:104} INFO - [2021-02-13 07:35:44,090] {dag.py:2273} INFO - Setting next_dagrun for example_nested_branch_dag to 2021-02-11 00:00:00+00:00
[2021-02-13 07:35:44,114] {scheduler_job.py:190} INFO - Processing /home/airflow/.local/lib/python3.6/site-packages/airflow/example_dags/example_nested_branch_dag.py took 0.097 seconds
