[2021-02-13 07:30:00,071] {scheduler_job.py:182} INFO - Started process (PID=57) to work on /home/airflow/.local/lib/python3.6/site-packages/airflow/example_dags/example_kubernetes_executor_config.py
[2021-02-13 07:30:00,082] {scheduler_job.py:629} INFO - Processing file /home/airflow/.local/lib/python3.6/site-packages/airflow/example_dags/example_kubernetes_executor_config.py for tasks to queue
[2021-02-13 07:30:00,092] {logging_mixin.py:104} INFO - [2021-02-13 07:30:00,092] {dagbag.py:448} INFO - Filling up the DagBag from /home/airflow/.local/lib/python3.6/site-packages/airflow/example_dags/example_kubernetes_executor_config.py
[2021-02-13 07:30:00,165] {scheduler_job.py:639} INFO - DAG(s) dict_keys(['example_kubernetes_executor_config']) retrieved from /home/airflow/.local/lib/python3.6/site-packages/airflow/example_dags/example_kubernetes_executor_config.py
[2021-02-13 07:30:00,254] {logging_mixin.py:104} INFO - [2021-02-13 07:30:00,254] {dag.py:1818} INFO - Sync 1 DAGs
[2021-02-13 07:30:00,279] {logging_mixin.py:104} INFO - [2021-02-13 07:30:00,279] {dag.py:1837} INFO - Creating ORM DAG for example_kubernetes_executor_config
[2021-02-13 07:30:00,288] {logging_mixin.py:104} INFO - [2021-02-13 07:30:00,288] {dag.py:2273} INFO - Setting next_dagrun for example_kubernetes_executor_config to None
[2021-02-13 07:30:00,826] {scheduler_job.py:190} INFO - Processing /home/airflow/.local/lib/python3.6/site-packages/airflow/example_dags/example_kubernetes_executor_config.py took 0.761 seconds
[2021-02-13 07:30:32,221] {scheduler_job.py:182} INFO - Started process (PID=83) to work on /home/airflow/.local/lib/python3.6/site-packages/airflow/example_dags/example_kubernetes_executor_config.py
[2021-02-13 07:30:32,223] {scheduler_job.py:629} INFO - Processing file /home/airflow/.local/lib/python3.6/site-packages/airflow/example_dags/example_kubernetes_executor_config.py for tasks to queue
[2021-02-13 07:30:32,225] {logging_mixin.py:104} INFO - [2021-02-13 07:30:32,224] {dagbag.py:448} INFO - Filling up the DagBag from /home/airflow/.local/lib/python3.6/site-packages/airflow/example_dags/example_kubernetes_executor_config.py
[2021-02-13 07:30:32,250] {scheduler_job.py:639} INFO - DAG(s) dict_keys(['example_kubernetes_executor_config']) retrieved from /home/airflow/.local/lib/python3.6/site-packages/airflow/example_dags/example_kubernetes_executor_config.py
[2021-02-13 07:30:32,291] {logging_mixin.py:104} INFO - [2021-02-13 07:30:32,291] {dag.py:1818} INFO - Sync 1 DAGs
[2021-02-13 07:30:32,319] {logging_mixin.py:104} INFO - [2021-02-13 07:30:32,319] {dag.py:2273} INFO - Setting next_dagrun for example_kubernetes_executor_config to None
[2021-02-13 07:30:32,462] {scheduler_job.py:190} INFO - Processing /home/airflow/.local/lib/python3.6/site-packages/airflow/example_dags/example_kubernetes_executor_config.py took 0.245 seconds
[2021-02-13 07:31:03,040] {scheduler_job.py:182} INFO - Started process (PID=108) to work on /home/airflow/.local/lib/python3.6/site-packages/airflow/example_dags/example_kubernetes_executor_config.py
[2021-02-13 07:31:03,041] {scheduler_job.py:629} INFO - Processing file /home/airflow/.local/lib/python3.6/site-packages/airflow/example_dags/example_kubernetes_executor_config.py for tasks to queue
[2021-02-13 07:31:03,042] {logging_mixin.py:104} INFO - [2021-02-13 07:31:03,042] {dagbag.py:448} INFO - Filling up the DagBag from /home/airflow/.local/lib/python3.6/site-packages/airflow/example_dags/example_kubernetes_executor_config.py
[2021-02-13 07:31:03,060] {scheduler_job.py:639} INFO - DAG(s) dict_keys(['example_kubernetes_executor_config']) retrieved from /home/airflow/.local/lib/python3.6/site-packages/airflow/example_dags/example_kubernetes_executor_config.py
[2021-02-13 07:31:03,088] {logging_mixin.py:104} INFO - [2021-02-13 07:31:03,088] {dag.py:1818} INFO - Sync 1 DAGs
[2021-02-13 07:31:03,109] {logging_mixin.py:104} INFO - [2021-02-13 07:31:03,108] {dag.py:2273} INFO - Setting next_dagrun for example_kubernetes_executor_config to None
[2021-02-13 07:31:03,135] {scheduler_job.py:190} INFO - Processing /home/airflow/.local/lib/python3.6/site-packages/airflow/example_dags/example_kubernetes_executor_config.py took 0.098 seconds
[2021-02-13 07:31:33,199] {scheduler_job.py:182} INFO - Started process (PID=132) to work on /home/airflow/.local/lib/python3.6/site-packages/airflow/example_dags/example_kubernetes_executor_config.py
[2021-02-13 07:31:33,201] {scheduler_job.py:629} INFO - Processing file /home/airflow/.local/lib/python3.6/site-packages/airflow/example_dags/example_kubernetes_executor_config.py for tasks to queue
[2021-02-13 07:31:33,202] {logging_mixin.py:104} INFO - [2021-02-13 07:31:33,202] {dagbag.py:448} INFO - Filling up the DagBag from /home/airflow/.local/lib/python3.6/site-packages/airflow/example_dags/example_kubernetes_executor_config.py
[2021-02-13 07:31:33,220] {scheduler_job.py:639} INFO - DAG(s) dict_keys(['example_kubernetes_executor_config']) retrieved from /home/airflow/.local/lib/python3.6/site-packages/airflow/example_dags/example_kubernetes_executor_config.py
[2021-02-13 07:31:33,246] {logging_mixin.py:104} INFO - [2021-02-13 07:31:33,246] {dag.py:1818} INFO - Sync 1 DAGs
[2021-02-13 07:31:33,267] {logging_mixin.py:104} INFO - [2021-02-13 07:31:33,266] {dag.py:2273} INFO - Setting next_dagrun for example_kubernetes_executor_config to None
[2021-02-13 07:31:33,292] {scheduler_job.py:190} INFO - Processing /home/airflow/.local/lib/python3.6/site-packages/airflow/example_dags/example_kubernetes_executor_config.py took 0.096 seconds
[2021-02-13 07:32:04,556] {scheduler_job.py:182} INFO - Started process (PID=157) to work on /home/airflow/.local/lib/python3.6/site-packages/airflow/example_dags/example_kubernetes_executor_config.py
[2021-02-13 07:32:04,558] {scheduler_job.py:629} INFO - Processing file /home/airflow/.local/lib/python3.6/site-packages/airflow/example_dags/example_kubernetes_executor_config.py for tasks to queue
[2021-02-13 07:32:04,559] {logging_mixin.py:104} INFO - [2021-02-13 07:32:04,558] {dagbag.py:448} INFO - Filling up the DagBag from /home/airflow/.local/lib/python3.6/site-packages/airflow/example_dags/example_kubernetes_executor_config.py
[2021-02-13 07:32:04,582] {scheduler_job.py:639} INFO - DAG(s) dict_keys(['example_kubernetes_executor_config']) retrieved from /home/airflow/.local/lib/python3.6/site-packages/airflow/example_dags/example_kubernetes_executor_config.py
[2021-02-13 07:32:04,622] {logging_mixin.py:104} INFO - [2021-02-13 07:32:04,621] {dag.py:1818} INFO - Sync 1 DAGs
[2021-02-13 07:32:04,642] {logging_mixin.py:104} INFO - [2021-02-13 07:32:04,641] {dag.py:2273} INFO - Setting next_dagrun for example_kubernetes_executor_config to None
[2021-02-13 07:32:04,671] {scheduler_job.py:190} INFO - Processing /home/airflow/.local/lib/python3.6/site-packages/airflow/example_dags/example_kubernetes_executor_config.py took 0.119 seconds
[2021-02-13 07:32:36,752] {scheduler_job.py:182} INFO - Started process (PID=183) to work on /home/airflow/.local/lib/python3.6/site-packages/airflow/example_dags/example_kubernetes_executor_config.py
[2021-02-13 07:32:36,755] {scheduler_job.py:629} INFO - Processing file /home/airflow/.local/lib/python3.6/site-packages/airflow/example_dags/example_kubernetes_executor_config.py for tasks to queue
[2021-02-13 07:32:36,756] {logging_mixin.py:104} INFO - [2021-02-13 07:32:36,756] {dagbag.py:448} INFO - Filling up the DagBag from /home/airflow/.local/lib/python3.6/site-packages/airflow/example_dags/example_kubernetes_executor_config.py
[2021-02-13 07:32:36,779] {scheduler_job.py:639} INFO - DAG(s) dict_keys(['example_kubernetes_executor_config']) retrieved from /home/airflow/.local/lib/python3.6/site-packages/airflow/example_dags/example_kubernetes_executor_config.py
[2021-02-13 07:32:36,814] {logging_mixin.py:104} INFO - [2021-02-13 07:32:36,814] {dag.py:1818} INFO - Sync 1 DAGs
[2021-02-13 07:32:36,840] {logging_mixin.py:104} INFO - [2021-02-13 07:32:36,840] {dag.py:2273} INFO - Setting next_dagrun for example_kubernetes_executor_config to None
[2021-02-13 07:32:36,871] {scheduler_job.py:190} INFO - Processing /home/airflow/.local/lib/python3.6/site-packages/airflow/example_dags/example_kubernetes_executor_config.py took 0.122 seconds
[2021-02-13 07:33:09,778] {scheduler_job.py:182} INFO - Started process (PID=210) to work on /home/airflow/.local/lib/python3.6/site-packages/airflow/example_dags/example_kubernetes_executor_config.py
[2021-02-13 07:33:09,779] {scheduler_job.py:629} INFO - Processing file /home/airflow/.local/lib/python3.6/site-packages/airflow/example_dags/example_kubernetes_executor_config.py for tasks to queue
[2021-02-13 07:33:09,780] {logging_mixin.py:104} INFO - [2021-02-13 07:33:09,780] {dagbag.py:448} INFO - Filling up the DagBag from /home/airflow/.local/lib/python3.6/site-packages/airflow/example_dags/example_kubernetes_executor_config.py
[2021-02-13 07:33:09,797] {scheduler_job.py:639} INFO - DAG(s) dict_keys(['example_kubernetes_executor_config']) retrieved from /home/airflow/.local/lib/python3.6/site-packages/airflow/example_dags/example_kubernetes_executor_config.py
[2021-02-13 07:33:09,830] {logging_mixin.py:104} INFO - [2021-02-13 07:33:09,830] {dag.py:1818} INFO - Sync 1 DAGs
[2021-02-13 07:33:09,853] {logging_mixin.py:104} INFO - [2021-02-13 07:33:09,853] {dag.py:2273} INFO - Setting next_dagrun for example_kubernetes_executor_config to None
[2021-02-13 07:33:09,898] {scheduler_job.py:190} INFO - Processing /home/airflow/.local/lib/python3.6/site-packages/airflow/example_dags/example_kubernetes_executor_config.py took 0.124 seconds
[2021-02-13 07:33:40,955] {scheduler_job.py:182} INFO - Started process (PID=236) to work on /home/airflow/.local/lib/python3.6/site-packages/airflow/example_dags/example_kubernetes_executor_config.py
[2021-02-13 07:33:40,958] {scheduler_job.py:629} INFO - Processing file /home/airflow/.local/lib/python3.6/site-packages/airflow/example_dags/example_kubernetes_executor_config.py for tasks to queue
[2021-02-13 07:33:40,959] {logging_mixin.py:104} INFO - [2021-02-13 07:33:40,958] {dagbag.py:448} INFO - Filling up the DagBag from /home/airflow/.local/lib/python3.6/site-packages/airflow/example_dags/example_kubernetes_executor_config.py
[2021-02-13 07:33:40,985] {scheduler_job.py:639} INFO - DAG(s) dict_keys(['example_kubernetes_executor_config']) retrieved from /home/airflow/.local/lib/python3.6/site-packages/airflow/example_dags/example_kubernetes_executor_config.py
[2021-02-13 07:33:41,028] {logging_mixin.py:104} INFO - [2021-02-13 07:33:41,028] {dag.py:1818} INFO - Sync 1 DAGs
[2021-02-13 07:33:41,074] {logging_mixin.py:104} INFO - [2021-02-13 07:33:41,073] {dag.py:2273} INFO - Setting next_dagrun for example_kubernetes_executor_config to None
[2021-02-13 07:33:41,103] {scheduler_job.py:190} INFO - Processing /home/airflow/.local/lib/python3.6/site-packages/airflow/example_dags/example_kubernetes_executor_config.py took 0.152 seconds
[2021-02-13 07:34:11,252] {scheduler_job.py:182} INFO - Started process (PID=261) to work on /home/airflow/.local/lib/python3.6/site-packages/airflow/example_dags/example_kubernetes_executor_config.py
[2021-02-13 07:34:11,254] {scheduler_job.py:629} INFO - Processing file /home/airflow/.local/lib/python3.6/site-packages/airflow/example_dags/example_kubernetes_executor_config.py for tasks to queue
[2021-02-13 07:34:11,256] {logging_mixin.py:104} INFO - [2021-02-13 07:34:11,255] {dagbag.py:448} INFO - Filling up the DagBag from /home/airflow/.local/lib/python3.6/site-packages/airflow/example_dags/example_kubernetes_executor_config.py
[2021-02-13 07:34:11,281] {scheduler_job.py:639} INFO - DAG(s) dict_keys(['example_kubernetes_executor_config']) retrieved from /home/airflow/.local/lib/python3.6/site-packages/airflow/example_dags/example_kubernetes_executor_config.py
[2021-02-13 07:34:11,319] {logging_mixin.py:104} INFO - [2021-02-13 07:34:11,319] {dag.py:1818} INFO - Sync 1 DAGs
[2021-02-13 07:34:11,344] {logging_mixin.py:104} INFO - [2021-02-13 07:34:11,344] {dag.py:2273} INFO - Setting next_dagrun for example_kubernetes_executor_config to None
[2021-02-13 07:34:11,373] {scheduler_job.py:190} INFO - Processing /home/airflow/.local/lib/python3.6/site-packages/airflow/example_dags/example_kubernetes_executor_config.py took 0.126 seconds
[2021-02-13 07:34:42,281] {scheduler_job.py:182} INFO - Started process (PID=288) to work on /home/airflow/.local/lib/python3.6/site-packages/airflow/example_dags/example_kubernetes_executor_config.py
[2021-02-13 07:34:42,283] {scheduler_job.py:629} INFO - Processing file /home/airflow/.local/lib/python3.6/site-packages/airflow/example_dags/example_kubernetes_executor_config.py for tasks to queue
[2021-02-13 07:34:42,284] {logging_mixin.py:104} INFO - [2021-02-13 07:34:42,284] {dagbag.py:448} INFO - Filling up the DagBag from /home/airflow/.local/lib/python3.6/site-packages/airflow/example_dags/example_kubernetes_executor_config.py
[2021-02-13 07:34:42,304] {scheduler_job.py:639} INFO - DAG(s) dict_keys(['example_kubernetes_executor_config']) retrieved from /home/airflow/.local/lib/python3.6/site-packages/airflow/example_dags/example_kubernetes_executor_config.py
[2021-02-13 07:34:42,338] {logging_mixin.py:104} INFO - [2021-02-13 07:34:42,338] {dag.py:1818} INFO - Sync 1 DAGs
[2021-02-13 07:34:42,370] {logging_mixin.py:104} INFO - [2021-02-13 07:34:42,369] {dag.py:2273} INFO - Setting next_dagrun for example_kubernetes_executor_config to None
[2021-02-13 07:34:42,411] {scheduler_job.py:190} INFO - Processing /home/airflow/.local/lib/python3.6/site-packages/airflow/example_dags/example_kubernetes_executor_config.py took 0.132 seconds
[2021-02-13 07:35:12,797] {scheduler_job.py:182} INFO - Started process (PID=313) to work on /home/airflow/.local/lib/python3.6/site-packages/airflow/example_dags/example_kubernetes_executor_config.py
[2021-02-13 07:35:12,798] {scheduler_job.py:629} INFO - Processing file /home/airflow/.local/lib/python3.6/site-packages/airflow/example_dags/example_kubernetes_executor_config.py for tasks to queue
[2021-02-13 07:35:12,799] {logging_mixin.py:104} INFO - [2021-02-13 07:35:12,799] {dagbag.py:448} INFO - Filling up the DagBag from /home/airflow/.local/lib/python3.6/site-packages/airflow/example_dags/example_kubernetes_executor_config.py
[2021-02-13 07:35:12,820] {scheduler_job.py:639} INFO - DAG(s) dict_keys(['example_kubernetes_executor_config']) retrieved from /home/airflow/.local/lib/python3.6/site-packages/airflow/example_dags/example_kubernetes_executor_config.py
[2021-02-13 07:35:12,848] {logging_mixin.py:104} INFO - [2021-02-13 07:35:12,848] {dag.py:1818} INFO - Sync 1 DAGs
[2021-02-13 07:35:12,865] {logging_mixin.py:104} INFO - [2021-02-13 07:35:12,865] {dag.py:2273} INFO - Setting next_dagrun for example_kubernetes_executor_config to None
[2021-02-13 07:35:12,890] {scheduler_job.py:190} INFO - Processing /home/airflow/.local/lib/python3.6/site-packages/airflow/example_dags/example_kubernetes_executor_config.py took 0.097 seconds
[2021-02-13 07:35:43,658] {scheduler_job.py:182} INFO - Started process (PID=339) to work on /home/airflow/.local/lib/python3.6/site-packages/airflow/example_dags/example_kubernetes_executor_config.py
[2021-02-13 07:35:43,660] {scheduler_job.py:629} INFO - Processing file /home/airflow/.local/lib/python3.6/site-packages/airflow/example_dags/example_kubernetes_executor_config.py for tasks to queue
[2021-02-13 07:35:43,661] {logging_mixin.py:104} INFO - [2021-02-13 07:35:43,661] {dagbag.py:448} INFO - Filling up the DagBag from /home/airflow/.local/lib/python3.6/site-packages/airflow/example_dags/example_kubernetes_executor_config.py
[2021-02-13 07:35:43,681] {scheduler_job.py:639} INFO - DAG(s) dict_keys(['example_kubernetes_executor_config']) retrieved from /home/airflow/.local/lib/python3.6/site-packages/airflow/example_dags/example_kubernetes_executor_config.py
[2021-02-13 07:35:43,708] {logging_mixin.py:104} INFO - [2021-02-13 07:35:43,708] {dag.py:1818} INFO - Sync 1 DAGs
[2021-02-13 07:35:43,731] {logging_mixin.py:104} INFO - [2021-02-13 07:35:43,731] {dag.py:2273} INFO - Setting next_dagrun for example_kubernetes_executor_config to None
[2021-02-13 07:35:43,764] {scheduler_job.py:190} INFO - Processing /home/airflow/.local/lib/python3.6/site-packages/airflow/example_dags/example_kubernetes_executor_config.py took 0.109 seconds
