[2021-02-13 07:29:59,659] {scheduler_job.py:182} INFO - Started process (PID=54) to work on /home/airflow/.local/lib/python3.6/site-packages/airflow/example_dags/example_branch_python_dop_operator_3.py
[2021-02-13 07:29:59,660] {scheduler_job.py:629} INFO - Processing file /home/airflow/.local/lib/python3.6/site-packages/airflow/example_dags/example_branch_python_dop_operator_3.py for tasks to queue
[2021-02-13 07:29:59,661] {logging_mixin.py:104} INFO - [2021-02-13 07:29:59,661] {dagbag.py:448} INFO - Filling up the DagBag from /home/airflow/.local/lib/python3.6/site-packages/airflow/example_dags/example_branch_python_dop_operator_3.py
[2021-02-13 07:29:59,689] {scheduler_job.py:639} INFO - DAG(s) dict_keys(['example_branch_dop_operator_v3']) retrieved from /home/airflow/.local/lib/python3.6/site-packages/airflow/example_dags/example_branch_python_dop_operator_3.py
[2021-02-13 07:29:59,730] {logging_mixin.py:104} INFO - [2021-02-13 07:29:59,730] {dag.py:1818} INFO - Sync 1 DAGs
[2021-02-13 07:29:59,781] {logging_mixin.py:104} INFO - [2021-02-13 07:29:59,781] {dag.py:1837} INFO - Creating ORM DAG for example_branch_dop_operator_v3
[2021-02-13 07:29:59,891] {logging_mixin.py:104} INFO - [2021-02-13 07:29:59,891] {dag.py:2273} INFO - Setting next_dagrun for example_branch_dop_operator_v3 to 2021-02-11 00:00:00+00:00
[2021-02-13 07:29:59,957] {scheduler_job.py:190} INFO - Processing /home/airflow/.local/lib/python3.6/site-packages/airflow/example_dags/example_branch_python_dop_operator_3.py took 0.304 seconds
[2021-02-13 07:30:31,702] {scheduler_job.py:182} INFO - Started process (PID=80) to work on /home/airflow/.local/lib/python3.6/site-packages/airflow/example_dags/example_branch_python_dop_operator_3.py
[2021-02-13 07:30:31,704] {scheduler_job.py:629} INFO - Processing file /home/airflow/.local/lib/python3.6/site-packages/airflow/example_dags/example_branch_python_dop_operator_3.py for tasks to queue
[2021-02-13 07:30:31,705] {logging_mixin.py:104} INFO - [2021-02-13 07:30:31,705] {dagbag.py:448} INFO - Filling up the DagBag from /home/airflow/.local/lib/python3.6/site-packages/airflow/example_dags/example_branch_python_dop_operator_3.py
[2021-02-13 07:30:31,730] {scheduler_job.py:639} INFO - DAG(s) dict_keys(['example_branch_dop_operator_v3']) retrieved from /home/airflow/.local/lib/python3.6/site-packages/airflow/example_dags/example_branch_python_dop_operator_3.py
[2021-02-13 07:30:31,768] {logging_mixin.py:104} INFO - [2021-02-13 07:30:31,768] {dag.py:1818} INFO - Sync 1 DAGs
[2021-02-13 07:30:31,837] {logging_mixin.py:104} INFO - [2021-02-13 07:30:31,836] {dag.py:2273} INFO - Setting next_dagrun for example_branch_dop_operator_v3 to 2021-02-11 00:00:00+00:00
[2021-02-13 07:30:32,081] {scheduler_job.py:190} INFO - Processing /home/airflow/.local/lib/python3.6/site-packages/airflow/example_dags/example_branch_python_dop_operator_3.py took 0.384 seconds
[2021-02-13 07:31:02,814] {scheduler_job.py:182} INFO - Started process (PID=105) to work on /home/airflow/.local/lib/python3.6/site-packages/airflow/example_dags/example_branch_python_dop_operator_3.py
[2021-02-13 07:31:02,816] {scheduler_job.py:629} INFO - Processing file /home/airflow/.local/lib/python3.6/site-packages/airflow/example_dags/example_branch_python_dop_operator_3.py for tasks to queue
[2021-02-13 07:31:02,817] {logging_mixin.py:104} INFO - [2021-02-13 07:31:02,817] {dagbag.py:448} INFO - Filling up the DagBag from /home/airflow/.local/lib/python3.6/site-packages/airflow/example_dags/example_branch_python_dop_operator_3.py
[2021-02-13 07:31:02,839] {scheduler_job.py:639} INFO - DAG(s) dict_keys(['example_branch_dop_operator_v3']) retrieved from /home/airflow/.local/lib/python3.6/site-packages/airflow/example_dags/example_branch_python_dop_operator_3.py
[2021-02-13 07:31:02,864] {logging_mixin.py:104} INFO - [2021-02-13 07:31:02,864] {dag.py:1818} INFO - Sync 1 DAGs
[2021-02-13 07:31:02,905] {logging_mixin.py:104} INFO - [2021-02-13 07:31:02,905] {dag.py:2273} INFO - Setting next_dagrun for example_branch_dop_operator_v3 to 2021-02-11 00:00:00+00:00
[2021-02-13 07:31:02,931] {scheduler_job.py:190} INFO - Processing /home/airflow/.local/lib/python3.6/site-packages/airflow/example_dags/example_branch_python_dop_operator_3.py took 0.119 seconds
[2021-02-13 07:31:32,995] {scheduler_job.py:182} INFO - Started process (PID=129) to work on /home/airflow/.local/lib/python3.6/site-packages/airflow/example_dags/example_branch_python_dop_operator_3.py
[2021-02-13 07:31:32,996] {scheduler_job.py:629} INFO - Processing file /home/airflow/.local/lib/python3.6/site-packages/airflow/example_dags/example_branch_python_dop_operator_3.py for tasks to queue
[2021-02-13 07:31:32,997] {logging_mixin.py:104} INFO - [2021-02-13 07:31:32,997] {dagbag.py:448} INFO - Filling up the DagBag from /home/airflow/.local/lib/python3.6/site-packages/airflow/example_dags/example_branch_python_dop_operator_3.py
[2021-02-13 07:31:33,018] {scheduler_job.py:639} INFO - DAG(s) dict_keys(['example_branch_dop_operator_v3']) retrieved from /home/airflow/.local/lib/python3.6/site-packages/airflow/example_dags/example_branch_python_dop_operator_3.py
[2021-02-13 07:31:33,042] {logging_mixin.py:104} INFO - [2021-02-13 07:31:33,041] {dag.py:1818} INFO - Sync 1 DAGs
[2021-02-13 07:31:33,088] {logging_mixin.py:104} INFO - [2021-02-13 07:31:33,088] {dag.py:2273} INFO - Setting next_dagrun for example_branch_dop_operator_v3 to 2021-02-11 00:00:00+00:00
[2021-02-13 07:31:33,120] {scheduler_job.py:190} INFO - Processing /home/airflow/.local/lib/python3.6/site-packages/airflow/example_dags/example_branch_python_dop_operator_3.py took 0.128 seconds
[2021-02-13 07:32:04,392] {scheduler_job.py:182} INFO - Started process (PID=154) to work on /home/airflow/.local/lib/python3.6/site-packages/airflow/example_dags/example_branch_python_dop_operator_3.py
[2021-02-13 07:32:04,393] {scheduler_job.py:629} INFO - Processing file /home/airflow/.local/lib/python3.6/site-packages/airflow/example_dags/example_branch_python_dop_operator_3.py for tasks to queue
[2021-02-13 07:32:04,394] {logging_mixin.py:104} INFO - [2021-02-13 07:32:04,394] {dagbag.py:448} INFO - Filling up the DagBag from /home/airflow/.local/lib/python3.6/site-packages/airflow/example_dags/example_branch_python_dop_operator_3.py
[2021-02-13 07:32:04,416] {scheduler_job.py:639} INFO - DAG(s) dict_keys(['example_branch_dop_operator_v3']) retrieved from /home/airflow/.local/lib/python3.6/site-packages/airflow/example_dags/example_branch_python_dop_operator_3.py
[2021-02-13 07:32:04,443] {logging_mixin.py:104} INFO - [2021-02-13 07:32:04,443] {dag.py:1818} INFO - Sync 1 DAGs
[2021-02-13 07:32:04,488] {logging_mixin.py:104} INFO - [2021-02-13 07:32:04,488] {dag.py:2273} INFO - Setting next_dagrun for example_branch_dop_operator_v3 to 2021-02-11 00:00:00+00:00
[2021-02-13 07:32:04,518] {scheduler_job.py:190} INFO - Processing /home/airflow/.local/lib/python3.6/site-packages/airflow/example_dags/example_branch_python_dop_operator_3.py took 0.130 seconds
[2021-02-13 07:32:36,465] {scheduler_job.py:182} INFO - Started process (PID=180) to work on /home/airflow/.local/lib/python3.6/site-packages/airflow/example_dags/example_branch_python_dop_operator_3.py
[2021-02-13 07:32:36,467] {scheduler_job.py:629} INFO - Processing file /home/airflow/.local/lib/python3.6/site-packages/airflow/example_dags/example_branch_python_dop_operator_3.py for tasks to queue
[2021-02-13 07:32:36,470] {logging_mixin.py:104} INFO - [2021-02-13 07:32:36,469] {dagbag.py:448} INFO - Filling up the DagBag from /home/airflow/.local/lib/python3.6/site-packages/airflow/example_dags/example_branch_python_dop_operator_3.py
[2021-02-13 07:32:36,502] {scheduler_job.py:639} INFO - DAG(s) dict_keys(['example_branch_dop_operator_v3']) retrieved from /home/airflow/.local/lib/python3.6/site-packages/airflow/example_dags/example_branch_python_dop_operator_3.py
[2021-02-13 07:32:36,546] {logging_mixin.py:104} INFO - [2021-02-13 07:32:36,546] {dag.py:1818} INFO - Sync 1 DAGs
[2021-02-13 07:32:36,626] {logging_mixin.py:104} INFO - [2021-02-13 07:32:36,626] {dag.py:2273} INFO - Setting next_dagrun for example_branch_dop_operator_v3 to 2021-02-11 00:00:00+00:00
[2021-02-13 07:32:36,709] {scheduler_job.py:190} INFO - Processing /home/airflow/.local/lib/python3.6/site-packages/airflow/example_dags/example_branch_python_dop_operator_3.py took 0.248 seconds
[2021-02-13 07:33:09,427] {scheduler_job.py:182} INFO - Started process (PID=207) to work on /home/airflow/.local/lib/python3.6/site-packages/airflow/example_dags/example_branch_python_dop_operator_3.py
[2021-02-13 07:33:09,428] {scheduler_job.py:629} INFO - Processing file /home/airflow/.local/lib/python3.6/site-packages/airflow/example_dags/example_branch_python_dop_operator_3.py for tasks to queue
[2021-02-13 07:33:09,429] {logging_mixin.py:104} INFO - [2021-02-13 07:33:09,429] {dagbag.py:448} INFO - Filling up the DagBag from /home/airflow/.local/lib/python3.6/site-packages/airflow/example_dags/example_branch_python_dop_operator_3.py
[2021-02-13 07:33:09,446] {scheduler_job.py:639} INFO - DAG(s) dict_keys(['example_branch_dop_operator_v3']) retrieved from /home/airflow/.local/lib/python3.6/site-packages/airflow/example_dags/example_branch_python_dop_operator_3.py
[2021-02-13 07:33:09,469] {logging_mixin.py:104} INFO - [2021-02-13 07:33:09,469] {dag.py:1818} INFO - Sync 1 DAGs
[2021-02-13 07:33:09,508] {logging_mixin.py:104} INFO - [2021-02-13 07:33:09,508] {dag.py:2273} INFO - Setting next_dagrun for example_branch_dop_operator_v3 to 2021-02-11 00:00:00+00:00
[2021-02-13 07:33:09,616] {scheduler_job.py:190} INFO - Processing /home/airflow/.local/lib/python3.6/site-packages/airflow/example_dags/example_branch_python_dop_operator_3.py took 0.192 seconds
[2021-02-13 07:33:40,783] {scheduler_job.py:182} INFO - Started process (PID=233) to work on /home/airflow/.local/lib/python3.6/site-packages/airflow/example_dags/example_branch_python_dop_operator_3.py
[2021-02-13 07:33:40,784] {scheduler_job.py:629} INFO - Processing file /home/airflow/.local/lib/python3.6/site-packages/airflow/example_dags/example_branch_python_dop_operator_3.py for tasks to queue
[2021-02-13 07:33:40,785] {logging_mixin.py:104} INFO - [2021-02-13 07:33:40,784] {dagbag.py:448} INFO - Filling up the DagBag from /home/airflow/.local/lib/python3.6/site-packages/airflow/example_dags/example_branch_python_dop_operator_3.py
[2021-02-13 07:33:40,803] {scheduler_job.py:639} INFO - DAG(s) dict_keys(['example_branch_dop_operator_v3']) retrieved from /home/airflow/.local/lib/python3.6/site-packages/airflow/example_dags/example_branch_python_dop_operator_3.py
[2021-02-13 07:33:40,829] {logging_mixin.py:104} INFO - [2021-02-13 07:33:40,829] {dag.py:1818} INFO - Sync 1 DAGs
[2021-02-13 07:33:40,882] {logging_mixin.py:104} INFO - [2021-02-13 07:33:40,882] {dag.py:2273} INFO - Setting next_dagrun for example_branch_dop_operator_v3 to 2021-02-11 00:00:00+00:00
[2021-02-13 07:33:40,915] {scheduler_job.py:190} INFO - Processing /home/airflow/.local/lib/python3.6/site-packages/airflow/example_dags/example_branch_python_dop_operator_3.py took 0.135 seconds
[2021-02-13 07:34:11,112] {scheduler_job.py:182} INFO - Started process (PID=259) to work on /home/airflow/.local/lib/python3.6/site-packages/airflow/example_dags/example_branch_python_dop_operator_3.py
[2021-02-13 07:34:11,114] {scheduler_job.py:629} INFO - Processing file /home/airflow/.local/lib/python3.6/site-packages/airflow/example_dags/example_branch_python_dop_operator_3.py for tasks to queue
[2021-02-13 07:34:11,114] {logging_mixin.py:104} INFO - [2021-02-13 07:34:11,114] {dagbag.py:448} INFO - Filling up the DagBag from /home/airflow/.local/lib/python3.6/site-packages/airflow/example_dags/example_branch_python_dop_operator_3.py
[2021-02-13 07:34:11,138] {scheduler_job.py:639} INFO - DAG(s) dict_keys(['example_branch_dop_operator_v3']) retrieved from /home/airflow/.local/lib/python3.6/site-packages/airflow/example_dags/example_branch_python_dop_operator_3.py
[2021-02-13 07:34:11,170] {logging_mixin.py:104} INFO - [2021-02-13 07:34:11,169] {dag.py:1818} INFO - Sync 1 DAGs
[2021-02-13 07:34:11,219] {logging_mixin.py:104} INFO - [2021-02-13 07:34:11,219] {dag.py:2273} INFO - Setting next_dagrun for example_branch_dop_operator_v3 to 2021-02-11 00:00:00+00:00
[2021-02-13 07:34:11,262] {scheduler_job.py:190} INFO - Processing /home/airflow/.local/lib/python3.6/site-packages/airflow/example_dags/example_branch_python_dop_operator_3.py took 0.154 seconds
[2021-02-13 07:34:42,034] {scheduler_job.py:182} INFO - Started process (PID=285) to work on /home/airflow/.local/lib/python3.6/site-packages/airflow/example_dags/example_branch_python_dop_operator_3.py
[2021-02-13 07:34:42,036] {scheduler_job.py:629} INFO - Processing file /home/airflow/.local/lib/python3.6/site-packages/airflow/example_dags/example_branch_python_dop_operator_3.py for tasks to queue
[2021-02-13 07:34:42,037] {logging_mixin.py:104} INFO - [2021-02-13 07:34:42,036] {dagbag.py:448} INFO - Filling up the DagBag from /home/airflow/.local/lib/python3.6/site-packages/airflow/example_dags/example_branch_python_dop_operator_3.py
[2021-02-13 07:34:42,059] {scheduler_job.py:639} INFO - DAG(s) dict_keys(['example_branch_dop_operator_v3']) retrieved from /home/airflow/.local/lib/python3.6/site-packages/airflow/example_dags/example_branch_python_dop_operator_3.py
[2021-02-13 07:34:42,084] {logging_mixin.py:104} INFO - [2021-02-13 07:34:42,084] {dag.py:1818} INFO - Sync 1 DAGs
[2021-02-13 07:34:42,127] {logging_mixin.py:104} INFO - [2021-02-13 07:34:42,127] {dag.py:2273} INFO - Setting next_dagrun for example_branch_dop_operator_v3 to 2021-02-11 00:00:00+00:00
[2021-02-13 07:34:42,156] {scheduler_job.py:190} INFO - Processing /home/airflow/.local/lib/python3.6/site-packages/airflow/example_dags/example_branch_python_dop_operator_3.py took 0.126 seconds
[2021-02-13 07:35:12,583] {scheduler_job.py:182} INFO - Started process (PID=310) to work on /home/airflow/.local/lib/python3.6/site-packages/airflow/example_dags/example_branch_python_dop_operator_3.py
[2021-02-13 07:35:12,585] {scheduler_job.py:629} INFO - Processing file /home/airflow/.local/lib/python3.6/site-packages/airflow/example_dags/example_branch_python_dop_operator_3.py for tasks to queue
[2021-02-13 07:35:12,586] {logging_mixin.py:104} INFO - [2021-02-13 07:35:12,586] {dagbag.py:448} INFO - Filling up the DagBag from /home/airflow/.local/lib/python3.6/site-packages/airflow/example_dags/example_branch_python_dop_operator_3.py
[2021-02-13 07:35:12,606] {scheduler_job.py:639} INFO - DAG(s) dict_keys(['example_branch_dop_operator_v3']) retrieved from /home/airflow/.local/lib/python3.6/site-packages/airflow/example_dags/example_branch_python_dop_operator_3.py
[2021-02-13 07:35:12,630] {logging_mixin.py:104} INFO - [2021-02-13 07:35:12,630] {dag.py:1818} INFO - Sync 1 DAGs
[2021-02-13 07:35:12,672] {logging_mixin.py:104} INFO - [2021-02-13 07:35:12,672] {dag.py:2273} INFO - Setting next_dagrun for example_branch_dop_operator_v3 to 2021-02-11 00:00:00+00:00
[2021-02-13 07:35:12,698] {scheduler_job.py:190} INFO - Processing /home/airflow/.local/lib/python3.6/site-packages/airflow/example_dags/example_branch_python_dop_operator_3.py took 0.119 seconds
[2021-02-13 07:35:43,323] {scheduler_job.py:182} INFO - Started process (PID=334) to work on /home/airflow/.local/lib/python3.6/site-packages/airflow/example_dags/example_branch_python_dop_operator_3.py
[2021-02-13 07:35:43,324] {scheduler_job.py:629} INFO - Processing file /home/airflow/.local/lib/python3.6/site-packages/airflow/example_dags/example_branch_python_dop_operator_3.py for tasks to queue
[2021-02-13 07:35:43,325] {logging_mixin.py:104} INFO - [2021-02-13 07:35:43,325] {dagbag.py:448} INFO - Filling up the DagBag from /home/airflow/.local/lib/python3.6/site-packages/airflow/example_dags/example_branch_python_dop_operator_3.py
[2021-02-13 07:35:43,346] {scheduler_job.py:639} INFO - DAG(s) dict_keys(['example_branch_dop_operator_v3']) retrieved from /home/airflow/.local/lib/python3.6/site-packages/airflow/example_dags/example_branch_python_dop_operator_3.py
[2021-02-13 07:35:43,371] {logging_mixin.py:104} INFO - [2021-02-13 07:35:43,371] {dag.py:1818} INFO - Sync 1 DAGs
[2021-02-13 07:35:43,412] {logging_mixin.py:104} INFO - [2021-02-13 07:35:43,412] {dag.py:2273} INFO - Setting next_dagrun for example_branch_dop_operator_v3 to 2021-02-11 00:00:00+00:00
[2021-02-13 07:35:43,438] {scheduler_job.py:190} INFO - Processing /home/airflow/.local/lib/python3.6/site-packages/airflow/example_dags/example_branch_python_dop_operator_3.py took 0.119 seconds
