[2021-02-13 07:29:57,915] {scheduler_job.py:182} INFO - Started process (PID=42) to work on /home/airflow/.local/lib/python3.6/site-packages/airflow/example_dags/example_skip_dag.py
[2021-02-13 07:29:57,919] {scheduler_job.py:629} INFO - Processing file /home/airflow/.local/lib/python3.6/site-packages/airflow/example_dags/example_skip_dag.py for tasks to queue
[2021-02-13 07:29:57,923] {logging_mixin.py:104} INFO - [2021-02-13 07:29:57,923] {dagbag.py:448} INFO - Filling up the DagBag from /home/airflow/.local/lib/python3.6/site-packages/airflow/example_dags/example_skip_dag.py
[2021-02-13 07:29:57,945] {scheduler_job.py:639} INFO - DAG(s) dict_keys(['example_skip_dag']) retrieved from /home/airflow/.local/lib/python3.6/site-packages/airflow/example_dags/example_skip_dag.py
[2021-02-13 07:29:57,987] {logging_mixin.py:104} INFO - [2021-02-13 07:29:57,987] {dag.py:1818} INFO - Sync 1 DAGs
[2021-02-13 07:29:58,008] {logging_mixin.py:104} INFO - [2021-02-13 07:29:58,007] {dag.py:1837} INFO - Creating ORM DAG for example_skip_dag
[2021-02-13 07:29:58,022] {logging_mixin.py:104} INFO - [2021-02-13 07:29:58,022] {dag.py:2273} INFO - Setting next_dagrun for example_skip_dag to 2021-02-11 00:00:00+00:00
[2021-02-13 07:29:58,076] {scheduler_job.py:190} INFO - Processing /home/airflow/.local/lib/python3.6/site-packages/airflow/example_dags/example_skip_dag.py took 0.166 seconds
[2021-02-13 07:30:30,698] {scheduler_job.py:182} INFO - Started process (PID=73) to work on /home/airflow/.local/lib/python3.6/site-packages/airflow/example_dags/example_skip_dag.py
[2021-02-13 07:30:30,700] {scheduler_job.py:629} INFO - Processing file /home/airflow/.local/lib/python3.6/site-packages/airflow/example_dags/example_skip_dag.py for tasks to queue
[2021-02-13 07:30:30,701] {logging_mixin.py:104} INFO - [2021-02-13 07:30:30,700] {dagbag.py:448} INFO - Filling up the DagBag from /home/airflow/.local/lib/python3.6/site-packages/airflow/example_dags/example_skip_dag.py
[2021-02-13 07:30:30,719] {scheduler_job.py:639} INFO - DAG(s) dict_keys(['example_skip_dag']) retrieved from /home/airflow/.local/lib/python3.6/site-packages/airflow/example_dags/example_skip_dag.py
[2021-02-13 07:30:30,752] {logging_mixin.py:104} INFO - [2021-02-13 07:30:30,752] {dag.py:1818} INFO - Sync 1 DAGs
[2021-02-13 07:30:30,777] {logging_mixin.py:104} INFO - [2021-02-13 07:30:30,777] {dag.py:2273} INFO - Setting next_dagrun for example_skip_dag to 2021-02-11 00:00:00+00:00
[2021-02-13 07:30:30,936] {scheduler_job.py:190} INFO - Processing /home/airflow/.local/lib/python3.6/site-packages/airflow/example_dags/example_skip_dag.py took 0.243 seconds
[2021-02-13 07:31:02,170] {scheduler_job.py:182} INFO - Started process (PID=99) to work on /home/airflow/.local/lib/python3.6/site-packages/airflow/example_dags/example_skip_dag.py
[2021-02-13 07:31:02,172] {scheduler_job.py:629} INFO - Processing file /home/airflow/.local/lib/python3.6/site-packages/airflow/example_dags/example_skip_dag.py for tasks to queue
[2021-02-13 07:31:02,173] {logging_mixin.py:104} INFO - [2021-02-13 07:31:02,172] {dagbag.py:448} INFO - Filling up the DagBag from /home/airflow/.local/lib/python3.6/site-packages/airflow/example_dags/example_skip_dag.py
[2021-02-13 07:31:02,186] {scheduler_job.py:639} INFO - DAG(s) dict_keys(['example_skip_dag']) retrieved from /home/airflow/.local/lib/python3.6/site-packages/airflow/example_dags/example_skip_dag.py
[2021-02-13 07:31:02,208] {logging_mixin.py:104} INFO - [2021-02-13 07:31:02,207] {dag.py:1818} INFO - Sync 1 DAGs
[2021-02-13 07:31:02,224] {logging_mixin.py:104} INFO - [2021-02-13 07:31:02,224] {dag.py:2273} INFO - Setting next_dagrun for example_skip_dag to 2021-02-11 00:00:00+00:00
[2021-02-13 07:31:02,421] {scheduler_job.py:190} INFO - Processing /home/airflow/.local/lib/python3.6/site-packages/airflow/example_dags/example_skip_dag.py took 0.254 seconds
[2021-02-13 07:31:32,873] {scheduler_job.py:182} INFO - Started process (PID=127) to work on /home/airflow/.local/lib/python3.6/site-packages/airflow/example_dags/example_skip_dag.py
[2021-02-13 07:31:32,874] {scheduler_job.py:629} INFO - Processing file /home/airflow/.local/lib/python3.6/site-packages/airflow/example_dags/example_skip_dag.py for tasks to queue
[2021-02-13 07:31:32,875] {logging_mixin.py:104} INFO - [2021-02-13 07:31:32,875] {dagbag.py:448} INFO - Filling up the DagBag from /home/airflow/.local/lib/python3.6/site-packages/airflow/example_dags/example_skip_dag.py
[2021-02-13 07:31:32,892] {scheduler_job.py:639} INFO - DAG(s) dict_keys(['example_skip_dag']) retrieved from /home/airflow/.local/lib/python3.6/site-packages/airflow/example_dags/example_skip_dag.py
[2021-02-13 07:31:32,922] {logging_mixin.py:104} INFO - [2021-02-13 07:31:32,922] {dag.py:1818} INFO - Sync 1 DAGs
[2021-02-13 07:31:32,947] {logging_mixin.py:104} INFO - [2021-02-13 07:31:32,947] {dag.py:2273} INFO - Setting next_dagrun for example_skip_dag to 2021-02-11 00:00:00+00:00
[2021-02-13 07:31:32,977] {scheduler_job.py:190} INFO - Processing /home/airflow/.local/lib/python3.6/site-packages/airflow/example_dags/example_skip_dag.py took 0.109 seconds
[2021-02-13 07:32:04,534] {scheduler_job.py:182} INFO - Started process (PID=156) to work on /home/airflow/.local/lib/python3.6/site-packages/airflow/example_dags/example_skip_dag.py
[2021-02-13 07:32:04,535] {scheduler_job.py:629} INFO - Processing file /home/airflow/.local/lib/python3.6/site-packages/airflow/example_dags/example_skip_dag.py for tasks to queue
[2021-02-13 07:32:04,536] {logging_mixin.py:104} INFO - [2021-02-13 07:32:04,536] {dagbag.py:448} INFO - Filling up the DagBag from /home/airflow/.local/lib/python3.6/site-packages/airflow/example_dags/example_skip_dag.py
[2021-02-13 07:32:04,551] {scheduler_job.py:639} INFO - DAG(s) dict_keys(['example_skip_dag']) retrieved from /home/airflow/.local/lib/python3.6/site-packages/airflow/example_dags/example_skip_dag.py
[2021-02-13 07:32:04,583] {logging_mixin.py:104} INFO - [2021-02-13 07:32:04,583] {dag.py:1818} INFO - Sync 1 DAGs
[2021-02-13 07:32:04,609] {logging_mixin.py:104} INFO - [2021-02-13 07:32:04,609] {dag.py:2273} INFO - Setting next_dagrun for example_skip_dag to 2021-02-11 00:00:00+00:00
[2021-02-13 07:32:04,640] {scheduler_job.py:190} INFO - Processing /home/airflow/.local/lib/python3.6/site-packages/airflow/example_dags/example_skip_dag.py took 0.109 seconds
[2021-02-13 07:32:36,731] {scheduler_job.py:182} INFO - Started process (PID=182) to work on /home/airflow/.local/lib/python3.6/site-packages/airflow/example_dags/example_skip_dag.py
[2021-02-13 07:32:36,733] {scheduler_job.py:629} INFO - Processing file /home/airflow/.local/lib/python3.6/site-packages/airflow/example_dags/example_skip_dag.py for tasks to queue
[2021-02-13 07:32:36,735] {logging_mixin.py:104} INFO - [2021-02-13 07:32:36,734] {dagbag.py:448} INFO - Filling up the DagBag from /home/airflow/.local/lib/python3.6/site-packages/airflow/example_dags/example_skip_dag.py
[2021-02-13 07:32:36,750] {scheduler_job.py:639} INFO - DAG(s) dict_keys(['example_skip_dag']) retrieved from /home/airflow/.local/lib/python3.6/site-packages/airflow/example_dags/example_skip_dag.py
[2021-02-13 07:32:36,787] {logging_mixin.py:104} INFO - [2021-02-13 07:32:36,786] {dag.py:1818} INFO - Sync 1 DAGs
[2021-02-13 07:32:36,811] {logging_mixin.py:104} INFO - [2021-02-13 07:32:36,810] {dag.py:2273} INFO - Setting next_dagrun for example_skip_dag to 2021-02-11 00:00:00+00:00
[2021-02-13 07:32:36,854] {scheduler_job.py:190} INFO - Processing /home/airflow/.local/lib/python3.6/site-packages/airflow/example_dags/example_skip_dag.py took 0.127 seconds
[2021-02-13 07:33:09,719] {scheduler_job.py:182} INFO - Started process (PID=209) to work on /home/airflow/.local/lib/python3.6/site-packages/airflow/example_dags/example_skip_dag.py
[2021-02-13 07:33:09,721] {scheduler_job.py:629} INFO - Processing file /home/airflow/.local/lib/python3.6/site-packages/airflow/example_dags/example_skip_dag.py for tasks to queue
[2021-02-13 07:33:09,721] {logging_mixin.py:104} INFO - [2021-02-13 07:33:09,721] {dagbag.py:448} INFO - Filling up the DagBag from /home/airflow/.local/lib/python3.6/site-packages/airflow/example_dags/example_skip_dag.py
[2021-02-13 07:33:09,737] {scheduler_job.py:639} INFO - DAG(s) dict_keys(['example_skip_dag']) retrieved from /home/airflow/.local/lib/python3.6/site-packages/airflow/example_dags/example_skip_dag.py
[2021-02-13 07:33:09,765] {logging_mixin.py:104} INFO - [2021-02-13 07:33:09,764] {dag.py:1818} INFO - Sync 1 DAGs
[2021-02-13 07:33:09,789] {logging_mixin.py:104} INFO - [2021-02-13 07:33:09,789] {dag.py:2273} INFO - Setting next_dagrun for example_skip_dag to 2021-02-11 00:00:00+00:00
[2021-02-13 07:33:09,813] {scheduler_job.py:190} INFO - Processing /home/airflow/.local/lib/python3.6/site-packages/airflow/example_dags/example_skip_dag.py took 0.099 seconds
[2021-02-13 07:33:40,938] {scheduler_job.py:182} INFO - Started process (PID=235) to work on /home/airflow/.local/lib/python3.6/site-packages/airflow/example_dags/example_skip_dag.py
[2021-02-13 07:33:40,939] {scheduler_job.py:629} INFO - Processing file /home/airflow/.local/lib/python3.6/site-packages/airflow/example_dags/example_skip_dag.py for tasks to queue
[2021-02-13 07:33:40,940] {logging_mixin.py:104} INFO - [2021-02-13 07:33:40,940] {dagbag.py:448} INFO - Filling up the DagBag from /home/airflow/.local/lib/python3.6/site-packages/airflow/example_dags/example_skip_dag.py
[2021-02-13 07:33:40,957] {scheduler_job.py:639} INFO - DAG(s) dict_keys(['example_skip_dag']) retrieved from /home/airflow/.local/lib/python3.6/site-packages/airflow/example_dags/example_skip_dag.py
[2021-02-13 07:33:40,996] {logging_mixin.py:104} INFO - [2021-02-13 07:33:40,996] {dag.py:1818} INFO - Sync 1 DAGs
[2021-02-13 07:33:41,033] {logging_mixin.py:104} INFO - [2021-02-13 07:33:41,033] {dag.py:2273} INFO - Setting next_dagrun for example_skip_dag to 2021-02-11 00:00:00+00:00
[2021-02-13 07:33:41,080] {scheduler_job.py:190} INFO - Processing /home/airflow/.local/lib/python3.6/site-packages/airflow/example_dags/example_skip_dag.py took 0.148 seconds
[2021-02-13 07:34:11,283] {scheduler_job.py:182} INFO - Started process (PID=262) to work on /home/airflow/.local/lib/python3.6/site-packages/airflow/example_dags/example_skip_dag.py
[2021-02-13 07:34:11,285] {scheduler_job.py:629} INFO - Processing file /home/airflow/.local/lib/python3.6/site-packages/airflow/example_dags/example_skip_dag.py for tasks to queue
[2021-02-13 07:34:11,287] {logging_mixin.py:104} INFO - [2021-02-13 07:34:11,286] {dagbag.py:448} INFO - Filling up the DagBag from /home/airflow/.local/lib/python3.6/site-packages/airflow/example_dags/example_skip_dag.py
[2021-02-13 07:34:11,306] {scheduler_job.py:639} INFO - DAG(s) dict_keys(['example_skip_dag']) retrieved from /home/airflow/.local/lib/python3.6/site-packages/airflow/example_dags/example_skip_dag.py
[2021-02-13 07:34:11,340] {logging_mixin.py:104} INFO - [2021-02-13 07:34:11,340] {dag.py:1818} INFO - Sync 1 DAGs
[2021-02-13 07:34:11,362] {logging_mixin.py:104} INFO - [2021-02-13 07:34:11,362] {dag.py:2273} INFO - Setting next_dagrun for example_skip_dag to 2021-02-11 00:00:00+00:00
[2021-02-13 07:34:11,391] {scheduler_job.py:190} INFO - Processing /home/airflow/.local/lib/python3.6/site-packages/airflow/example_dags/example_skip_dag.py took 0.111 seconds
[2021-02-13 07:34:42,193] {scheduler_job.py:182} INFO - Started process (PID=287) to work on /home/airflow/.local/lib/python3.6/site-packages/airflow/example_dags/example_skip_dag.py
[2021-02-13 07:34:42,194] {scheduler_job.py:629} INFO - Processing file /home/airflow/.local/lib/python3.6/site-packages/airflow/example_dags/example_skip_dag.py for tasks to queue
[2021-02-13 07:34:42,195] {logging_mixin.py:104} INFO - [2021-02-13 07:34:42,195] {dagbag.py:448} INFO - Filling up the DagBag from /home/airflow/.local/lib/python3.6/site-packages/airflow/example_dags/example_skip_dag.py
[2021-02-13 07:34:42,213] {scheduler_job.py:639} INFO - DAG(s) dict_keys(['example_skip_dag']) retrieved from /home/airflow/.local/lib/python3.6/site-packages/airflow/example_dags/example_skip_dag.py
[2021-02-13 07:34:42,240] {logging_mixin.py:104} INFO - [2021-02-13 07:34:42,240] {dag.py:1818} INFO - Sync 1 DAGs
[2021-02-13 07:34:42,259] {logging_mixin.py:104} INFO - [2021-02-13 07:34:42,259] {dag.py:2273} INFO - Setting next_dagrun for example_skip_dag to 2021-02-11 00:00:00+00:00
[2021-02-13 07:34:42,283] {scheduler_job.py:190} INFO - Processing /home/airflow/.local/lib/python3.6/site-packages/airflow/example_dags/example_skip_dag.py took 0.094 seconds
[2021-02-13 07:35:12,716] {scheduler_job.py:182} INFO - Started process (PID=312) to work on /home/airflow/.local/lib/python3.6/site-packages/airflow/example_dags/example_skip_dag.py
[2021-02-13 07:35:12,717] {scheduler_job.py:629} INFO - Processing file /home/airflow/.local/lib/python3.6/site-packages/airflow/example_dags/example_skip_dag.py for tasks to queue
[2021-02-13 07:35:12,718] {logging_mixin.py:104} INFO - [2021-02-13 07:35:12,718] {dagbag.py:448} INFO - Filling up the DagBag from /home/airflow/.local/lib/python3.6/site-packages/airflow/example_dags/example_skip_dag.py
[2021-02-13 07:35:12,735] {scheduler_job.py:639} INFO - DAG(s) dict_keys(['example_skip_dag']) retrieved from /home/airflow/.local/lib/python3.6/site-packages/airflow/example_dags/example_skip_dag.py
[2021-02-13 07:35:12,761] {logging_mixin.py:104} INFO - [2021-02-13 07:35:12,760] {dag.py:1818} INFO - Sync 1 DAGs
[2021-02-13 07:35:12,782] {logging_mixin.py:104} INFO - [2021-02-13 07:35:12,782] {dag.py:2273} INFO - Setting next_dagrun for example_skip_dag to 2021-02-11 00:00:00+00:00
[2021-02-13 07:35:12,808] {scheduler_job.py:190} INFO - Processing /home/airflow/.local/lib/python3.6/site-packages/airflow/example_dags/example_skip_dag.py took 0.096 seconds
[2021-02-13 07:35:43,455] {scheduler_job.py:182} INFO - Started process (PID=336) to work on /home/airflow/.local/lib/python3.6/site-packages/airflow/example_dags/example_skip_dag.py
[2021-02-13 07:35:43,457] {scheduler_job.py:629} INFO - Processing file /home/airflow/.local/lib/python3.6/site-packages/airflow/example_dags/example_skip_dag.py for tasks to queue
[2021-02-13 07:35:43,457] {logging_mixin.py:104} INFO - [2021-02-13 07:35:43,457] {dagbag.py:448} INFO - Filling up the DagBag from /home/airflow/.local/lib/python3.6/site-packages/airflow/example_dags/example_skip_dag.py
[2021-02-13 07:35:43,473] {scheduler_job.py:639} INFO - DAG(s) dict_keys(['example_skip_dag']) retrieved from /home/airflow/.local/lib/python3.6/site-packages/airflow/example_dags/example_skip_dag.py
[2021-02-13 07:35:43,497] {logging_mixin.py:104} INFO - [2021-02-13 07:35:43,497] {dag.py:1818} INFO - Sync 1 DAGs
[2021-02-13 07:35:43,521] {logging_mixin.py:104} INFO - [2021-02-13 07:35:43,521] {dag.py:2273} INFO - Setting next_dagrun for example_skip_dag to 2021-02-11 00:00:00+00:00
[2021-02-13 07:35:43,549] {scheduler_job.py:190} INFO - Processing /home/airflow/.local/lib/python3.6/site-packages/airflow/example_dags/example_skip_dag.py took 0.098 seconds
