[2021-02-13 07:29:58,351] {scheduler_job.py:182} INFO - Started process (PID=45) to work on /home/airflow/.local/lib/python3.6/site-packages/airflow/example_dags/example_xcomargs.py
[2021-02-13 07:29:58,357] {scheduler_job.py:629} INFO - Processing file /home/airflow/.local/lib/python3.6/site-packages/airflow/example_dags/example_xcomargs.py for tasks to queue
[2021-02-13 07:29:58,358] {logging_mixin.py:104} INFO - [2021-02-13 07:29:58,358] {dagbag.py:448} INFO - Filling up the DagBag from /home/airflow/.local/lib/python3.6/site-packages/airflow/example_dags/example_xcomargs.py
[2021-02-13 07:29:58,390] {scheduler_job.py:639} INFO - DAG(s) dict_keys(['example_xcom_args', 'example_xcom_args_with_operators']) retrieved from /home/airflow/.local/lib/python3.6/site-packages/airflow/example_dags/example_xcomargs.py
[2021-02-13 07:29:58,488] {logging_mixin.py:104} INFO - [2021-02-13 07:29:58,487] {dag.py:1818} INFO - Sync 2 DAGs
[2021-02-13 07:29:58,511] {logging_mixin.py:104} INFO - [2021-02-13 07:29:58,511] {dag.py:1837} INFO - Creating ORM DAG for example_xcom_args
[2021-02-13 07:29:58,512] {logging_mixin.py:104} INFO - [2021-02-13 07:29:58,512] {dag.py:1837} INFO - Creating ORM DAG for example_xcom_args_with_operators
[2021-02-13 07:29:58,529] {logging_mixin.py:104} INFO - [2021-02-13 07:29:58,529] {dag.py:2273} INFO - Setting next_dagrun for example_xcom_args to None
[2021-02-13 07:29:58,530] {logging_mixin.py:104} INFO - [2021-02-13 07:29:58,530] {dag.py:2273} INFO - Setting next_dagrun for example_xcom_args_with_operators to None
[2021-02-13 07:29:58,620] {scheduler_job.py:190} INFO - Processing /home/airflow/.local/lib/python3.6/site-packages/airflow/example_dags/example_xcomargs.py took 0.284 seconds
[2021-02-13 07:30:31,109] {scheduler_job.py:182} INFO - Started process (PID=76) to work on /home/airflow/.local/lib/python3.6/site-packages/airflow/example_dags/example_xcomargs.py
[2021-02-13 07:30:31,111] {scheduler_job.py:629} INFO - Processing file /home/airflow/.local/lib/python3.6/site-packages/airflow/example_dags/example_xcomargs.py for tasks to queue
[2021-02-13 07:30:31,111] {logging_mixin.py:104} INFO - [2021-02-13 07:30:31,111] {dagbag.py:448} INFO - Filling up the DagBag from /home/airflow/.local/lib/python3.6/site-packages/airflow/example_dags/example_xcomargs.py
[2021-02-13 07:30:31,136] {scheduler_job.py:639} INFO - DAG(s) dict_keys(['example_xcom_args', 'example_xcom_args_with_operators']) retrieved from /home/airflow/.local/lib/python3.6/site-packages/airflow/example_dags/example_xcomargs.py
[2021-02-13 07:30:31,185] {logging_mixin.py:104} INFO - [2021-02-13 07:30:31,185] {dag.py:1818} INFO - Sync 2 DAGs
[2021-02-13 07:30:31,215] {logging_mixin.py:104} INFO - [2021-02-13 07:30:31,215] {dag.py:2273} INFO - Setting next_dagrun for example_xcom_args to None
[2021-02-13 07:30:31,217] {logging_mixin.py:104} INFO - [2021-02-13 07:30:31,216] {dag.py:2273} INFO - Setting next_dagrun for example_xcom_args_with_operators to None
[2021-02-13 07:30:31,360] {scheduler_job.py:190} INFO - Processing /home/airflow/.local/lib/python3.6/site-packages/airflow/example_dags/example_xcomargs.py took 0.256 seconds
[2021-02-13 07:31:02,604] {scheduler_job.py:182} INFO - Started process (PID=102) to work on /home/airflow/.local/lib/python3.6/site-packages/airflow/example_dags/example_xcomargs.py
[2021-02-13 07:31:02,606] {scheduler_job.py:629} INFO - Processing file /home/airflow/.local/lib/python3.6/site-packages/airflow/example_dags/example_xcomargs.py for tasks to queue
[2021-02-13 07:31:02,607] {logging_mixin.py:104} INFO - [2021-02-13 07:31:02,606] {dagbag.py:448} INFO - Filling up the DagBag from /home/airflow/.local/lib/python3.6/site-packages/airflow/example_dags/example_xcomargs.py
[2021-02-13 07:31:02,647] {scheduler_job.py:639} INFO - DAG(s) dict_keys(['example_xcom_args', 'example_xcom_args_with_operators']) retrieved from /home/airflow/.local/lib/python3.6/site-packages/airflow/example_dags/example_xcomargs.py
[2021-02-13 07:31:02,706] {logging_mixin.py:104} INFO - [2021-02-13 07:31:02,706] {dag.py:1818} INFO - Sync 2 DAGs
[2021-02-13 07:31:02,729] {logging_mixin.py:104} INFO - [2021-02-13 07:31:02,729] {dag.py:2273} INFO - Setting next_dagrun for example_xcom_args to None
[2021-02-13 07:31:02,731] {logging_mixin.py:104} INFO - [2021-02-13 07:31:02,731] {dag.py:2273} INFO - Setting next_dagrun for example_xcom_args_with_operators to None
[2021-02-13 07:31:02,796] {scheduler_job.py:190} INFO - Processing /home/airflow/.local/lib/python3.6/site-packages/airflow/example_dags/example_xcomargs.py took 0.197 seconds
[2021-02-13 07:31:33,078] {scheduler_job.py:182} INFO - Started process (PID=130) to work on /home/airflow/.local/lib/python3.6/site-packages/airflow/example_dags/example_xcomargs.py
[2021-02-13 07:31:33,079] {scheduler_job.py:629} INFO - Processing file /home/airflow/.local/lib/python3.6/site-packages/airflow/example_dags/example_xcomargs.py for tasks to queue
[2021-02-13 07:31:33,080] {logging_mixin.py:104} INFO - [2021-02-13 07:31:33,080] {dagbag.py:448} INFO - Filling up the DagBag from /home/airflow/.local/lib/python3.6/site-packages/airflow/example_dags/example_xcomargs.py
[2021-02-13 07:31:33,098] {scheduler_job.py:639} INFO - DAG(s) dict_keys(['example_xcom_args', 'example_xcom_args_with_operators']) retrieved from /home/airflow/.local/lib/python3.6/site-packages/airflow/example_dags/example_xcomargs.py
[2021-02-13 07:31:33,129] {logging_mixin.py:104} INFO - [2021-02-13 07:31:33,129] {dag.py:1818} INFO - Sync 2 DAGs
[2021-02-13 07:31:33,151] {logging_mixin.py:104} INFO - [2021-02-13 07:31:33,151] {dag.py:2273} INFO - Setting next_dagrun for example_xcom_args to None
[2021-02-13 07:31:33,152] {logging_mixin.py:104} INFO - [2021-02-13 07:31:33,152] {dag.py:2273} INFO - Setting next_dagrun for example_xcom_args_with_operators to None
[2021-02-13 07:31:33,181] {scheduler_job.py:190} INFO - Processing /home/airflow/.local/lib/python3.6/site-packages/airflow/example_dags/example_xcomargs.py took 0.106 seconds
[2021-02-13 07:32:04,790] {scheduler_job.py:182} INFO - Started process (PID=160) to work on /home/airflow/.local/lib/python3.6/site-packages/airflow/example_dags/example_xcomargs.py
[2021-02-13 07:32:04,792] {scheduler_job.py:629} INFO - Processing file /home/airflow/.local/lib/python3.6/site-packages/airflow/example_dags/example_xcomargs.py for tasks to queue
[2021-02-13 07:32:04,793] {logging_mixin.py:104} INFO - [2021-02-13 07:32:04,793] {dagbag.py:448} INFO - Filling up the DagBag from /home/airflow/.local/lib/python3.6/site-packages/airflow/example_dags/example_xcomargs.py
[2021-02-13 07:32:04,815] {scheduler_job.py:639} INFO - DAG(s) dict_keys(['example_xcom_args', 'example_xcom_args_with_operators']) retrieved from /home/airflow/.local/lib/python3.6/site-packages/airflow/example_dags/example_xcomargs.py
[2021-02-13 07:32:04,862] {logging_mixin.py:104} INFO - [2021-02-13 07:32:04,862] {dag.py:1818} INFO - Sync 2 DAGs
[2021-02-13 07:32:04,888] {logging_mixin.py:104} INFO - [2021-02-13 07:32:04,888] {dag.py:2273} INFO - Setting next_dagrun for example_xcom_args to None
[2021-02-13 07:32:04,890] {logging_mixin.py:104} INFO - [2021-02-13 07:32:04,889] {dag.py:2273} INFO - Setting next_dagrun for example_xcom_args_with_operators to None
[2021-02-13 07:32:04,940] {scheduler_job.py:190} INFO - Processing /home/airflow/.local/lib/python3.6/site-packages/airflow/example_dags/example_xcomargs.py took 0.153 seconds
[2021-02-13 07:32:37,013] {scheduler_job.py:182} INFO - Started process (PID=186) to work on /home/airflow/.local/lib/python3.6/site-packages/airflow/example_dags/example_xcomargs.py
[2021-02-13 07:32:37,016] {scheduler_job.py:629} INFO - Processing file /home/airflow/.local/lib/python3.6/site-packages/airflow/example_dags/example_xcomargs.py for tasks to queue
[2021-02-13 07:32:37,017] {logging_mixin.py:104} INFO - [2021-02-13 07:32:37,017] {dagbag.py:448} INFO - Filling up the DagBag from /home/airflow/.local/lib/python3.6/site-packages/airflow/example_dags/example_xcomargs.py
[2021-02-13 07:32:37,046] {scheduler_job.py:639} INFO - DAG(s) dict_keys(['example_xcom_args', 'example_xcom_args_with_operators']) retrieved from /home/airflow/.local/lib/python3.6/site-packages/airflow/example_dags/example_xcomargs.py
[2021-02-13 07:32:37,113] {logging_mixin.py:104} INFO - [2021-02-13 07:32:37,113] {dag.py:1818} INFO - Sync 2 DAGs
[2021-02-13 07:32:37,165] {logging_mixin.py:104} INFO - [2021-02-13 07:32:37,165] {dag.py:2273} INFO - Setting next_dagrun for example_xcom_args to None
[2021-02-13 07:32:37,167] {logging_mixin.py:104} INFO - [2021-02-13 07:32:37,167] {dag.py:2273} INFO - Setting next_dagrun for example_xcom_args_with_operators to None
[2021-02-13 07:32:37,228] {scheduler_job.py:190} INFO - Processing /home/airflow/.local/lib/python3.6/site-packages/airflow/example_dags/example_xcomargs.py took 0.220 seconds
[2021-02-13 07:33:09,948] {scheduler_job.py:182} INFO - Started process (PID=213) to work on /home/airflow/.local/lib/python3.6/site-packages/airflow/example_dags/example_xcomargs.py
[2021-02-13 07:33:09,952] {scheduler_job.py:629} INFO - Processing file /home/airflow/.local/lib/python3.6/site-packages/airflow/example_dags/example_xcomargs.py for tasks to queue
[2021-02-13 07:33:09,953] {logging_mixin.py:104} INFO - [2021-02-13 07:33:09,952] {dagbag.py:448} INFO - Filling up the DagBag from /home/airflow/.local/lib/python3.6/site-packages/airflow/example_dags/example_xcomargs.py
[2021-02-13 07:33:09,972] {scheduler_job.py:639} INFO - DAG(s) dict_keys(['example_xcom_args', 'example_xcom_args_with_operators']) retrieved from /home/airflow/.local/lib/python3.6/site-packages/airflow/example_dags/example_xcomargs.py
[2021-02-13 07:33:10,005] {logging_mixin.py:104} INFO - [2021-02-13 07:33:10,005] {dag.py:1818} INFO - Sync 2 DAGs
[2021-02-13 07:33:10,026] {logging_mixin.py:104} INFO - [2021-02-13 07:33:10,026] {dag.py:2273} INFO - Setting next_dagrun for example_xcom_args to None
[2021-02-13 07:33:10,028] {logging_mixin.py:104} INFO - [2021-02-13 07:33:10,028] {dag.py:2273} INFO - Setting next_dagrun for example_xcom_args_with_operators to None
[2021-02-13 07:33:10,058] {scheduler_job.py:190} INFO - Processing /home/airflow/.local/lib/python3.6/site-packages/airflow/example_dags/example_xcomargs.py took 0.113 seconds
[2021-02-13 07:33:41,277] {scheduler_job.py:182} INFO - Started process (PID=239) to work on /home/airflow/.local/lib/python3.6/site-packages/airflow/example_dags/example_xcomargs.py
[2021-02-13 07:33:41,278] {scheduler_job.py:629} INFO - Processing file /home/airflow/.local/lib/python3.6/site-packages/airflow/example_dags/example_xcomargs.py for tasks to queue
[2021-02-13 07:33:41,279] {logging_mixin.py:104} INFO - [2021-02-13 07:33:41,279] {dagbag.py:448} INFO - Filling up the DagBag from /home/airflow/.local/lib/python3.6/site-packages/airflow/example_dags/example_xcomargs.py
[2021-02-13 07:33:41,303] {scheduler_job.py:639} INFO - DAG(s) dict_keys(['example_xcom_args', 'example_xcom_args_with_operators']) retrieved from /home/airflow/.local/lib/python3.6/site-packages/airflow/example_dags/example_xcomargs.py
[2021-02-13 07:33:41,340] {logging_mixin.py:104} INFO - [2021-02-13 07:33:41,340] {dag.py:1818} INFO - Sync 2 DAGs
[2021-02-13 07:33:41,359] {logging_mixin.py:104} INFO - [2021-02-13 07:33:41,359] {dag.py:2273} INFO - Setting next_dagrun for example_xcom_args to None
[2021-02-13 07:33:41,360] {logging_mixin.py:104} INFO - [2021-02-13 07:33:41,360] {dag.py:2273} INFO - Setting next_dagrun for example_xcom_args_with_operators to None
[2021-02-13 07:33:41,395] {scheduler_job.py:190} INFO - Processing /home/airflow/.local/lib/python3.6/site-packages/airflow/example_dags/example_xcomargs.py took 0.122 seconds
[2021-02-13 07:34:11,499] {scheduler_job.py:182} INFO - Started process (PID=265) to work on /home/airflow/.local/lib/python3.6/site-packages/airflow/example_dags/example_xcomargs.py
[2021-02-13 07:34:11,501] {scheduler_job.py:629} INFO - Processing file /home/airflow/.local/lib/python3.6/site-packages/airflow/example_dags/example_xcomargs.py for tasks to queue
[2021-02-13 07:34:11,501] {logging_mixin.py:104} INFO - [2021-02-13 07:34:11,501] {dagbag.py:448} INFO - Filling up the DagBag from /home/airflow/.local/lib/python3.6/site-packages/airflow/example_dags/example_xcomargs.py
[2021-02-13 07:34:11,519] {scheduler_job.py:639} INFO - DAG(s) dict_keys(['example_xcom_args', 'example_xcom_args_with_operators']) retrieved from /home/airflow/.local/lib/python3.6/site-packages/airflow/example_dags/example_xcomargs.py
[2021-02-13 07:34:11,550] {logging_mixin.py:104} INFO - [2021-02-13 07:34:11,550] {dag.py:1818} INFO - Sync 2 DAGs
[2021-02-13 07:34:11,567] {logging_mixin.py:104} INFO - [2021-02-13 07:34:11,567] {dag.py:2273} INFO - Setting next_dagrun for example_xcom_args to None
[2021-02-13 07:34:11,569] {logging_mixin.py:104} INFO - [2021-02-13 07:34:11,569] {dag.py:2273} INFO - Setting next_dagrun for example_xcom_args_with_operators to None
[2021-02-13 07:34:11,596] {scheduler_job.py:190} INFO - Processing /home/airflow/.local/lib/python3.6/site-packages/airflow/example_dags/example_xcomargs.py took 0.101 seconds
[2021-02-13 07:34:42,429] {scheduler_job.py:182} INFO - Started process (PID=291) to work on /home/airflow/.local/lib/python3.6/site-packages/airflow/example_dags/example_xcomargs.py
[2021-02-13 07:34:42,430] {scheduler_job.py:629} INFO - Processing file /home/airflow/.local/lib/python3.6/site-packages/airflow/example_dags/example_xcomargs.py for tasks to queue
[2021-02-13 07:34:42,431] {logging_mixin.py:104} INFO - [2021-02-13 07:34:42,431] {dagbag.py:448} INFO - Filling up the DagBag from /home/airflow/.local/lib/python3.6/site-packages/airflow/example_dags/example_xcomargs.py
[2021-02-13 07:34:42,451] {scheduler_job.py:639} INFO - DAG(s) dict_keys(['example_xcom_args', 'example_xcom_args_with_operators']) retrieved from /home/airflow/.local/lib/python3.6/site-packages/airflow/example_dags/example_xcomargs.py
[2021-02-13 07:34:42,494] {logging_mixin.py:104} INFO - [2021-02-13 07:34:42,493] {dag.py:1818} INFO - Sync 2 DAGs
[2021-02-13 07:34:42,517] {logging_mixin.py:104} INFO - [2021-02-13 07:34:42,517] {dag.py:2273} INFO - Setting next_dagrun for example_xcom_args to None
[2021-02-13 07:34:42,519] {logging_mixin.py:104} INFO - [2021-02-13 07:34:42,519] {dag.py:2273} INFO - Setting next_dagrun for example_xcom_args_with_operators to None
[2021-02-13 07:34:42,544] {scheduler_job.py:190} INFO - Processing /home/airflow/.local/lib/python3.6/site-packages/airflow/example_dags/example_xcomargs.py took 0.118 seconds
[2021-02-13 07:35:12,929] {scheduler_job.py:182} INFO - Started process (PID=316) to work on /home/airflow/.local/lib/python3.6/site-packages/airflow/example_dags/example_xcomargs.py
[2021-02-13 07:35:12,931] {scheduler_job.py:629} INFO - Processing file /home/airflow/.local/lib/python3.6/site-packages/airflow/example_dags/example_xcomargs.py for tasks to queue
[2021-02-13 07:35:12,932] {logging_mixin.py:104} INFO - [2021-02-13 07:35:12,932] {dagbag.py:448} INFO - Filling up the DagBag from /home/airflow/.local/lib/python3.6/site-packages/airflow/example_dags/example_xcomargs.py
[2021-02-13 07:35:12,952] {scheduler_job.py:639} INFO - DAG(s) dict_keys(['example_xcom_args', 'example_xcom_args_with_operators']) retrieved from /home/airflow/.local/lib/python3.6/site-packages/airflow/example_dags/example_xcomargs.py
[2021-02-13 07:35:12,983] {logging_mixin.py:104} INFO - [2021-02-13 07:35:12,983] {dag.py:1818} INFO - Sync 2 DAGs
[2021-02-13 07:35:13,004] {logging_mixin.py:104} INFO - [2021-02-13 07:35:13,003] {dag.py:2273} INFO - Setting next_dagrun for example_xcom_args to None
[2021-02-13 07:35:13,005] {logging_mixin.py:104} INFO - [2021-02-13 07:35:13,005] {dag.py:2273} INFO - Setting next_dagrun for example_xcom_args_with_operators to None
[2021-02-13 07:35:13,042] {scheduler_job.py:190} INFO - Processing /home/airflow/.local/lib/python3.6/site-packages/airflow/example_dags/example_xcomargs.py took 0.116 seconds
[2021-02-13 07:35:43,892] {scheduler_job.py:182} INFO - Started process (PID=343) to work on /home/airflow/.local/lib/python3.6/site-packages/airflow/example_dags/example_xcomargs.py
[2021-02-13 07:35:43,893] {scheduler_job.py:629} INFO - Processing file /home/airflow/.local/lib/python3.6/site-packages/airflow/example_dags/example_xcomargs.py for tasks to queue
[2021-02-13 07:35:43,894] {logging_mixin.py:104} INFO - [2021-02-13 07:35:43,894] {dagbag.py:448} INFO - Filling up the DagBag from /home/airflow/.local/lib/python3.6/site-packages/airflow/example_dags/example_xcomargs.py
[2021-02-13 07:35:43,916] {scheduler_job.py:639} INFO - DAG(s) dict_keys(['example_xcom_args', 'example_xcom_args_with_operators']) retrieved from /home/airflow/.local/lib/python3.6/site-packages/airflow/example_dags/example_xcomargs.py
[2021-02-13 07:35:43,949] {logging_mixin.py:104} INFO - [2021-02-13 07:35:43,949] {dag.py:1818} INFO - Sync 2 DAGs
[2021-02-13 07:35:43,970] {logging_mixin.py:104} INFO - [2021-02-13 07:35:43,970] {dag.py:2273} INFO - Setting next_dagrun for example_xcom_args to None
[2021-02-13 07:35:43,971] {logging_mixin.py:104} INFO - [2021-02-13 07:35:43,971] {dag.py:2273} INFO - Setting next_dagrun for example_xcom_args_with_operators to None
[2021-02-13 07:35:44,002] {scheduler_job.py:190} INFO - Processing /home/airflow/.local/lib/python3.6/site-packages/airflow/example_dags/example_xcomargs.py took 0.114 seconds
[2021-02-13 07:36:17,369] {scheduler_job.py:182} INFO - Started process (PID=369) to work on /home/airflow/.local/lib/python3.6/site-packages/airflow/example_dags/example_xcomargs.py
[2021-02-13 07:36:17,371] {scheduler_job.py:629} INFO - Processing file /home/airflow/.local/lib/python3.6/site-packages/airflow/example_dags/example_xcomargs.py for tasks to queue
[2021-02-13 07:36:17,372] {logging_mixin.py:104} INFO - [2021-02-13 07:36:17,372] {dagbag.py:448} INFO - Filling up the DagBag from /home/airflow/.local/lib/python3.6/site-packages/airflow/example_dags/example_xcomargs.py
[2021-02-13 07:36:17,389] {scheduler_job.py:639} INFO - DAG(s) dict_keys(['example_xcom_args', 'example_xcom_args_with_operators']) retrieved from /home/airflow/.local/lib/python3.6/site-packages/airflow/example_dags/example_xcomargs.py
[2021-02-13 07:36:17,417] {logging_mixin.py:104} INFO - [2021-02-13 07:36:17,417] {dag.py:1818} INFO - Sync 2 DAGs
[2021-02-13 07:36:17,434] {logging_mixin.py:104} INFO - [2021-02-13 07:36:17,433] {dag.py:2273} INFO - Setting next_dagrun for example_xcom_args to None
[2021-02-13 07:36:17,435] {logging_mixin.py:104} INFO - [2021-02-13 07:36:17,435] {dag.py:2273} INFO - Setting next_dagrun for example_xcom_args_with_operators to None
[2021-02-13 07:36:17,493] {scheduler_job.py:190} INFO - Processing /home/airflow/.local/lib/python3.6/site-packages/airflow/example_dags/example_xcomargs.py took 0.127 seconds
[2021-02-13 07:36:48,938] {scheduler_job.py:182} INFO - Started process (PID=395) to work on /home/airflow/.local/lib/python3.6/site-packages/airflow/example_dags/example_xcomargs.py
[2021-02-13 07:36:48,939] {scheduler_job.py:629} INFO - Processing file /home/airflow/.local/lib/python3.6/site-packages/airflow/example_dags/example_xcomargs.py for tasks to queue
[2021-02-13 07:36:48,940] {logging_mixin.py:104} INFO - [2021-02-13 07:36:48,940] {dagbag.py:448} INFO - Filling up the DagBag from /home/airflow/.local/lib/python3.6/site-packages/airflow/example_dags/example_xcomargs.py
[2021-02-13 07:36:48,960] {scheduler_job.py:639} INFO - DAG(s) dict_keys(['example_xcom_args', 'example_xcom_args_with_operators']) retrieved from /home/airflow/.local/lib/python3.6/site-packages/airflow/example_dags/example_xcomargs.py
[2021-02-13 07:36:48,990] {logging_mixin.py:104} INFO - [2021-02-13 07:36:48,990] {dag.py:1818} INFO - Sync 2 DAGs
[2021-02-13 07:36:49,014] {logging_mixin.py:104} INFO - [2021-02-13 07:36:49,014] {dag.py:2273} INFO - Setting next_dagrun for example_xcom_args to None
[2021-02-13 07:36:49,015] {logging_mixin.py:104} INFO - [2021-02-13 07:36:49,015] {dag.py:2273} INFO - Setting next_dagrun for example_xcom_args_with_operators to None
[2021-02-13 07:36:49,346] {scheduler_job.py:190} INFO - Processing /home/airflow/.local/lib/python3.6/site-packages/airflow/example_dags/example_xcomargs.py took 0.411 seconds
[2021-02-13 07:37:19,383] {scheduler_job.py:182} INFO - Started process (PID=421) to work on /home/airflow/.local/lib/python3.6/site-packages/airflow/example_dags/example_xcomargs.py
[2021-02-13 07:37:19,387] {scheduler_job.py:629} INFO - Processing file /home/airflow/.local/lib/python3.6/site-packages/airflow/example_dags/example_xcomargs.py for tasks to queue
[2021-02-13 07:37:19,388] {logging_mixin.py:104} INFO - [2021-02-13 07:37:19,387] {dagbag.py:448} INFO - Filling up the DagBag from /home/airflow/.local/lib/python3.6/site-packages/airflow/example_dags/example_xcomargs.py
[2021-02-13 07:37:19,406] {scheduler_job.py:639} INFO - DAG(s) dict_keys(['example_xcom_args', 'example_xcom_args_with_operators']) retrieved from /home/airflow/.local/lib/python3.6/site-packages/airflow/example_dags/example_xcomargs.py
[2021-02-13 07:37:19,443] {logging_mixin.py:104} INFO - [2021-02-13 07:37:19,442] {dag.py:1818} INFO - Sync 2 DAGs
[2021-02-13 07:37:19,464] {logging_mixin.py:104} INFO - [2021-02-13 07:37:19,464] {dag.py:2273} INFO - Setting next_dagrun for example_xcom_args to None
[2021-02-13 07:37:19,466] {logging_mixin.py:104} INFO - [2021-02-13 07:37:19,465] {dag.py:2273} INFO - Setting next_dagrun for example_xcom_args_with_operators to None
[2021-02-13 07:37:19,499] {scheduler_job.py:190} INFO - Processing /home/airflow/.local/lib/python3.6/site-packages/airflow/example_dags/example_xcomargs.py took 0.121 seconds
[2021-02-13 07:37:50,223] {scheduler_job.py:182} INFO - Started process (PID=446) to work on /home/airflow/.local/lib/python3.6/site-packages/airflow/example_dags/example_xcomargs.py
[2021-02-13 07:37:50,224] {scheduler_job.py:629} INFO - Processing file /home/airflow/.local/lib/python3.6/site-packages/airflow/example_dags/example_xcomargs.py for tasks to queue
[2021-02-13 07:37:50,225] {logging_mixin.py:104} INFO - [2021-02-13 07:37:50,225] {dagbag.py:448} INFO - Filling up the DagBag from /home/airflow/.local/lib/python3.6/site-packages/airflow/example_dags/example_xcomargs.py
[2021-02-13 07:37:50,250] {scheduler_job.py:639} INFO - DAG(s) dict_keys(['example_xcom_args', 'example_xcom_args_with_operators']) retrieved from /home/airflow/.local/lib/python3.6/site-packages/airflow/example_dags/example_xcomargs.py
[2021-02-13 07:37:50,289] {logging_mixin.py:104} INFO - [2021-02-13 07:37:50,289] {dag.py:1818} INFO - Sync 2 DAGs
[2021-02-13 07:37:50,308] {logging_mixin.py:104} INFO - [2021-02-13 07:37:50,308] {dag.py:2273} INFO - Setting next_dagrun for example_xcom_args to None
[2021-02-13 07:37:50,309] {logging_mixin.py:104} INFO - [2021-02-13 07:37:50,309] {dag.py:2273} INFO - Setting next_dagrun for example_xcom_args_with_operators to None
[2021-02-13 07:37:50,774] {scheduler_job.py:190} INFO - Processing /home/airflow/.local/lib/python3.6/site-packages/airflow/example_dags/example_xcomargs.py took 0.555 seconds
[2021-02-13 07:38:21,689] {scheduler_job.py:182} INFO - Started process (PID=472) to work on /home/airflow/.local/lib/python3.6/site-packages/airflow/example_dags/example_xcomargs.py
[2021-02-13 07:38:21,690] {scheduler_job.py:629} INFO - Processing file /home/airflow/.local/lib/python3.6/site-packages/airflow/example_dags/example_xcomargs.py for tasks to queue
[2021-02-13 07:38:21,691] {logging_mixin.py:104} INFO - [2021-02-13 07:38:21,691] {dagbag.py:448} INFO - Filling up the DagBag from /home/airflow/.local/lib/python3.6/site-packages/airflow/example_dags/example_xcomargs.py
[2021-02-13 07:38:21,713] {scheduler_job.py:639} INFO - DAG(s) dict_keys(['example_xcom_args', 'example_xcom_args_with_operators']) retrieved from /home/airflow/.local/lib/python3.6/site-packages/airflow/example_dags/example_xcomargs.py
[2021-02-13 07:38:21,749] {logging_mixin.py:104} INFO - [2021-02-13 07:38:21,749] {dag.py:1818} INFO - Sync 2 DAGs
[2021-02-13 07:38:21,767] {logging_mixin.py:104} INFO - [2021-02-13 07:38:21,766] {dag.py:2273} INFO - Setting next_dagrun for example_xcom_args to None
[2021-02-13 07:38:21,768] {logging_mixin.py:104} INFO - [2021-02-13 07:38:21,768] {dag.py:2273} INFO - Setting next_dagrun for example_xcom_args_with_operators to None
[2021-02-13 07:38:22,958] {scheduler_job.py:190} INFO - Processing /home/airflow/.local/lib/python3.6/site-packages/airflow/example_dags/example_xcomargs.py took 1.274 seconds
[2021-02-13 07:38:53,606] {scheduler_job.py:182} INFO - Started process (PID=498) to work on /home/airflow/.local/lib/python3.6/site-packages/airflow/example_dags/example_xcomargs.py
[2021-02-13 07:38:53,608] {scheduler_job.py:629} INFO - Processing file /home/airflow/.local/lib/python3.6/site-packages/airflow/example_dags/example_xcomargs.py for tasks to queue
[2021-02-13 07:38:53,609] {logging_mixin.py:104} INFO - [2021-02-13 07:38:53,609] {dagbag.py:448} INFO - Filling up the DagBag from /home/airflow/.local/lib/python3.6/site-packages/airflow/example_dags/example_xcomargs.py
[2021-02-13 07:38:53,636] {scheduler_job.py:639} INFO - DAG(s) dict_keys(['example_xcom_args', 'example_xcom_args_with_operators']) retrieved from /home/airflow/.local/lib/python3.6/site-packages/airflow/example_dags/example_xcomargs.py
[2021-02-13 07:38:53,683] {logging_mixin.py:104} INFO - [2021-02-13 07:38:53,683] {dag.py:1818} INFO - Sync 2 DAGs
[2021-02-13 07:38:53,705] {logging_mixin.py:104} INFO - [2021-02-13 07:38:53,705] {dag.py:2273} INFO - Setting next_dagrun for example_xcom_args to None
[2021-02-13 07:38:53,706] {logging_mixin.py:104} INFO - [2021-02-13 07:38:53,706] {dag.py:2273} INFO - Setting next_dagrun for example_xcom_args_with_operators to None
[2021-02-13 07:38:53,749] {scheduler_job.py:190} INFO - Processing /home/airflow/.local/lib/python3.6/site-packages/airflow/example_dags/example_xcomargs.py took 0.147 seconds
[2021-02-13 07:39:25,168] {scheduler_job.py:182} INFO - Started process (PID=525) to work on /home/airflow/.local/lib/python3.6/site-packages/airflow/example_dags/example_xcomargs.py
[2021-02-13 07:39:25,169] {scheduler_job.py:629} INFO - Processing file /home/airflow/.local/lib/python3.6/site-packages/airflow/example_dags/example_xcomargs.py for tasks to queue
[2021-02-13 07:39:25,170] {logging_mixin.py:104} INFO - [2021-02-13 07:39:25,170] {dagbag.py:448} INFO - Filling up the DagBag from /home/airflow/.local/lib/python3.6/site-packages/airflow/example_dags/example_xcomargs.py
[2021-02-13 07:39:25,185] {scheduler_job.py:639} INFO - DAG(s) dict_keys(['example_xcom_args', 'example_xcom_args_with_operators']) retrieved from /home/airflow/.local/lib/python3.6/site-packages/airflow/example_dags/example_xcomargs.py
[2021-02-13 07:39:25,216] {logging_mixin.py:104} INFO - [2021-02-13 07:39:25,216] {dag.py:1818} INFO - Sync 2 DAGs
[2021-02-13 07:39:25,238] {logging_mixin.py:104} INFO - [2021-02-13 07:39:25,237] {dag.py:2273} INFO - Setting next_dagrun for example_xcom_args to None
[2021-02-13 07:39:25,239] {logging_mixin.py:104} INFO - [2021-02-13 07:39:25,239] {dag.py:2273} INFO - Setting next_dagrun for example_xcom_args_with_operators to None
[2021-02-13 07:39:25,558] {scheduler_job.py:190} INFO - Processing /home/airflow/.local/lib/python3.6/site-packages/airflow/example_dags/example_xcomargs.py took 0.393 seconds
[2021-02-13 07:39:55,689] {scheduler_job.py:182} INFO - Started process (PID=551) to work on /home/airflow/.local/lib/python3.6/site-packages/airflow/example_dags/example_xcomargs.py
[2021-02-13 07:39:55,690] {scheduler_job.py:629} INFO - Processing file /home/airflow/.local/lib/python3.6/site-packages/airflow/example_dags/example_xcomargs.py for tasks to queue
[2021-02-13 07:39:55,691] {logging_mixin.py:104} INFO - [2021-02-13 07:39:55,691] {dagbag.py:448} INFO - Filling up the DagBag from /home/airflow/.local/lib/python3.6/site-packages/airflow/example_dags/example_xcomargs.py
[2021-02-13 07:39:55,708] {scheduler_job.py:639} INFO - DAG(s) dict_keys(['example_xcom_args', 'example_xcom_args_with_operators']) retrieved from /home/airflow/.local/lib/python3.6/site-packages/airflow/example_dags/example_xcomargs.py
[2021-02-13 07:39:55,738] {logging_mixin.py:104} INFO - [2021-02-13 07:39:55,738] {dag.py:1818} INFO - Sync 2 DAGs
[2021-02-13 07:39:55,755] {logging_mixin.py:104} INFO - [2021-02-13 07:39:55,755] {dag.py:2273} INFO - Setting next_dagrun for example_xcom_args to None
[2021-02-13 07:39:55,894] {logging_mixin.py:104} INFO - [2021-02-13 07:39:55,893] {dag.py:2273} INFO - Setting next_dagrun for example_xcom_args_with_operators to None
[2021-02-13 07:39:56,345] {scheduler_job.py:190} INFO - Processing /home/airflow/.local/lib/python3.6/site-packages/airflow/example_dags/example_xcomargs.py took 0.659 seconds
[2021-02-13 07:40:26,868] {scheduler_job.py:182} INFO - Started process (PID=577) to work on /home/airflow/.local/lib/python3.6/site-packages/airflow/example_dags/example_xcomargs.py
[2021-02-13 07:40:26,870] {scheduler_job.py:629} INFO - Processing file /home/airflow/.local/lib/python3.6/site-packages/airflow/example_dags/example_xcomargs.py for tasks to queue
[2021-02-13 07:40:26,871] {logging_mixin.py:104} INFO - [2021-02-13 07:40:26,871] {dagbag.py:448} INFO - Filling up the DagBag from /home/airflow/.local/lib/python3.6/site-packages/airflow/example_dags/example_xcomargs.py
[2021-02-13 07:40:26,898] {scheduler_job.py:639} INFO - DAG(s) dict_keys(['example_xcom_args', 'example_xcom_args_with_operators']) retrieved from /home/airflow/.local/lib/python3.6/site-packages/airflow/example_dags/example_xcomargs.py
[2021-02-13 07:40:26,947] {logging_mixin.py:104} INFO - [2021-02-13 07:40:26,947] {dag.py:1818} INFO - Sync 2 DAGs
[2021-02-13 07:40:26,970] {logging_mixin.py:104} INFO - [2021-02-13 07:40:26,970] {dag.py:2273} INFO - Setting next_dagrun for example_xcom_args to None
[2021-02-13 07:40:26,972] {logging_mixin.py:104} INFO - [2021-02-13 07:40:26,971] {dag.py:2273} INFO - Setting next_dagrun for example_xcom_args_with_operators to None
[2021-02-13 07:40:27,478] {scheduler_job.py:190} INFO - Processing /home/airflow/.local/lib/python3.6/site-packages/airflow/example_dags/example_xcomargs.py took 0.614 seconds
[2021-02-13 07:40:57,609] {scheduler_job.py:182} INFO - Started process (PID=603) to work on /home/airflow/.local/lib/python3.6/site-packages/airflow/example_dags/example_xcomargs.py
[2021-02-13 07:40:57,610] {scheduler_job.py:629} INFO - Processing file /home/airflow/.local/lib/python3.6/site-packages/airflow/example_dags/example_xcomargs.py for tasks to queue
[2021-02-13 07:40:57,611] {logging_mixin.py:104} INFO - [2021-02-13 07:40:57,611] {dagbag.py:448} INFO - Filling up the DagBag from /home/airflow/.local/lib/python3.6/site-packages/airflow/example_dags/example_xcomargs.py
[2021-02-13 07:40:57,626] {scheduler_job.py:639} INFO - DAG(s) dict_keys(['example_xcom_args', 'example_xcom_args_with_operators']) retrieved from /home/airflow/.local/lib/python3.6/site-packages/airflow/example_dags/example_xcomargs.py
[2021-02-13 07:40:57,657] {logging_mixin.py:104} INFO - [2021-02-13 07:40:57,657] {dag.py:1818} INFO - Sync 2 DAGs
[2021-02-13 07:40:57,675] {logging_mixin.py:104} INFO - [2021-02-13 07:40:57,675] {dag.py:2273} INFO - Setting next_dagrun for example_xcom_args to None
[2021-02-13 07:40:57,676] {logging_mixin.py:104} INFO - [2021-02-13 07:40:57,676] {dag.py:2273} INFO - Setting next_dagrun for example_xcom_args_with_operators to None
[2021-02-13 07:40:58,646] {scheduler_job.py:190} INFO - Processing /home/airflow/.local/lib/python3.6/site-packages/airflow/example_dags/example_xcomargs.py took 1.041 seconds
[2021-02-13 07:41:29,559] {scheduler_job.py:182} INFO - Started process (PID=629) to work on /home/airflow/.local/lib/python3.6/site-packages/airflow/example_dags/example_xcomargs.py
[2021-02-13 07:41:29,561] {scheduler_job.py:629} INFO - Processing file /home/airflow/.local/lib/python3.6/site-packages/airflow/example_dags/example_xcomargs.py for tasks to queue
[2021-02-13 07:41:29,562] {logging_mixin.py:104} INFO - [2021-02-13 07:41:29,562] {dagbag.py:448} INFO - Filling up the DagBag from /home/airflow/.local/lib/python3.6/site-packages/airflow/example_dags/example_xcomargs.py
[2021-02-13 07:41:29,583] {scheduler_job.py:639} INFO - DAG(s) dict_keys(['example_xcom_args', 'example_xcom_args_with_operators']) retrieved from /home/airflow/.local/lib/python3.6/site-packages/airflow/example_dags/example_xcomargs.py
[2021-02-13 07:41:29,619] {logging_mixin.py:104} INFO - [2021-02-13 07:41:29,618] {dag.py:1818} INFO - Sync 2 DAGs
[2021-02-13 07:41:29,647] {logging_mixin.py:104} INFO - [2021-02-13 07:41:29,647] {dag.py:2273} INFO - Setting next_dagrun for example_xcom_args to None
[2021-02-13 07:41:29,649] {logging_mixin.py:104} INFO - [2021-02-13 07:41:29,649] {dag.py:2273} INFO - Setting next_dagrun for example_xcom_args_with_operators to None
[2021-02-13 07:41:30,729] {scheduler_job.py:190} INFO - Processing /home/airflow/.local/lib/python3.6/site-packages/airflow/example_dags/example_xcomargs.py took 1.174 seconds
[2021-02-13 07:42:01,432] {scheduler_job.py:182} INFO - Started process (PID=655) to work on /home/airflow/.local/lib/python3.6/site-packages/airflow/example_dags/example_xcomargs.py
[2021-02-13 07:42:01,434] {scheduler_job.py:629} INFO - Processing file /home/airflow/.local/lib/python3.6/site-packages/airflow/example_dags/example_xcomargs.py for tasks to queue
[2021-02-13 07:42:01,435] {logging_mixin.py:104} INFO - [2021-02-13 07:42:01,434] {dagbag.py:448} INFO - Filling up the DagBag from /home/airflow/.local/lib/python3.6/site-packages/airflow/example_dags/example_xcomargs.py
[2021-02-13 07:42:01,456] {scheduler_job.py:639} INFO - DAG(s) dict_keys(['example_xcom_args', 'example_xcom_args_with_operators']) retrieved from /home/airflow/.local/lib/python3.6/site-packages/airflow/example_dags/example_xcomargs.py
[2021-02-13 07:42:01,492] {logging_mixin.py:104} INFO - [2021-02-13 07:42:01,491] {dag.py:1818} INFO - Sync 2 DAGs
[2021-02-13 07:42:01,516] {logging_mixin.py:104} INFO - [2021-02-13 07:42:01,516] {dag.py:2273} INFO - Setting next_dagrun for example_xcom_args to None
[2021-02-13 07:42:01,517] {logging_mixin.py:104} INFO - [2021-02-13 07:42:01,517] {dag.py:2273} INFO - Setting next_dagrun for example_xcom_args_with_operators to None
[2021-02-13 07:42:01,578] {scheduler_job.py:190} INFO - Processing /home/airflow/.local/lib/python3.6/site-packages/airflow/example_dags/example_xcomargs.py took 0.149 seconds
[2021-02-13 07:42:31,847] {scheduler_job.py:182} INFO - Started process (PID=681) to work on /home/airflow/.local/lib/python3.6/site-packages/airflow/example_dags/example_xcomargs.py
[2021-02-13 07:42:31,849] {scheduler_job.py:629} INFO - Processing file /home/airflow/.local/lib/python3.6/site-packages/airflow/example_dags/example_xcomargs.py for tasks to queue
[2021-02-13 07:42:31,849] {logging_mixin.py:104} INFO - [2021-02-13 07:42:31,849] {dagbag.py:448} INFO - Filling up the DagBag from /home/airflow/.local/lib/python3.6/site-packages/airflow/example_dags/example_xcomargs.py
[2021-02-13 07:42:31,867] {scheduler_job.py:639} INFO - DAG(s) dict_keys(['example_xcom_args', 'example_xcom_args_with_operators']) retrieved from /home/airflow/.local/lib/python3.6/site-packages/airflow/example_dags/example_xcomargs.py
[2021-02-13 07:42:31,901] {logging_mixin.py:104} INFO - [2021-02-13 07:42:31,901] {dag.py:1818} INFO - Sync 2 DAGs
[2021-02-13 07:42:31,921] {logging_mixin.py:104} INFO - [2021-02-13 07:42:31,921] {dag.py:2273} INFO - Setting next_dagrun for example_xcom_args to None
[2021-02-13 07:42:31,922] {logging_mixin.py:104} INFO - [2021-02-13 07:42:31,922] {dag.py:2273} INFO - Setting next_dagrun for example_xcom_args_with_operators to None
[2021-02-13 07:42:31,947] {scheduler_job.py:190} INFO - Processing /home/airflow/.local/lib/python3.6/site-packages/airflow/example_dags/example_xcomargs.py took 0.103 seconds
[2021-02-13 07:43:02,090] {scheduler_job.py:182} INFO - Started process (PID=707) to work on /home/airflow/.local/lib/python3.6/site-packages/airflow/example_dags/example_xcomargs.py
[2021-02-13 07:43:02,091] {scheduler_job.py:629} INFO - Processing file /home/airflow/.local/lib/python3.6/site-packages/airflow/example_dags/example_xcomargs.py for tasks to queue
[2021-02-13 07:43:02,092] {logging_mixin.py:104} INFO - [2021-02-13 07:43:02,092] {dagbag.py:448} INFO - Filling up the DagBag from /home/airflow/.local/lib/python3.6/site-packages/airflow/example_dags/example_xcomargs.py
[2021-02-13 07:43:02,107] {scheduler_job.py:639} INFO - DAG(s) dict_keys(['example_xcom_args', 'example_xcom_args_with_operators']) retrieved from /home/airflow/.local/lib/python3.6/site-packages/airflow/example_dags/example_xcomargs.py
[2021-02-13 07:43:02,137] {logging_mixin.py:104} INFO - [2021-02-13 07:43:02,137] {dag.py:1818} INFO - Sync 2 DAGs
[2021-02-13 07:43:02,155] {logging_mixin.py:104} INFO - [2021-02-13 07:43:02,154] {dag.py:2273} INFO - Setting next_dagrun for example_xcom_args to None
[2021-02-13 07:43:02,156] {logging_mixin.py:104} INFO - [2021-02-13 07:43:02,155] {dag.py:2273} INFO - Setting next_dagrun for example_xcom_args_with_operators to None
[2021-02-13 07:43:02,373] {scheduler_job.py:190} INFO - Processing /home/airflow/.local/lib/python3.6/site-packages/airflow/example_dags/example_xcomargs.py took 0.286 seconds
