[2021-02-13 07:29:58,676] {scheduler_job.py:182} INFO - Started process (PID=47) to work on /home/airflow/.local/lib/python3.6/site-packages/airflow/example_dags/example_short_circuit_operator.py
[2021-02-13 07:29:58,700] {scheduler_job.py:629} INFO - Processing file /home/airflow/.local/lib/python3.6/site-packages/airflow/example_dags/example_short_circuit_operator.py for tasks to queue
[2021-02-13 07:29:58,701] {logging_mixin.py:104} INFO - [2021-02-13 07:29:58,700] {dagbag.py:448} INFO - Filling up the DagBag from /home/airflow/.local/lib/python3.6/site-packages/airflow/example_dags/example_short_circuit_operator.py
[2021-02-13 07:29:58,741] {scheduler_job.py:639} INFO - DAG(s) dict_keys(['example_short_circuit_operator']) retrieved from /home/airflow/.local/lib/python3.6/site-packages/airflow/example_dags/example_short_circuit_operator.py
[2021-02-13 07:29:58,797] {logging_mixin.py:104} INFO - [2021-02-13 07:29:58,796] {dag.py:1818} INFO - Sync 1 DAGs
[2021-02-13 07:29:58,852] {logging_mixin.py:104} INFO - [2021-02-13 07:29:58,851] {dag.py:1837} INFO - Creating ORM DAG for example_short_circuit_operator
[2021-02-13 07:29:58,878] {logging_mixin.py:104} INFO - [2021-02-13 07:29:58,878] {dag.py:2273} INFO - Setting next_dagrun for example_short_circuit_operator to 2021-02-11 00:00:00+00:00
[2021-02-13 07:29:58,935] {scheduler_job.py:190} INFO - Processing /home/airflow/.local/lib/python3.6/site-packages/airflow/example_dags/example_short_circuit_operator.py took 0.294 seconds
[2021-02-13 07:30:29,866] {scheduler_job.py:182} INFO - Started process (PID=69) to work on /home/airflow/.local/lib/python3.6/site-packages/airflow/example_dags/example_short_circuit_operator.py
[2021-02-13 07:30:29,867] {scheduler_job.py:629} INFO - Processing file /home/airflow/.local/lib/python3.6/site-packages/airflow/example_dags/example_short_circuit_operator.py for tasks to queue
[2021-02-13 07:30:29,870] {logging_mixin.py:104} INFO - [2021-02-13 07:30:29,868] {dagbag.py:448} INFO - Filling up the DagBag from /home/airflow/.local/lib/python3.6/site-packages/airflow/example_dags/example_short_circuit_operator.py
[2021-02-13 07:30:29,895] {scheduler_job.py:639} INFO - DAG(s) dict_keys(['example_short_circuit_operator']) retrieved from /home/airflow/.local/lib/python3.6/site-packages/airflow/example_dags/example_short_circuit_operator.py
[2021-02-13 07:30:29,930] {logging_mixin.py:104} INFO - [2021-02-13 07:30:29,929] {dag.py:1818} INFO - Sync 1 DAGs
[2021-02-13 07:30:29,952] {logging_mixin.py:104} INFO - [2021-02-13 07:30:29,952] {dag.py:2273} INFO - Setting next_dagrun for example_short_circuit_operator to 2021-02-11 00:00:00+00:00
[2021-02-13 07:30:30,493] {scheduler_job.py:190} INFO - Processing /home/airflow/.local/lib/python3.6/site-packages/airflow/example_dags/example_short_circuit_operator.py took 0.633 seconds
[2021-02-13 07:31:01,718] {scheduler_job.py:182} INFO - Started process (PID=95) to work on /home/airflow/.local/lib/python3.6/site-packages/airflow/example_dags/example_short_circuit_operator.py
[2021-02-13 07:31:01,719] {scheduler_job.py:629} INFO - Processing file /home/airflow/.local/lib/python3.6/site-packages/airflow/example_dags/example_short_circuit_operator.py for tasks to queue
[2021-02-13 07:31:01,720] {logging_mixin.py:104} INFO - [2021-02-13 07:31:01,720] {dagbag.py:448} INFO - Filling up the DagBag from /home/airflow/.local/lib/python3.6/site-packages/airflow/example_dags/example_short_circuit_operator.py
[2021-02-13 07:31:01,735] {scheduler_job.py:639} INFO - DAG(s) dict_keys(['example_short_circuit_operator']) retrieved from /home/airflow/.local/lib/python3.6/site-packages/airflow/example_dags/example_short_circuit_operator.py
[2021-02-13 07:31:01,759] {logging_mixin.py:104} INFO - [2021-02-13 07:31:01,758] {dag.py:1818} INFO - Sync 1 DAGs
[2021-02-13 07:31:01,777] {logging_mixin.py:104} INFO - [2021-02-13 07:31:01,777] {dag.py:2273} INFO - Setting next_dagrun for example_short_circuit_operator to 2021-02-11 00:00:00+00:00
[2021-02-13 07:31:01,987] {scheduler_job.py:190} INFO - Processing /home/airflow/.local/lib/python3.6/site-packages/airflow/example_dags/example_short_circuit_operator.py took 0.272 seconds
[2021-02-13 07:31:32,492] {scheduler_job.py:182} INFO - Started process (PID=123) to work on /home/airflow/.local/lib/python3.6/site-packages/airflow/example_dags/example_short_circuit_operator.py
[2021-02-13 07:31:32,494] {scheduler_job.py:629} INFO - Processing file /home/airflow/.local/lib/python3.6/site-packages/airflow/example_dags/example_short_circuit_operator.py for tasks to queue
[2021-02-13 07:31:32,495] {logging_mixin.py:104} INFO - [2021-02-13 07:31:32,494] {dagbag.py:448} INFO - Filling up the DagBag from /home/airflow/.local/lib/python3.6/site-packages/airflow/example_dags/example_short_circuit_operator.py
[2021-02-13 07:31:32,524] {scheduler_job.py:639} INFO - DAG(s) dict_keys(['example_short_circuit_operator']) retrieved from /home/airflow/.local/lib/python3.6/site-packages/airflow/example_dags/example_short_circuit_operator.py
[2021-02-13 07:31:32,573] {logging_mixin.py:104} INFO - [2021-02-13 07:31:32,572] {dag.py:1818} INFO - Sync 1 DAGs
[2021-02-13 07:31:32,594] {logging_mixin.py:104} INFO - [2021-02-13 07:31:32,594] {dag.py:2273} INFO - Setting next_dagrun for example_short_circuit_operator to 2021-02-11 00:00:00+00:00
[2021-02-13 07:31:32,623] {scheduler_job.py:190} INFO - Processing /home/airflow/.local/lib/python3.6/site-packages/airflow/example_dags/example_short_circuit_operator.py took 0.140 seconds
[2021-02-13 07:32:04,073] {scheduler_job.py:182} INFO - Started process (PID=149) to work on /home/airflow/.local/lib/python3.6/site-packages/airflow/example_dags/example_short_circuit_operator.py
[2021-02-13 07:32:04,075] {scheduler_job.py:629} INFO - Processing file /home/airflow/.local/lib/python3.6/site-packages/airflow/example_dags/example_short_circuit_operator.py for tasks to queue
[2021-02-13 07:32:04,076] {logging_mixin.py:104} INFO - [2021-02-13 07:32:04,076] {dagbag.py:448} INFO - Filling up the DagBag from /home/airflow/.local/lib/python3.6/site-packages/airflow/example_dags/example_short_circuit_operator.py
[2021-02-13 07:32:04,103] {scheduler_job.py:639} INFO - DAG(s) dict_keys(['example_short_circuit_operator']) retrieved from /home/airflow/.local/lib/python3.6/site-packages/airflow/example_dags/example_short_circuit_operator.py
[2021-02-13 07:32:04,138] {logging_mixin.py:104} INFO - [2021-02-13 07:32:04,138] {dag.py:1818} INFO - Sync 1 DAGs
[2021-02-13 07:32:04,165] {logging_mixin.py:104} INFO - [2021-02-13 07:32:04,165] {dag.py:2273} INFO - Setting next_dagrun for example_short_circuit_operator to 2021-02-11 00:00:00+00:00
[2021-02-13 07:32:04,197] {scheduler_job.py:190} INFO - Processing /home/airflow/.local/lib/python3.6/site-packages/airflow/example_dags/example_short_circuit_operator.py took 0.128 seconds
[2021-02-13 07:32:35,977] {scheduler_job.py:182} INFO - Started process (PID=175) to work on /home/airflow/.local/lib/python3.6/site-packages/airflow/example_dags/example_short_circuit_operator.py
[2021-02-13 07:32:35,979] {scheduler_job.py:629} INFO - Processing file /home/airflow/.local/lib/python3.6/site-packages/airflow/example_dags/example_short_circuit_operator.py for tasks to queue
[2021-02-13 07:32:35,980] {logging_mixin.py:104} INFO - [2021-02-13 07:32:35,980] {dagbag.py:448} INFO - Filling up the DagBag from /home/airflow/.local/lib/python3.6/site-packages/airflow/example_dags/example_short_circuit_operator.py
[2021-02-13 07:32:36,012] {scheduler_job.py:639} INFO - DAG(s) dict_keys(['example_short_circuit_operator']) retrieved from /home/airflow/.local/lib/python3.6/site-packages/airflow/example_dags/example_short_circuit_operator.py
[2021-02-13 07:32:36,051] {logging_mixin.py:104} INFO - [2021-02-13 07:32:36,049] {dag.py:1818} INFO - Sync 1 DAGs
[2021-02-13 07:32:36,078] {logging_mixin.py:104} INFO - [2021-02-13 07:32:36,078] {dag.py:2273} INFO - Setting next_dagrun for example_short_circuit_operator to 2021-02-11 00:00:00+00:00
[2021-02-13 07:32:36,126] {scheduler_job.py:190} INFO - Processing /home/airflow/.local/lib/python3.6/site-packages/airflow/example_dags/example_short_circuit_operator.py took 0.158 seconds
[2021-02-13 07:33:07,815] {scheduler_job.py:182} INFO - Started process (PID=198) to work on /home/airflow/.local/lib/python3.6/site-packages/airflow/example_dags/example_short_circuit_operator.py
[2021-02-13 07:33:07,816] {scheduler_job.py:629} INFO - Processing file /home/airflow/.local/lib/python3.6/site-packages/airflow/example_dags/example_short_circuit_operator.py for tasks to queue
[2021-02-13 07:33:07,817] {logging_mixin.py:104} INFO - [2021-02-13 07:33:07,817] {dagbag.py:448} INFO - Filling up the DagBag from /home/airflow/.local/lib/python3.6/site-packages/airflow/example_dags/example_short_circuit_operator.py
[2021-02-13 07:33:07,835] {scheduler_job.py:639} INFO - DAG(s) dict_keys(['example_short_circuit_operator']) retrieved from /home/airflow/.local/lib/python3.6/site-packages/airflow/example_dags/example_short_circuit_operator.py
[2021-02-13 07:33:07,872] {logging_mixin.py:104} INFO - [2021-02-13 07:33:07,872] {dag.py:1818} INFO - Sync 1 DAGs
[2021-02-13 07:33:07,895] {logging_mixin.py:104} INFO - [2021-02-13 07:33:07,895] {dag.py:2273} INFO - Setting next_dagrun for example_short_circuit_operator to 2021-02-11 00:00:00+00:00
[2021-02-13 07:33:08,043] {scheduler_job.py:190} INFO - Processing /home/airflow/.local/lib/python3.6/site-packages/airflow/example_dags/example_short_circuit_operator.py took 0.232 seconds
[2021-02-13 07:33:38,365] {scheduler_job.py:182} INFO - Started process (PID=225) to work on /home/airflow/.local/lib/python3.6/site-packages/airflow/example_dags/example_short_circuit_operator.py
[2021-02-13 07:33:38,367] {scheduler_job.py:629} INFO - Processing file /home/airflow/.local/lib/python3.6/site-packages/airflow/example_dags/example_short_circuit_operator.py for tasks to queue
[2021-02-13 07:33:38,367] {logging_mixin.py:104} INFO - [2021-02-13 07:33:38,367] {dagbag.py:448} INFO - Filling up the DagBag from /home/airflow/.local/lib/python3.6/site-packages/airflow/example_dags/example_short_circuit_operator.py
[2021-02-13 07:33:38,387] {scheduler_job.py:639} INFO - DAG(s) dict_keys(['example_short_circuit_operator']) retrieved from /home/airflow/.local/lib/python3.6/site-packages/airflow/example_dags/example_short_circuit_operator.py
[2021-02-13 07:33:38,415] {logging_mixin.py:104} INFO - [2021-02-13 07:33:38,414] {dag.py:1818} INFO - Sync 1 DAGs
[2021-02-13 07:33:38,433] {logging_mixin.py:104} INFO - [2021-02-13 07:33:38,433] {dag.py:2273} INFO - Setting next_dagrun for example_short_circuit_operator to 2021-02-11 00:00:00+00:00
[2021-02-13 07:33:38,456] {scheduler_job.py:190} INFO - Processing /home/airflow/.local/lib/python3.6/site-packages/airflow/example_dags/example_short_circuit_operator.py took 0.096 seconds
[2021-02-13 07:34:10,243] {scheduler_job.py:182} INFO - Started process (PID=250) to work on /home/airflow/.local/lib/python3.6/site-packages/airflow/example_dags/example_short_circuit_operator.py
[2021-02-13 07:34:10,245] {scheduler_job.py:629} INFO - Processing file /home/airflow/.local/lib/python3.6/site-packages/airflow/example_dags/example_short_circuit_operator.py for tasks to queue
[2021-02-13 07:34:10,245] {logging_mixin.py:104} INFO - [2021-02-13 07:34:10,245] {dagbag.py:448} INFO - Filling up the DagBag from /home/airflow/.local/lib/python3.6/site-packages/airflow/example_dags/example_short_circuit_operator.py
[2021-02-13 07:34:10,259] {scheduler_job.py:639} INFO - DAG(s) dict_keys(['example_short_circuit_operator']) retrieved from /home/airflow/.local/lib/python3.6/site-packages/airflow/example_dags/example_short_circuit_operator.py
[2021-02-13 07:34:10,281] {logging_mixin.py:104} INFO - [2021-02-13 07:34:10,281] {dag.py:1818} INFO - Sync 1 DAGs
[2021-02-13 07:34:10,299] {logging_mixin.py:104} INFO - [2021-02-13 07:34:10,299] {dag.py:2273} INFO - Setting next_dagrun for example_short_circuit_operator to 2021-02-11 00:00:00+00:00
[2021-02-13 07:34:10,352] {scheduler_job.py:190} INFO - Processing /home/airflow/.local/lib/python3.6/site-packages/airflow/example_dags/example_short_circuit_operator.py took 0.112 seconds
[2021-02-13 07:34:40,675] {scheduler_job.py:182} INFO - Started process (PID=278) to work on /home/airflow/.local/lib/python3.6/site-packages/airflow/example_dags/example_short_circuit_operator.py
[2021-02-13 07:34:40,676] {scheduler_job.py:629} INFO - Processing file /home/airflow/.local/lib/python3.6/site-packages/airflow/example_dags/example_short_circuit_operator.py for tasks to queue
[2021-02-13 07:34:40,677] {logging_mixin.py:104} INFO - [2021-02-13 07:34:40,677] {dagbag.py:448} INFO - Filling up the DagBag from /home/airflow/.local/lib/python3.6/site-packages/airflow/example_dags/example_short_circuit_operator.py
[2021-02-13 07:34:40,695] {scheduler_job.py:639} INFO - DAG(s) dict_keys(['example_short_circuit_operator']) retrieved from /home/airflow/.local/lib/python3.6/site-packages/airflow/example_dags/example_short_circuit_operator.py
[2021-02-13 07:34:40,719] {logging_mixin.py:104} INFO - [2021-02-13 07:34:40,719] {dag.py:1818} INFO - Sync 1 DAGs
[2021-02-13 07:34:40,738] {logging_mixin.py:104} INFO - [2021-02-13 07:34:40,737] {dag.py:2273} INFO - Setting next_dagrun for example_short_circuit_operator to 2021-02-11 00:00:00+00:00
[2021-02-13 07:34:40,766] {scheduler_job.py:190} INFO - Processing /home/airflow/.local/lib/python3.6/site-packages/airflow/example_dags/example_short_circuit_operator.py took 0.096 seconds
[2021-02-13 07:35:11,463] {scheduler_job.py:182} INFO - Started process (PID=304) to work on /home/airflow/.local/lib/python3.6/site-packages/airflow/example_dags/example_short_circuit_operator.py
[2021-02-13 07:35:11,465] {scheduler_job.py:629} INFO - Processing file /home/airflow/.local/lib/python3.6/site-packages/airflow/example_dags/example_short_circuit_operator.py for tasks to queue
[2021-02-13 07:35:11,465] {logging_mixin.py:104} INFO - [2021-02-13 07:35:11,465] {dagbag.py:448} INFO - Filling up the DagBag from /home/airflow/.local/lib/python3.6/site-packages/airflow/example_dags/example_short_circuit_operator.py
[2021-02-13 07:35:11,483] {scheduler_job.py:639} INFO - DAG(s) dict_keys(['example_short_circuit_operator']) retrieved from /home/airflow/.local/lib/python3.6/site-packages/airflow/example_dags/example_short_circuit_operator.py
[2021-02-13 07:35:11,511] {logging_mixin.py:104} INFO - [2021-02-13 07:35:11,511] {dag.py:1818} INFO - Sync 1 DAGs
[2021-02-13 07:35:11,531] {logging_mixin.py:104} INFO - [2021-02-13 07:35:11,531] {dag.py:2273} INFO - Setting next_dagrun for example_short_circuit_operator to 2021-02-11 00:00:00+00:00
[2021-02-13 07:35:12,133] {scheduler_job.py:190} INFO - Processing /home/airflow/.local/lib/python3.6/site-packages/airflow/example_dags/example_short_circuit_operator.py took 0.675 seconds
[2021-02-13 07:35:43,568] {scheduler_job.py:182} INFO - Started process (PID=338) to work on /home/airflow/.local/lib/python3.6/site-packages/airflow/example_dags/example_short_circuit_operator.py
[2021-02-13 07:35:43,570] {scheduler_job.py:629} INFO - Processing file /home/airflow/.local/lib/python3.6/site-packages/airflow/example_dags/example_short_circuit_operator.py for tasks to queue
[2021-02-13 07:35:43,571] {logging_mixin.py:104} INFO - [2021-02-13 07:35:43,571] {dagbag.py:448} INFO - Filling up the DagBag from /home/airflow/.local/lib/python3.6/site-packages/airflow/example_dags/example_short_circuit_operator.py
[2021-02-13 07:35:43,591] {scheduler_job.py:639} INFO - DAG(s) dict_keys(['example_short_circuit_operator']) retrieved from /home/airflow/.local/lib/python3.6/site-packages/airflow/example_dags/example_short_circuit_operator.py
[2021-02-13 07:35:43,619] {logging_mixin.py:104} INFO - [2021-02-13 07:35:43,618] {dag.py:1818} INFO - Sync 1 DAGs
[2021-02-13 07:35:43,636] {logging_mixin.py:104} INFO - [2021-02-13 07:35:43,635] {dag.py:2273} INFO - Setting next_dagrun for example_short_circuit_operator to 2021-02-11 00:00:00+00:00
[2021-02-13 07:35:43,660] {scheduler_job.py:190} INFO - Processing /home/airflow/.local/lib/python3.6/site-packages/airflow/example_dags/example_short_circuit_operator.py took 0.096 seconds
