[2021-02-13 07:29:58,119] {scheduler_job.py:182} INFO - Started process (PID=44) to work on /home/airflow/.local/lib/python3.6/site-packages/airflow/example_dags/example_latest_only_with_trigger.py
[2021-02-13 07:29:58,125] {scheduler_job.py:629} INFO - Processing file /home/airflow/.local/lib/python3.6/site-packages/airflow/example_dags/example_latest_only_with_trigger.py for tasks to queue
[2021-02-13 07:29:58,126] {logging_mixin.py:104} INFO - [2021-02-13 07:29:58,126] {dagbag.py:448} INFO - Filling up the DagBag from /home/airflow/.local/lib/python3.6/site-packages/airflow/example_dags/example_latest_only_with_trigger.py
[2021-02-13 07:29:58,164] {scheduler_job.py:639} INFO - DAG(s) dict_keys(['latest_only_with_trigger']) retrieved from /home/airflow/.local/lib/python3.6/site-packages/airflow/example_dags/example_latest_only_with_trigger.py
[2021-02-13 07:29:58,227] {logging_mixin.py:104} INFO - [2021-02-13 07:29:58,227] {dag.py:1818} INFO - Sync 1 DAGs
[2021-02-13 07:29:58,273] {logging_mixin.py:104} INFO - [2021-02-13 07:29:58,273] {dag.py:1837} INFO - Creating ORM DAG for latest_only_with_trigger
[2021-02-13 07:29:58,289] {logging_mixin.py:104} INFO - [2021-02-13 07:29:58,289] {dag.py:2273} INFO - Setting next_dagrun for latest_only_with_trigger to 2021-02-11 00:00:00+00:00
[2021-02-13 07:29:58,352] {scheduler_job.py:190} INFO - Processing /home/airflow/.local/lib/python3.6/site-packages/airflow/example_dags/example_latest_only_with_trigger.py took 0.252 seconds
[2021-02-13 07:30:30,955] {scheduler_job.py:182} INFO - Started process (PID=75) to work on /home/airflow/.local/lib/python3.6/site-packages/airflow/example_dags/example_latest_only_with_trigger.py
[2021-02-13 07:30:30,957] {scheduler_job.py:629} INFO - Processing file /home/airflow/.local/lib/python3.6/site-packages/airflow/example_dags/example_latest_only_with_trigger.py for tasks to queue
[2021-02-13 07:30:30,958] {logging_mixin.py:104} INFO - [2021-02-13 07:30:30,958] {dagbag.py:448} INFO - Filling up the DagBag from /home/airflow/.local/lib/python3.6/site-packages/airflow/example_dags/example_latest_only_with_trigger.py
[2021-02-13 07:30:30,978] {scheduler_job.py:639} INFO - DAG(s) dict_keys(['latest_only_with_trigger']) retrieved from /home/airflow/.local/lib/python3.6/site-packages/airflow/example_dags/example_latest_only_with_trigger.py
[2021-02-13 07:30:31,021] {logging_mixin.py:104} INFO - [2021-02-13 07:30:31,021] {dag.py:1818} INFO - Sync 1 DAGs
[2021-02-13 07:30:31,055] {logging_mixin.py:104} INFO - [2021-02-13 07:30:31,055] {dag.py:2273} INFO - Setting next_dagrun for latest_only_with_trigger to 2021-02-11 00:00:00+00:00
[2021-02-13 07:30:31,223] {scheduler_job.py:190} INFO - Processing /home/airflow/.local/lib/python3.6/site-packages/airflow/example_dags/example_latest_only_with_trigger.py took 0.273 seconds
[2021-02-13 07:31:02,440] {scheduler_job.py:182} INFO - Started process (PID=101) to work on /home/airflow/.local/lib/python3.6/site-packages/airflow/example_dags/example_latest_only_with_trigger.py
[2021-02-13 07:31:02,441] {scheduler_job.py:629} INFO - Processing file /home/airflow/.local/lib/python3.6/site-packages/airflow/example_dags/example_latest_only_with_trigger.py for tasks to queue
[2021-02-13 07:31:02,442] {logging_mixin.py:104} INFO - [2021-02-13 07:31:02,442] {dagbag.py:448} INFO - Filling up the DagBag from /home/airflow/.local/lib/python3.6/site-packages/airflow/example_dags/example_latest_only_with_trigger.py
[2021-02-13 07:31:02,456] {scheduler_job.py:639} INFO - DAG(s) dict_keys(['latest_only_with_trigger']) retrieved from /home/airflow/.local/lib/python3.6/site-packages/airflow/example_dags/example_latest_only_with_trigger.py
[2021-02-13 07:31:02,498] {logging_mixin.py:104} INFO - [2021-02-13 07:31:02,498] {dag.py:1818} INFO - Sync 1 DAGs
[2021-02-13 07:31:02,525] {logging_mixin.py:104} INFO - [2021-02-13 07:31:02,525] {dag.py:2273} INFO - Setting next_dagrun for latest_only_with_trigger to 2021-02-11 00:00:00+00:00
[2021-02-13 07:31:02,597] {scheduler_job.py:190} INFO - Processing /home/airflow/.local/lib/python3.6/site-packages/airflow/example_dags/example_latest_only_with_trigger.py took 0.160 seconds
[2021-02-13 07:31:32,836] {scheduler_job.py:182} INFO - Started process (PID=126) to work on /home/airflow/.local/lib/python3.6/site-packages/airflow/example_dags/example_latest_only_with_trigger.py
[2021-02-13 07:31:32,838] {scheduler_job.py:629} INFO - Processing file /home/airflow/.local/lib/python3.6/site-packages/airflow/example_dags/example_latest_only_with_trigger.py for tasks to queue
[2021-02-13 07:31:32,838] {logging_mixin.py:104} INFO - [2021-02-13 07:31:32,838] {dagbag.py:448} INFO - Filling up the DagBag from /home/airflow/.local/lib/python3.6/site-packages/airflow/example_dags/example_latest_only_with_trigger.py
[2021-02-13 07:31:32,849] {scheduler_job.py:639} INFO - DAG(s) dict_keys(['latest_only_with_trigger']) retrieved from /home/airflow/.local/lib/python3.6/site-packages/airflow/example_dags/example_latest_only_with_trigger.py
[2021-02-13 07:31:32,879] {logging_mixin.py:104} INFO - [2021-02-13 07:31:32,878] {dag.py:1818} INFO - Sync 1 DAGs
[2021-02-13 07:31:32,902] {logging_mixin.py:104} INFO - [2021-02-13 07:31:32,901] {dag.py:2273} INFO - Setting next_dagrun for latest_only_with_trigger to 2021-02-11 00:00:00+00:00
[2021-02-13 07:31:32,932] {scheduler_job.py:190} INFO - Processing /home/airflow/.local/lib/python3.6/site-packages/airflow/example_dags/example_latest_only_with_trigger.py took 0.099 seconds
[2021-02-13 07:32:04,698] {scheduler_job.py:182} INFO - Started process (PID=159) to work on /home/airflow/.local/lib/python3.6/site-packages/airflow/example_dags/example_latest_only_with_trigger.py
[2021-02-13 07:32:04,700] {scheduler_job.py:629} INFO - Processing file /home/airflow/.local/lib/python3.6/site-packages/airflow/example_dags/example_latest_only_with_trigger.py for tasks to queue
[2021-02-13 07:32:04,701] {logging_mixin.py:104} INFO - [2021-02-13 07:32:04,701] {dagbag.py:448} INFO - Filling up the DagBag from /home/airflow/.local/lib/python3.6/site-packages/airflow/example_dags/example_latest_only_with_trigger.py
[2021-02-13 07:32:04,719] {scheduler_job.py:639} INFO - DAG(s) dict_keys(['latest_only_with_trigger']) retrieved from /home/airflow/.local/lib/python3.6/site-packages/airflow/example_dags/example_latest_only_with_trigger.py
[2021-02-13 07:32:04,754] {logging_mixin.py:104} INFO - [2021-02-13 07:32:04,753] {dag.py:1818} INFO - Sync 1 DAGs
[2021-02-13 07:32:04,779] {logging_mixin.py:104} INFO - [2021-02-13 07:32:04,779] {dag.py:2273} INFO - Setting next_dagrun for latest_only_with_trigger to 2021-02-11 00:00:00+00:00
[2021-02-13 07:32:04,814] {scheduler_job.py:190} INFO - Processing /home/airflow/.local/lib/python3.6/site-packages/airflow/example_dags/example_latest_only_with_trigger.py took 0.122 seconds
[2021-02-13 07:32:36,898] {scheduler_job.py:182} INFO - Started process (PID=185) to work on /home/airflow/.local/lib/python3.6/site-packages/airflow/example_dags/example_latest_only_with_trigger.py
[2021-02-13 07:32:36,901] {scheduler_job.py:629} INFO - Processing file /home/airflow/.local/lib/python3.6/site-packages/airflow/example_dags/example_latest_only_with_trigger.py for tasks to queue
[2021-02-13 07:32:36,902] {logging_mixin.py:104} INFO - [2021-02-13 07:32:36,902] {dagbag.py:448} INFO - Filling up the DagBag from /home/airflow/.local/lib/python3.6/site-packages/airflow/example_dags/example_latest_only_with_trigger.py
[2021-02-13 07:32:36,920] {scheduler_job.py:639} INFO - DAG(s) dict_keys(['latest_only_with_trigger']) retrieved from /home/airflow/.local/lib/python3.6/site-packages/airflow/example_dags/example_latest_only_with_trigger.py
[2021-02-13 07:32:36,959] {logging_mixin.py:104} INFO - [2021-02-13 07:32:36,959] {dag.py:1818} INFO - Sync 1 DAGs
[2021-02-13 07:32:36,982] {logging_mixin.py:104} INFO - [2021-02-13 07:32:36,982] {dag.py:2273} INFO - Setting next_dagrun for latest_only_with_trigger to 2021-02-11 00:00:00+00:00
[2021-02-13 07:32:37,020] {scheduler_job.py:190} INFO - Processing /home/airflow/.local/lib/python3.6/site-packages/airflow/example_dags/example_latest_only_with_trigger.py took 0.126 seconds
[2021-02-13 07:33:09,917] {scheduler_job.py:182} INFO - Started process (PID=212) to work on /home/airflow/.local/lib/python3.6/site-packages/airflow/example_dags/example_latest_only_with_trigger.py
[2021-02-13 07:33:09,918] {scheduler_job.py:629} INFO - Processing file /home/airflow/.local/lib/python3.6/site-packages/airflow/example_dags/example_latest_only_with_trigger.py for tasks to queue
[2021-02-13 07:33:09,919] {logging_mixin.py:104} INFO - [2021-02-13 07:33:09,919] {dagbag.py:448} INFO - Filling up the DagBag from /home/airflow/.local/lib/python3.6/site-packages/airflow/example_dags/example_latest_only_with_trigger.py
[2021-02-13 07:33:09,933] {scheduler_job.py:639} INFO - DAG(s) dict_keys(['latest_only_with_trigger']) retrieved from /home/airflow/.local/lib/python3.6/site-packages/airflow/example_dags/example_latest_only_with_trigger.py
[2021-02-13 07:33:09,962] {logging_mixin.py:104} INFO - [2021-02-13 07:33:09,962] {dag.py:1818} INFO - Sync 1 DAGs
[2021-02-13 07:33:09,984] {logging_mixin.py:104} INFO - [2021-02-13 07:33:09,983] {dag.py:2273} INFO - Setting next_dagrun for latest_only_with_trigger to 2021-02-11 00:00:00+00:00
[2021-02-13 07:33:10,009] {scheduler_job.py:190} INFO - Processing /home/airflow/.local/lib/python3.6/site-packages/airflow/example_dags/example_latest_only_with_trigger.py took 0.095 seconds
[2021-02-13 07:33:41,272] {scheduler_job.py:182} INFO - Started process (PID=238) to work on /home/airflow/.local/lib/python3.6/site-packages/airflow/example_dags/example_latest_only_with_trigger.py
[2021-02-13 07:33:41,273] {scheduler_job.py:629} INFO - Processing file /home/airflow/.local/lib/python3.6/site-packages/airflow/example_dags/example_latest_only_with_trigger.py for tasks to queue
[2021-02-13 07:33:41,274] {logging_mixin.py:104} INFO - [2021-02-13 07:33:41,274] {dagbag.py:448} INFO - Filling up the DagBag from /home/airflow/.local/lib/python3.6/site-packages/airflow/example_dags/example_latest_only_with_trigger.py
[2021-02-13 07:33:41,292] {scheduler_job.py:639} INFO - DAG(s) dict_keys(['latest_only_with_trigger']) retrieved from /home/airflow/.local/lib/python3.6/site-packages/airflow/example_dags/example_latest_only_with_trigger.py
[2021-02-13 07:33:41,323] {logging_mixin.py:104} INFO - [2021-02-13 07:33:41,323] {dag.py:1818} INFO - Sync 1 DAGs
[2021-02-13 07:33:41,344] {logging_mixin.py:104} INFO - [2021-02-13 07:33:41,344] {dag.py:2273} INFO - Setting next_dagrun for latest_only_with_trigger to 2021-02-11 00:00:00+00:00
[2021-02-13 07:33:41,378] {scheduler_job.py:190} INFO - Processing /home/airflow/.local/lib/python3.6/site-packages/airflow/example_dags/example_latest_only_with_trigger.py took 0.111 seconds
[2021-02-13 07:34:11,410] {scheduler_job.py:182} INFO - Started process (PID=264) to work on /home/airflow/.local/lib/python3.6/site-packages/airflow/example_dags/example_latest_only_with_trigger.py
[2021-02-13 07:34:11,412] {scheduler_job.py:629} INFO - Processing file /home/airflow/.local/lib/python3.6/site-packages/airflow/example_dags/example_latest_only_with_trigger.py for tasks to queue
[2021-02-13 07:34:11,413] {logging_mixin.py:104} INFO - [2021-02-13 07:34:11,412] {dagbag.py:448} INFO - Filling up the DagBag from /home/airflow/.local/lib/python3.6/site-packages/airflow/example_dags/example_latest_only_with_trigger.py
[2021-02-13 07:34:11,430] {scheduler_job.py:639} INFO - DAG(s) dict_keys(['latest_only_with_trigger']) retrieved from /home/airflow/.local/lib/python3.6/site-packages/airflow/example_dags/example_latest_only_with_trigger.py
[2021-02-13 07:34:11,458] {logging_mixin.py:104} INFO - [2021-02-13 07:34:11,457] {dag.py:1818} INFO - Sync 1 DAGs
[2021-02-13 07:34:11,475] {logging_mixin.py:104} INFO - [2021-02-13 07:34:11,475] {dag.py:2273} INFO - Setting next_dagrun for latest_only_with_trigger to 2021-02-11 00:00:00+00:00
[2021-02-13 07:34:11,502] {scheduler_job.py:190} INFO - Processing /home/airflow/.local/lib/python3.6/site-packages/airflow/example_dags/example_latest_only_with_trigger.py took 0.096 seconds
[2021-02-13 07:34:42,411] {scheduler_job.py:182} INFO - Started process (PID=290) to work on /home/airflow/.local/lib/python3.6/site-packages/airflow/example_dags/example_latest_only_with_trigger.py
[2021-02-13 07:34:42,412] {scheduler_job.py:629} INFO - Processing file /home/airflow/.local/lib/python3.6/site-packages/airflow/example_dags/example_latest_only_with_trigger.py for tasks to queue
[2021-02-13 07:34:42,413] {logging_mixin.py:104} INFO - [2021-02-13 07:34:42,413] {dagbag.py:448} INFO - Filling up the DagBag from /home/airflow/.local/lib/python3.6/site-packages/airflow/example_dags/example_latest_only_with_trigger.py
[2021-02-13 07:34:42,429] {scheduler_job.py:639} INFO - DAG(s) dict_keys(['latest_only_with_trigger']) retrieved from /home/airflow/.local/lib/python3.6/site-packages/airflow/example_dags/example_latest_only_with_trigger.py
[2021-02-13 07:34:42,455] {logging_mixin.py:104} INFO - [2021-02-13 07:34:42,454] {dag.py:1818} INFO - Sync 1 DAGs
[2021-02-13 07:34:42,478] {logging_mixin.py:104} INFO - [2021-02-13 07:34:42,477] {dag.py:2273} INFO - Setting next_dagrun for latest_only_with_trigger to 2021-02-11 00:00:00+00:00
[2021-02-13 07:34:42,505] {scheduler_job.py:190} INFO - Processing /home/airflow/.local/lib/python3.6/site-packages/airflow/example_dags/example_latest_only_with_trigger.py took 0.097 seconds
[2021-02-13 07:35:12,905] {scheduler_job.py:182} INFO - Started process (PID=315) to work on /home/airflow/.local/lib/python3.6/site-packages/airflow/example_dags/example_latest_only_with_trigger.py
[2021-02-13 07:35:12,906] {scheduler_job.py:629} INFO - Processing file /home/airflow/.local/lib/python3.6/site-packages/airflow/example_dags/example_latest_only_with_trigger.py for tasks to queue
[2021-02-13 07:35:12,907] {logging_mixin.py:104} INFO - [2021-02-13 07:35:12,907] {dagbag.py:448} INFO - Filling up the DagBag from /home/airflow/.local/lib/python3.6/site-packages/airflow/example_dags/example_latest_only_with_trigger.py
[2021-02-13 07:35:12,922] {scheduler_job.py:639} INFO - DAG(s) dict_keys(['latest_only_with_trigger']) retrieved from /home/airflow/.local/lib/python3.6/site-packages/airflow/example_dags/example_latest_only_with_trigger.py
[2021-02-13 07:35:12,947] {logging_mixin.py:104} INFO - [2021-02-13 07:35:12,947] {dag.py:1818} INFO - Sync 1 DAGs
[2021-02-13 07:35:12,967] {logging_mixin.py:104} INFO - [2021-02-13 07:35:12,967] {dag.py:2273} INFO - Setting next_dagrun for latest_only_with_trigger to 2021-02-11 00:00:00+00:00
[2021-02-13 07:35:12,990] {scheduler_job.py:190} INFO - Processing /home/airflow/.local/lib/python3.6/site-packages/airflow/example_dags/example_latest_only_with_trigger.py took 0.088 seconds
[2021-02-13 07:35:43,781] {scheduler_job.py:182} INFO - Started process (PID=341) to work on /home/airflow/.local/lib/python3.6/site-packages/airflow/example_dags/example_latest_only_with_trigger.py
[2021-02-13 07:35:43,782] {scheduler_job.py:629} INFO - Processing file /home/airflow/.local/lib/python3.6/site-packages/airflow/example_dags/example_latest_only_with_trigger.py for tasks to queue
[2021-02-13 07:35:43,783] {logging_mixin.py:104} INFO - [2021-02-13 07:35:43,783] {dagbag.py:448} INFO - Filling up the DagBag from /home/airflow/.local/lib/python3.6/site-packages/airflow/example_dags/example_latest_only_with_trigger.py
[2021-02-13 07:35:43,798] {scheduler_job.py:639} INFO - DAG(s) dict_keys(['latest_only_with_trigger']) retrieved from /home/airflow/.local/lib/python3.6/site-packages/airflow/example_dags/example_latest_only_with_trigger.py
[2021-02-13 07:35:43,826] {logging_mixin.py:104} INFO - [2021-02-13 07:35:43,826] {dag.py:1818} INFO - Sync 1 DAGs
[2021-02-13 07:35:43,845] {logging_mixin.py:104} INFO - [2021-02-13 07:35:43,845] {dag.py:2273} INFO - Setting next_dagrun for latest_only_with_trigger to 2021-02-11 00:00:00+00:00
[2021-02-13 07:35:43,875] {scheduler_job.py:190} INFO - Processing /home/airflow/.local/lib/python3.6/site-packages/airflow/example_dags/example_latest_only_with_trigger.py took 0.098 seconds
