[2021-02-13 07:29:58,977] {scheduler_job.py:182} INFO - Started process (PID=49) to work on /home/airflow/.local/lib/python3.6/site-packages/airflow/example_dags/example_task_group.py
[2021-02-13 07:29:58,979] {scheduler_job.py:629} INFO - Processing file /home/airflow/.local/lib/python3.6/site-packages/airflow/example_dags/example_task_group.py for tasks to queue
[2021-02-13 07:29:58,980] {logging_mixin.py:104} INFO - [2021-02-13 07:29:58,979] {dagbag.py:448} INFO - Filling up the DagBag from /home/airflow/.local/lib/python3.6/site-packages/airflow/example_dags/example_task_group.py
[2021-02-13 07:29:59,041] {scheduler_job.py:639} INFO - DAG(s) dict_keys(['example_task_group']) retrieved from /home/airflow/.local/lib/python3.6/site-packages/airflow/example_dags/example_task_group.py
[2021-02-13 07:29:59,104] {logging_mixin.py:104} INFO - [2021-02-13 07:29:59,104] {dag.py:1818} INFO - Sync 1 DAGs
[2021-02-13 07:29:59,138] {logging_mixin.py:104} INFO - [2021-02-13 07:29:59,138] {dag.py:1837} INFO - Creating ORM DAG for example_task_group
[2021-02-13 07:29:59,158] {logging_mixin.py:104} INFO - [2021-02-13 07:29:59,158] {dag.py:2273} INFO - Setting next_dagrun for example_task_group to 2021-02-11 00:00:00+00:00
[2021-02-13 07:29:59,300] {scheduler_job.py:190} INFO - Processing /home/airflow/.local/lib/python3.6/site-packages/airflow/example_dags/example_task_group.py took 0.338 seconds
[2021-02-13 07:30:29,775] {scheduler_job.py:182} INFO - Started process (PID=68) to work on /home/airflow/.local/lib/python3.6/site-packages/airflow/example_dags/example_task_group.py
[2021-02-13 07:30:29,776] {scheduler_job.py:629} INFO - Processing file /home/airflow/.local/lib/python3.6/site-packages/airflow/example_dags/example_task_group.py for tasks to queue
[2021-02-13 07:30:29,778] {logging_mixin.py:104} INFO - [2021-02-13 07:30:29,777] {dagbag.py:448} INFO - Filling up the DagBag from /home/airflow/.local/lib/python3.6/site-packages/airflow/example_dags/example_task_group.py
[2021-02-13 07:30:29,800] {scheduler_job.py:639} INFO - DAG(s) dict_keys(['example_task_group']) retrieved from /home/airflow/.local/lib/python3.6/site-packages/airflow/example_dags/example_task_group.py
[2021-02-13 07:30:29,835] {logging_mixin.py:104} INFO - [2021-02-13 07:30:29,835] {dag.py:1818} INFO - Sync 1 DAGs
[2021-02-13 07:30:29,864] {logging_mixin.py:104} INFO - [2021-02-13 07:30:29,864] {dag.py:2273} INFO - Setting next_dagrun for example_task_group to 2021-02-11 00:00:00+00:00
[2021-02-13 07:30:30,151] {scheduler_job.py:190} INFO - Processing /home/airflow/.local/lib/python3.6/site-packages/airflow/example_dags/example_task_group.py took 0.381 seconds
[2021-02-13 07:31:01,569] {scheduler_job.py:182} INFO - Started process (PID=94) to work on /home/airflow/.local/lib/python3.6/site-packages/airflow/example_dags/example_task_group.py
[2021-02-13 07:31:01,570] {scheduler_job.py:629} INFO - Processing file /home/airflow/.local/lib/python3.6/site-packages/airflow/example_dags/example_task_group.py for tasks to queue
[2021-02-13 07:31:01,571] {logging_mixin.py:104} INFO - [2021-02-13 07:31:01,571] {dagbag.py:448} INFO - Filling up the DagBag from /home/airflow/.local/lib/python3.6/site-packages/airflow/example_dags/example_task_group.py
[2021-02-13 07:31:01,583] {scheduler_job.py:639} INFO - DAG(s) dict_keys(['example_task_group']) retrieved from /home/airflow/.local/lib/python3.6/site-packages/airflow/example_dags/example_task_group.py
[2021-02-13 07:31:01,604] {logging_mixin.py:104} INFO - [2021-02-13 07:31:01,604] {dag.py:1818} INFO - Sync 1 DAGs
[2021-02-13 07:31:01,620] {logging_mixin.py:104} INFO - [2021-02-13 07:31:01,620] {dag.py:2273} INFO - Setting next_dagrun for example_task_group to 2021-02-11 00:00:00+00:00
[2021-02-13 07:31:01,836] {scheduler_job.py:190} INFO - Processing /home/airflow/.local/lib/python3.6/site-packages/airflow/example_dags/example_task_group.py took 0.270 seconds
[2021-02-13 07:31:32,280] {scheduler_job.py:182} INFO - Started process (PID=119) to work on /home/airflow/.local/lib/python3.6/site-packages/airflow/example_dags/example_task_group.py
[2021-02-13 07:31:32,282] {scheduler_job.py:629} INFO - Processing file /home/airflow/.local/lib/python3.6/site-packages/airflow/example_dags/example_task_group.py for tasks to queue
[2021-02-13 07:31:32,283] {logging_mixin.py:104} INFO - [2021-02-13 07:31:32,283] {dagbag.py:448} INFO - Filling up the DagBag from /home/airflow/.local/lib/python3.6/site-packages/airflow/example_dags/example_task_group.py
[2021-02-13 07:31:32,301] {scheduler_job.py:639} INFO - DAG(s) dict_keys(['example_task_group']) retrieved from /home/airflow/.local/lib/python3.6/site-packages/airflow/example_dags/example_task_group.py
[2021-02-13 07:31:32,330] {logging_mixin.py:104} INFO - [2021-02-13 07:31:32,329] {dag.py:1818} INFO - Sync 1 DAGs
[2021-02-13 07:31:32,350] {logging_mixin.py:104} INFO - [2021-02-13 07:31:32,350] {dag.py:2273} INFO - Setting next_dagrun for example_task_group to 2021-02-11 00:00:00+00:00
[2021-02-13 07:31:32,390] {scheduler_job.py:190} INFO - Processing /home/airflow/.local/lib/python3.6/site-packages/airflow/example_dags/example_task_group.py took 0.114 seconds
[2021-02-13 07:32:02,792] {scheduler_job.py:182} INFO - Started process (PID=140) to work on /home/airflow/.local/lib/python3.6/site-packages/airflow/example_dags/example_task_group.py
[2021-02-13 07:32:02,793] {scheduler_job.py:629} INFO - Processing file /home/airflow/.local/lib/python3.6/site-packages/airflow/example_dags/example_task_group.py for tasks to queue
[2021-02-13 07:32:02,794] {logging_mixin.py:104} INFO - [2021-02-13 07:32:02,794] {dagbag.py:448} INFO - Filling up the DagBag from /home/airflow/.local/lib/python3.6/site-packages/airflow/example_dags/example_task_group.py
[2021-02-13 07:32:02,810] {scheduler_job.py:639} INFO - DAG(s) dict_keys(['example_task_group']) retrieved from /home/airflow/.local/lib/python3.6/site-packages/airflow/example_dags/example_task_group.py
[2021-02-13 07:32:02,838] {logging_mixin.py:104} INFO - [2021-02-13 07:32:02,838] {dag.py:1818} INFO - Sync 1 DAGs
[2021-02-13 07:32:02,860] {logging_mixin.py:104} INFO - [2021-02-13 07:32:02,860] {dag.py:2273} INFO - Setting next_dagrun for example_task_group to 2021-02-11 00:00:00+00:00
[2021-02-13 07:32:03,676] {scheduler_job.py:190} INFO - Processing /home/airflow/.local/lib/python3.6/site-packages/airflow/example_dags/example_task_group.py took 0.889 seconds
[2021-02-13 07:32:34,259] {scheduler_job.py:182} INFO - Started process (PID=166) to work on /home/airflow/.local/lib/python3.6/site-packages/airflow/example_dags/example_task_group.py
[2021-02-13 07:32:34,282] {scheduler_job.py:629} INFO - Processing file /home/airflow/.local/lib/python3.6/site-packages/airflow/example_dags/example_task_group.py for tasks to queue
[2021-02-13 07:32:34,283] {logging_mixin.py:104} INFO - [2021-02-13 07:32:34,283] {dagbag.py:448} INFO - Filling up the DagBag from /home/airflow/.local/lib/python3.6/site-packages/airflow/example_dags/example_task_group.py
[2021-02-13 07:32:34,358] {scheduler_job.py:639} INFO - DAG(s) dict_keys(['example_task_group']) retrieved from /home/airflow/.local/lib/python3.6/site-packages/airflow/example_dags/example_task_group.py
[2021-02-13 07:32:34,448] {logging_mixin.py:104} INFO - [2021-02-13 07:32:34,448] {dag.py:1818} INFO - Sync 1 DAGs
[2021-02-13 07:32:34,482] {logging_mixin.py:104} INFO - [2021-02-13 07:32:34,482] {dag.py:2273} INFO - Setting next_dagrun for example_task_group to 2021-02-11 00:00:00+00:00
[2021-02-13 07:32:34,520] {scheduler_job.py:190} INFO - Processing /home/airflow/.local/lib/python3.6/site-packages/airflow/example_dags/example_task_group.py took 0.272 seconds
[2021-02-13 07:33:05,056] {scheduler_job.py:182} INFO - Started process (PID=192) to work on /home/airflow/.local/lib/python3.6/site-packages/airflow/example_dags/example_task_group.py
[2021-02-13 07:33:05,058] {scheduler_job.py:629} INFO - Processing file /home/airflow/.local/lib/python3.6/site-packages/airflow/example_dags/example_task_group.py for tasks to queue
[2021-02-13 07:33:05,058] {logging_mixin.py:104} INFO - [2021-02-13 07:33:05,058] {dagbag.py:448} INFO - Filling up the DagBag from /home/airflow/.local/lib/python3.6/site-packages/airflow/example_dags/example_task_group.py
[2021-02-13 07:33:05,072] {scheduler_job.py:639} INFO - DAG(s) dict_keys(['example_task_group']) retrieved from /home/airflow/.local/lib/python3.6/site-packages/airflow/example_dags/example_task_group.py
[2021-02-13 07:33:05,103] {logging_mixin.py:104} INFO - [2021-02-13 07:33:05,102] {dag.py:1818} INFO - Sync 1 DAGs
[2021-02-13 07:33:05,128] {logging_mixin.py:104} INFO - [2021-02-13 07:33:05,127] {dag.py:2273} INFO - Setting next_dagrun for example_task_group to 2021-02-11 00:00:00+00:00
[2021-02-13 07:33:05,285] {scheduler_job.py:190} INFO - Processing /home/airflow/.local/lib/python3.6/site-packages/airflow/example_dags/example_task_group.py took 0.232 seconds
[2021-02-13 07:33:35,706] {scheduler_job.py:182} INFO - Started process (PID=218) to work on /home/airflow/.local/lib/python3.6/site-packages/airflow/example_dags/example_task_group.py
[2021-02-13 07:33:35,707] {scheduler_job.py:629} INFO - Processing file /home/airflow/.local/lib/python3.6/site-packages/airflow/example_dags/example_task_group.py for tasks to queue
[2021-02-13 07:33:35,708] {logging_mixin.py:104} INFO - [2021-02-13 07:33:35,708] {dagbag.py:448} INFO - Filling up the DagBag from /home/airflow/.local/lib/python3.6/site-packages/airflow/example_dags/example_task_group.py
[2021-02-13 07:33:35,723] {scheduler_job.py:639} INFO - DAG(s) dict_keys(['example_task_group']) retrieved from /home/airflow/.local/lib/python3.6/site-packages/airflow/example_dags/example_task_group.py
[2021-02-13 07:33:35,751] {logging_mixin.py:104} INFO - [2021-02-13 07:33:35,750] {dag.py:1818} INFO - Sync 1 DAGs
[2021-02-13 07:33:35,785] {logging_mixin.py:104} INFO - [2021-02-13 07:33:35,785] {dag.py:2273} INFO - Setting next_dagrun for example_task_group to 2021-02-11 00:00:00+00:00
[2021-02-13 07:33:36,114] {scheduler_job.py:190} INFO - Processing /home/airflow/.local/lib/python3.6/site-packages/airflow/example_dags/example_task_group.py took 0.413 seconds
[2021-02-13 07:34:06,994] {scheduler_job.py:182} INFO - Started process (PID=244) to work on /home/airflow/.local/lib/python3.6/site-packages/airflow/example_dags/example_task_group.py
[2021-02-13 07:34:06,996] {scheduler_job.py:629} INFO - Processing file /home/airflow/.local/lib/python3.6/site-packages/airflow/example_dags/example_task_group.py for tasks to queue
[2021-02-13 07:34:06,997] {logging_mixin.py:104} INFO - [2021-02-13 07:34:06,997] {dagbag.py:448} INFO - Filling up the DagBag from /home/airflow/.local/lib/python3.6/site-packages/airflow/example_dags/example_task_group.py
[2021-02-13 07:34:07,010] {scheduler_job.py:639} INFO - DAG(s) dict_keys(['example_task_group']) retrieved from /home/airflow/.local/lib/python3.6/site-packages/airflow/example_dags/example_task_group.py
[2021-02-13 07:34:07,034] {logging_mixin.py:104} INFO - [2021-02-13 07:34:07,034] {dag.py:1818} INFO - Sync 1 DAGs
[2021-02-13 07:34:07,051] {logging_mixin.py:104} INFO - [2021-02-13 07:34:07,051] {dag.py:2273} INFO - Setting next_dagrun for example_task_group to 2021-02-11 00:00:00+00:00
[2021-02-13 07:34:07,555] {scheduler_job.py:190} INFO - Processing /home/airflow/.local/lib/python3.6/site-packages/airflow/example_dags/example_task_group.py took 0.566 seconds
[2021-02-13 07:34:38,129] {scheduler_job.py:182} INFO - Started process (PID=270) to work on /home/airflow/.local/lib/python3.6/site-packages/airflow/example_dags/example_task_group.py
[2021-02-13 07:34:38,130] {scheduler_job.py:629} INFO - Processing file /home/airflow/.local/lib/python3.6/site-packages/airflow/example_dags/example_task_group.py for tasks to queue
[2021-02-13 07:34:38,131] {logging_mixin.py:104} INFO - [2021-02-13 07:34:38,131] {dagbag.py:448} INFO - Filling up the DagBag from /home/airflow/.local/lib/python3.6/site-packages/airflow/example_dags/example_task_group.py
[2021-02-13 07:34:38,153] {scheduler_job.py:639} INFO - DAG(s) dict_keys(['example_task_group']) retrieved from /home/airflow/.local/lib/python3.6/site-packages/airflow/example_dags/example_task_group.py
[2021-02-13 07:34:38,184] {logging_mixin.py:104} INFO - [2021-02-13 07:34:38,184] {dag.py:1818} INFO - Sync 1 DAGs
[2021-02-13 07:34:38,205] {logging_mixin.py:104} INFO - [2021-02-13 07:34:38,205] {dag.py:2273} INFO - Setting next_dagrun for example_task_group to 2021-02-11 00:00:00+00:00
[2021-02-13 07:34:38,875] {scheduler_job.py:190} INFO - Processing /home/airflow/.local/lib/python3.6/site-packages/airflow/example_dags/example_task_group.py took 0.751 seconds
[2021-02-13 07:35:09,109] {scheduler_job.py:182} INFO - Started process (PID=296) to work on /home/airflow/.local/lib/python3.6/site-packages/airflow/example_dags/example_task_group.py
[2021-02-13 07:35:09,110] {scheduler_job.py:629} INFO - Processing file /home/airflow/.local/lib/python3.6/site-packages/airflow/example_dags/example_task_group.py for tasks to queue
[2021-02-13 07:35:09,111] {logging_mixin.py:104} INFO - [2021-02-13 07:35:09,111] {dagbag.py:448} INFO - Filling up the DagBag from /home/airflow/.local/lib/python3.6/site-packages/airflow/example_dags/example_task_group.py
[2021-02-13 07:35:09,127] {scheduler_job.py:639} INFO - DAG(s) dict_keys(['example_task_group']) retrieved from /home/airflow/.local/lib/python3.6/site-packages/airflow/example_dags/example_task_group.py
[2021-02-13 07:35:09,152] {logging_mixin.py:104} INFO - [2021-02-13 07:35:09,152] {dag.py:1818} INFO - Sync 1 DAGs
[2021-02-13 07:35:09,180] {logging_mixin.py:104} INFO - [2021-02-13 07:35:09,180] {dag.py:2273} INFO - Setting next_dagrun for example_task_group to 2021-02-11 00:00:00+00:00
[2021-02-13 07:35:10,473] {scheduler_job.py:190} INFO - Processing /home/airflow/.local/lib/python3.6/site-packages/airflow/example_dags/example_task_group.py took 1.368 seconds
[2021-02-13 07:35:40,523] {scheduler_job.py:182} INFO - Started process (PID=322) to work on /home/airflow/.local/lib/python3.6/site-packages/airflow/example_dags/example_task_group.py
[2021-02-13 07:35:40,526] {scheduler_job.py:629} INFO - Processing file /home/airflow/.local/lib/python3.6/site-packages/airflow/example_dags/example_task_group.py for tasks to queue
[2021-02-13 07:35:40,527] {logging_mixin.py:104} INFO - [2021-02-13 07:35:40,527] {dagbag.py:448} INFO - Filling up the DagBag from /home/airflow/.local/lib/python3.6/site-packages/airflow/example_dags/example_task_group.py
[2021-02-13 07:35:40,545] {scheduler_job.py:639} INFO - DAG(s) dict_keys(['example_task_group']) retrieved from /home/airflow/.local/lib/python3.6/site-packages/airflow/example_dags/example_task_group.py
[2021-02-13 07:35:40,627] {logging_mixin.py:104} INFO - [2021-02-13 07:35:40,627] {dag.py:1818} INFO - Sync 1 DAGs
[2021-02-13 07:35:40,678] {logging_mixin.py:104} INFO - [2021-02-13 07:35:40,678] {dag.py:2273} INFO - Setting next_dagrun for example_task_group to 2021-02-11 00:00:00+00:00
[2021-02-13 07:35:41,935] {scheduler_job.py:190} INFO - Processing /home/airflow/.local/lib/python3.6/site-packages/airflow/example_dags/example_task_group.py took 1.417 seconds
[2021-02-13 07:36:12,266] {scheduler_job.py:182} INFO - Started process (PID=348) to work on /home/airflow/.local/lib/python3.6/site-packages/airflow/example_dags/example_task_group.py
[2021-02-13 07:36:12,268] {scheduler_job.py:629} INFO - Processing file /home/airflow/.local/lib/python3.6/site-packages/airflow/example_dags/example_task_group.py for tasks to queue
[2021-02-13 07:36:12,268] {logging_mixin.py:104} INFO - [2021-02-13 07:36:12,268] {dagbag.py:448} INFO - Filling up the DagBag from /home/airflow/.local/lib/python3.6/site-packages/airflow/example_dags/example_task_group.py
[2021-02-13 07:36:12,285] {scheduler_job.py:639} INFO - DAG(s) dict_keys(['example_task_group']) retrieved from /home/airflow/.local/lib/python3.6/site-packages/airflow/example_dags/example_task_group.py
[2021-02-13 07:36:12,311] {logging_mixin.py:104} INFO - [2021-02-13 07:36:12,311] {dag.py:1818} INFO - Sync 1 DAGs
[2021-02-13 07:36:12,332] {logging_mixin.py:104} INFO - [2021-02-13 07:36:12,331] {dag.py:2273} INFO - Setting next_dagrun for example_task_group to 2021-02-11 00:00:00+00:00
[2021-02-13 07:36:12,353] {scheduler_job.py:190} INFO - Processing /home/airflow/.local/lib/python3.6/site-packages/airflow/example_dags/example_task_group.py took 0.090 seconds
[2021-02-13 07:36:42,825] {scheduler_job.py:182} INFO - Started process (PID=374) to work on /home/airflow/.local/lib/python3.6/site-packages/airflow/example_dags/example_task_group.py
[2021-02-13 07:36:42,827] {scheduler_job.py:629} INFO - Processing file /home/airflow/.local/lib/python3.6/site-packages/airflow/example_dags/example_task_group.py for tasks to queue
[2021-02-13 07:36:42,828] {logging_mixin.py:104} INFO - [2021-02-13 07:36:42,828] {dagbag.py:448} INFO - Filling up the DagBag from /home/airflow/.local/lib/python3.6/site-packages/airflow/example_dags/example_task_group.py
[2021-02-13 07:36:42,845] {scheduler_job.py:639} INFO - DAG(s) dict_keys(['example_task_group']) retrieved from /home/airflow/.local/lib/python3.6/site-packages/airflow/example_dags/example_task_group.py
[2021-02-13 07:36:42,873] {logging_mixin.py:104} INFO - [2021-02-13 07:36:42,873] {dag.py:1818} INFO - Sync 1 DAGs
[2021-02-13 07:36:42,897] {logging_mixin.py:104} INFO - [2021-02-13 07:36:42,897] {dag.py:2273} INFO - Setting next_dagrun for example_task_group to 2021-02-11 00:00:00+00:00
[2021-02-13 07:36:42,928] {scheduler_job.py:190} INFO - Processing /home/airflow/.local/lib/python3.6/site-packages/airflow/example_dags/example_task_group.py took 0.106 seconds
[2021-02-13 07:37:13,570] {scheduler_job.py:182} INFO - Started process (PID=400) to work on /home/airflow/.local/lib/python3.6/site-packages/airflow/example_dags/example_task_group.py
[2021-02-13 07:37:13,572] {scheduler_job.py:629} INFO - Processing file /home/airflow/.local/lib/python3.6/site-packages/airflow/example_dags/example_task_group.py for tasks to queue
[2021-02-13 07:37:13,574] {logging_mixin.py:104} INFO - [2021-02-13 07:37:13,573] {dagbag.py:448} INFO - Filling up the DagBag from /home/airflow/.local/lib/python3.6/site-packages/airflow/example_dags/example_task_group.py
[2021-02-13 07:37:13,591] {scheduler_job.py:639} INFO - DAG(s) dict_keys(['example_task_group']) retrieved from /home/airflow/.local/lib/python3.6/site-packages/airflow/example_dags/example_task_group.py
[2021-02-13 07:37:13,619] {logging_mixin.py:104} INFO - [2021-02-13 07:37:13,619] {dag.py:1818} INFO - Sync 1 DAGs
[2021-02-13 07:37:13,641] {logging_mixin.py:104} INFO - [2021-02-13 07:37:13,641] {dag.py:2273} INFO - Setting next_dagrun for example_task_group to 2021-02-11 00:00:00+00:00
[2021-02-13 07:37:13,667] {scheduler_job.py:190} INFO - Processing /home/airflow/.local/lib/python3.6/site-packages/airflow/example_dags/example_task_group.py took 0.103 seconds
[2021-02-13 07:37:43,689] {scheduler_job.py:182} INFO - Started process (PID=426) to work on /home/airflow/.local/lib/python3.6/site-packages/airflow/example_dags/example_task_group.py
[2021-02-13 07:37:43,691] {scheduler_job.py:629} INFO - Processing file /home/airflow/.local/lib/python3.6/site-packages/airflow/example_dags/example_task_group.py for tasks to queue
[2021-02-13 07:37:43,693] {logging_mixin.py:104} INFO - [2021-02-13 07:37:43,692] {dagbag.py:448} INFO - Filling up the DagBag from /home/airflow/.local/lib/python3.6/site-packages/airflow/example_dags/example_task_group.py
[2021-02-13 07:37:43,709] {scheduler_job.py:639} INFO - DAG(s) dict_keys(['example_task_group']) retrieved from /home/airflow/.local/lib/python3.6/site-packages/airflow/example_dags/example_task_group.py
[2021-02-13 07:37:43,730] {logging_mixin.py:104} INFO - [2021-02-13 07:37:43,730] {dag.py:1818} INFO - Sync 1 DAGs
[2021-02-13 07:37:43,747] {logging_mixin.py:104} INFO - [2021-02-13 07:37:43,747] {dag.py:2273} INFO - Setting next_dagrun for example_task_group to 2021-02-11 00:00:00+00:00
[2021-02-13 07:37:44,447] {scheduler_job.py:190} INFO - Processing /home/airflow/.local/lib/python3.6/site-packages/airflow/example_dags/example_task_group.py took 0.762 seconds
[2021-02-13 07:38:14,661] {scheduler_job.py:182} INFO - Started process (PID=452) to work on /home/airflow/.local/lib/python3.6/site-packages/airflow/example_dags/example_task_group.py
[2021-02-13 07:38:14,663] {scheduler_job.py:629} INFO - Processing file /home/airflow/.local/lib/python3.6/site-packages/airflow/example_dags/example_task_group.py for tasks to queue
[2021-02-13 07:38:14,664] {logging_mixin.py:104} INFO - [2021-02-13 07:38:14,664] {dagbag.py:448} INFO - Filling up the DagBag from /home/airflow/.local/lib/python3.6/site-packages/airflow/example_dags/example_task_group.py
[2021-02-13 07:38:14,681] {scheduler_job.py:639} INFO - DAG(s) dict_keys(['example_task_group']) retrieved from /home/airflow/.local/lib/python3.6/site-packages/airflow/example_dags/example_task_group.py
[2021-02-13 07:38:14,708] {logging_mixin.py:104} INFO - [2021-02-13 07:38:14,708] {dag.py:1818} INFO - Sync 1 DAGs
[2021-02-13 07:38:14,731] {logging_mixin.py:104} INFO - [2021-02-13 07:38:14,730] {dag.py:2273} INFO - Setting next_dagrun for example_task_group to 2021-02-11 00:00:00+00:00
[2021-02-13 07:38:15,317] {scheduler_job.py:190} INFO - Processing /home/airflow/.local/lib/python3.6/site-packages/airflow/example_dags/example_task_group.py took 0.659 seconds
[2021-02-13 07:38:46,118] {scheduler_job.py:182} INFO - Started process (PID=478) to work on /home/airflow/.local/lib/python3.6/site-packages/airflow/example_dags/example_task_group.py
[2021-02-13 07:38:46,119] {scheduler_job.py:629} INFO - Processing file /home/airflow/.local/lib/python3.6/site-packages/airflow/example_dags/example_task_group.py for tasks to queue
[2021-02-13 07:38:46,120] {logging_mixin.py:104} INFO - [2021-02-13 07:38:46,120] {dagbag.py:448} INFO - Filling up the DagBag from /home/airflow/.local/lib/python3.6/site-packages/airflow/example_dags/example_task_group.py
[2021-02-13 07:38:46,134] {scheduler_job.py:639} INFO - DAG(s) dict_keys(['example_task_group']) retrieved from /home/airflow/.local/lib/python3.6/site-packages/airflow/example_dags/example_task_group.py
[2021-02-13 07:38:46,159] {logging_mixin.py:104} INFO - [2021-02-13 07:38:46,159] {dag.py:1818} INFO - Sync 1 DAGs
[2021-02-13 07:38:46,181] {logging_mixin.py:104} INFO - [2021-02-13 07:38:46,181] {dag.py:2273} INFO - Setting next_dagrun for example_task_group to 2021-02-11 00:00:00+00:00
[2021-02-13 07:38:46,489] {scheduler_job.py:190} INFO - Processing /home/airflow/.local/lib/python3.6/site-packages/airflow/example_dags/example_task_group.py took 0.374 seconds
[2021-02-13 07:39:16,687] {scheduler_job.py:182} INFO - Started process (PID=504) to work on /home/airflow/.local/lib/python3.6/site-packages/airflow/example_dags/example_task_group.py
[2021-02-13 07:39:16,688] {scheduler_job.py:629} INFO - Processing file /home/airflow/.local/lib/python3.6/site-packages/airflow/example_dags/example_task_group.py for tasks to queue
[2021-02-13 07:39:16,689] {logging_mixin.py:104} INFO - [2021-02-13 07:39:16,689] {dagbag.py:448} INFO - Filling up the DagBag from /home/airflow/.local/lib/python3.6/site-packages/airflow/example_dags/example_task_group.py
[2021-02-13 07:39:16,703] {scheduler_job.py:639} INFO - DAG(s) dict_keys(['example_task_group']) retrieved from /home/airflow/.local/lib/python3.6/site-packages/airflow/example_dags/example_task_group.py
[2021-02-13 07:39:16,727] {logging_mixin.py:104} INFO - [2021-02-13 07:39:16,727] {dag.py:1818} INFO - Sync 1 DAGs
[2021-02-13 07:39:16,745] {logging_mixin.py:104} INFO - [2021-02-13 07:39:16,745] {dag.py:2273} INFO - Setting next_dagrun for example_task_group to 2021-02-11 00:00:00+00:00
[2021-02-13 07:39:17,011] {scheduler_job.py:190} INFO - Processing /home/airflow/.local/lib/python3.6/site-packages/airflow/example_dags/example_task_group.py took 0.327 seconds
[2021-02-13 07:39:48,015] {scheduler_job.py:182} INFO - Started process (PID=530) to work on /home/airflow/.local/lib/python3.6/site-packages/airflow/example_dags/example_task_group.py
[2021-02-13 07:39:48,017] {scheduler_job.py:629} INFO - Processing file /home/airflow/.local/lib/python3.6/site-packages/airflow/example_dags/example_task_group.py for tasks to queue
[2021-02-13 07:39:48,018] {logging_mixin.py:104} INFO - [2021-02-13 07:39:48,018] {dagbag.py:448} INFO - Filling up the DagBag from /home/airflow/.local/lib/python3.6/site-packages/airflow/example_dags/example_task_group.py
[2021-02-13 07:39:48,034] {scheduler_job.py:639} INFO - DAG(s) dict_keys(['example_task_group']) retrieved from /home/airflow/.local/lib/python3.6/site-packages/airflow/example_dags/example_task_group.py
[2021-02-13 07:39:48,062] {logging_mixin.py:104} INFO - [2021-02-13 07:39:48,062] {dag.py:1818} INFO - Sync 1 DAGs
[2021-02-13 07:39:48,082] {logging_mixin.py:104} INFO - [2021-02-13 07:39:48,082] {dag.py:2273} INFO - Setting next_dagrun for example_task_group to 2021-02-11 00:00:00+00:00
[2021-02-13 07:39:48,111] {scheduler_job.py:190} INFO - Processing /home/airflow/.local/lib/python3.6/site-packages/airflow/example_dags/example_task_group.py took 0.101 seconds
[2021-02-13 07:40:18,761] {scheduler_job.py:182} INFO - Started process (PID=556) to work on /home/airflow/.local/lib/python3.6/site-packages/airflow/example_dags/example_task_group.py
[2021-02-13 07:40:18,762] {scheduler_job.py:629} INFO - Processing file /home/airflow/.local/lib/python3.6/site-packages/airflow/example_dags/example_task_group.py for tasks to queue
[2021-02-13 07:40:18,763] {logging_mixin.py:104} INFO - [2021-02-13 07:40:18,763] {dagbag.py:448} INFO - Filling up the DagBag from /home/airflow/.local/lib/python3.6/site-packages/airflow/example_dags/example_task_group.py
[2021-02-13 07:40:18,785] {scheduler_job.py:639} INFO - DAG(s) dict_keys(['example_task_group']) retrieved from /home/airflow/.local/lib/python3.6/site-packages/airflow/example_dags/example_task_group.py
[2021-02-13 07:40:18,820] {logging_mixin.py:104} INFO - [2021-02-13 07:40:18,820] {dag.py:1818} INFO - Sync 1 DAGs
[2021-02-13 07:40:18,846] {logging_mixin.py:104} INFO - [2021-02-13 07:40:18,845] {dag.py:2273} INFO - Setting next_dagrun for example_task_group to 2021-02-11 00:00:00+00:00
[2021-02-13 07:40:18,877] {scheduler_job.py:190} INFO - Processing /home/airflow/.local/lib/python3.6/site-packages/airflow/example_dags/example_task_group.py took 0.121 seconds
[2021-02-13 07:40:49,057] {scheduler_job.py:182} INFO - Started process (PID=582) to work on /home/airflow/.local/lib/python3.6/site-packages/airflow/example_dags/example_task_group.py
[2021-02-13 07:40:49,059] {scheduler_job.py:629} INFO - Processing file /home/airflow/.local/lib/python3.6/site-packages/airflow/example_dags/example_task_group.py for tasks to queue
[2021-02-13 07:40:49,060] {logging_mixin.py:104} INFO - [2021-02-13 07:40:49,059] {dagbag.py:448} INFO - Filling up the DagBag from /home/airflow/.local/lib/python3.6/site-packages/airflow/example_dags/example_task_group.py
[2021-02-13 07:40:49,076] {scheduler_job.py:639} INFO - DAG(s) dict_keys(['example_task_group']) retrieved from /home/airflow/.local/lib/python3.6/site-packages/airflow/example_dags/example_task_group.py
[2021-02-13 07:40:49,106] {logging_mixin.py:104} INFO - [2021-02-13 07:40:49,106] {dag.py:1818} INFO - Sync 1 DAGs
[2021-02-13 07:40:49,135] {logging_mixin.py:104} INFO - [2021-02-13 07:40:49,135] {dag.py:2273} INFO - Setting next_dagrun for example_task_group to 2021-02-11 00:00:00+00:00
[2021-02-13 07:40:49,166] {scheduler_job.py:190} INFO - Processing /home/airflow/.local/lib/python3.6/site-packages/airflow/example_dags/example_task_group.py took 0.115 seconds
[2021-02-13 07:41:19,598] {scheduler_job.py:182} INFO - Started process (PID=608) to work on /home/airflow/.local/lib/python3.6/site-packages/airflow/example_dags/example_task_group.py
[2021-02-13 07:41:19,599] {scheduler_job.py:629} INFO - Processing file /home/airflow/.local/lib/python3.6/site-packages/airflow/example_dags/example_task_group.py for tasks to queue
[2021-02-13 07:41:19,600] {logging_mixin.py:104} INFO - [2021-02-13 07:41:19,600] {dagbag.py:448} INFO - Filling up the DagBag from /home/airflow/.local/lib/python3.6/site-packages/airflow/example_dags/example_task_group.py
[2021-02-13 07:41:19,615] {scheduler_job.py:639} INFO - DAG(s) dict_keys(['example_task_group']) retrieved from /home/airflow/.local/lib/python3.6/site-packages/airflow/example_dags/example_task_group.py
[2021-02-13 07:41:19,643] {logging_mixin.py:104} INFO - [2021-02-13 07:41:19,642] {dag.py:1818} INFO - Sync 1 DAGs
[2021-02-13 07:41:19,665] {logging_mixin.py:104} INFO - [2021-02-13 07:41:19,665] {dag.py:2273} INFO - Setting next_dagrun for example_task_group to 2021-02-11 00:00:00+00:00
[2021-02-13 07:41:19,688] {scheduler_job.py:190} INFO - Processing /home/airflow/.local/lib/python3.6/site-packages/airflow/example_dags/example_task_group.py took 0.093 seconds
[2021-02-13 07:41:49,964] {scheduler_job.py:182} INFO - Started process (PID=634) to work on /home/airflow/.local/lib/python3.6/site-packages/airflow/example_dags/example_task_group.py
[2021-02-13 07:41:49,966] {scheduler_job.py:629} INFO - Processing file /home/airflow/.local/lib/python3.6/site-packages/airflow/example_dags/example_task_group.py for tasks to queue
[2021-02-13 07:41:49,967] {logging_mixin.py:104} INFO - [2021-02-13 07:41:49,966] {dagbag.py:448} INFO - Filling up the DagBag from /home/airflow/.local/lib/python3.6/site-packages/airflow/example_dags/example_task_group.py
[2021-02-13 07:41:49,984] {scheduler_job.py:639} INFO - DAG(s) dict_keys(['example_task_group']) retrieved from /home/airflow/.local/lib/python3.6/site-packages/airflow/example_dags/example_task_group.py
[2021-02-13 07:41:50,011] {logging_mixin.py:104} INFO - [2021-02-13 07:41:50,011] {dag.py:1818} INFO - Sync 1 DAGs
[2021-02-13 07:41:50,030] {logging_mixin.py:104} INFO - [2021-02-13 07:41:50,030] {dag.py:2273} INFO - Setting next_dagrun for example_task_group to 2021-02-11 00:00:00+00:00
[2021-02-13 07:41:50,056] {scheduler_job.py:190} INFO - Processing /home/airflow/.local/lib/python3.6/site-packages/airflow/example_dags/example_task_group.py took 0.097 seconds
