[2021-02-13 07:29:56,160] {scheduler_job.py:182} INFO - Started process (PID=34) to work on /home/airflow/.local/lib/python3.6/site-packages/airflow/example_dags/example_external_task_marker_dag.py
[2021-02-13 07:29:56,180] {scheduler_job.py:629} INFO - Processing file /home/airflow/.local/lib/python3.6/site-packages/airflow/example_dags/example_external_task_marker_dag.py for tasks to queue
[2021-02-13 07:29:56,205] {logging_mixin.py:104} INFO - [2021-02-13 07:29:56,205] {dagbag.py:448} INFO - Filling up the DagBag from /home/airflow/.local/lib/python3.6/site-packages/airflow/example_dags/example_external_task_marker_dag.py
[2021-02-13 07:29:56,280] {scheduler_job.py:639} INFO - DAG(s) dict_keys(['example_external_task_marker_parent', 'example_external_task_marker_child']) retrieved from /home/airflow/.local/lib/python3.6/site-packages/airflow/example_dags/example_external_task_marker_dag.py
[2021-02-13 07:29:56,411] {logging_mixin.py:104} INFO - [2021-02-13 07:29:56,411] {dag.py:1818} INFO - Sync 2 DAGs
[2021-02-13 07:29:56,455] {logging_mixin.py:104} INFO - [2021-02-13 07:29:56,455] {dag.py:1837} INFO - Creating ORM DAG for example_external_task_marker_parent
[2021-02-13 07:29:56,456] {logging_mixin.py:104} INFO - [2021-02-13 07:29:56,456] {dag.py:1837} INFO - Creating ORM DAG for example_external_task_marker_child
[2021-02-13 07:29:56,486] {logging_mixin.py:104} INFO - [2021-02-13 07:29:56,485] {dag.py:2273} INFO - Setting next_dagrun for example_external_task_marker_child to None
[2021-02-13 07:29:56,487] {logging_mixin.py:104} INFO - [2021-02-13 07:29:56,487] {dag.py:2273} INFO - Setting next_dagrun for example_external_task_marker_parent to None
[2021-02-13 07:29:56,775] {scheduler_job.py:190} INFO - Processing /home/airflow/.local/lib/python3.6/site-packages/airflow/example_dags/example_external_task_marker_dag.py took 0.657 seconds
[2021-02-13 07:30:27,300] {scheduler_job.py:182} INFO - Started process (PID=60) to work on /home/airflow/.local/lib/python3.6/site-packages/airflow/example_dags/example_external_task_marker_dag.py
[2021-02-13 07:30:27,305] {scheduler_job.py:629} INFO - Processing file /home/airflow/.local/lib/python3.6/site-packages/airflow/example_dags/example_external_task_marker_dag.py for tasks to queue
[2021-02-13 07:30:27,306] {logging_mixin.py:104} INFO - [2021-02-13 07:30:27,306] {dagbag.py:448} INFO - Filling up the DagBag from /home/airflow/.local/lib/python3.6/site-packages/airflow/example_dags/example_external_task_marker_dag.py
[2021-02-13 07:30:27,339] {scheduler_job.py:639} INFO - DAG(s) dict_keys(['example_external_task_marker_parent', 'example_external_task_marker_child']) retrieved from /home/airflow/.local/lib/python3.6/site-packages/airflow/example_dags/example_external_task_marker_dag.py
[2021-02-13 07:30:27,460] {logging_mixin.py:104} INFO - [2021-02-13 07:30:27,460] {dag.py:1818} INFO - Sync 2 DAGs
[2021-02-13 07:30:27,507] {logging_mixin.py:104} INFO - [2021-02-13 07:30:27,507] {dag.py:2273} INFO - Setting next_dagrun for example_external_task_marker_child to None
[2021-02-13 07:30:27,508] {logging_mixin.py:104} INFO - [2021-02-13 07:30:27,508] {dag.py:2273} INFO - Setting next_dagrun for example_external_task_marker_parent to None
[2021-02-13 07:30:28,064] {scheduler_job.py:190} INFO - Processing /home/airflow/.local/lib/python3.6/site-packages/airflow/example_dags/example_external_task_marker_dag.py took 0.769 seconds
[2021-02-13 07:30:58,136] {scheduler_job.py:182} INFO - Started process (PID=87) to work on /home/airflow/.local/lib/python3.6/site-packages/airflow/example_dags/example_external_task_marker_dag.py
[2021-02-13 07:30:58,138] {scheduler_job.py:629} INFO - Processing file /home/airflow/.local/lib/python3.6/site-packages/airflow/example_dags/example_external_task_marker_dag.py for tasks to queue
[2021-02-13 07:30:58,139] {logging_mixin.py:104} INFO - [2021-02-13 07:30:58,139] {dagbag.py:448} INFO - Filling up the DagBag from /home/airflow/.local/lib/python3.6/site-packages/airflow/example_dags/example_external_task_marker_dag.py
[2021-02-13 07:30:58,154] {scheduler_job.py:639} INFO - DAG(s) dict_keys(['example_external_task_marker_parent', 'example_external_task_marker_child']) retrieved from /home/airflow/.local/lib/python3.6/site-packages/airflow/example_dags/example_external_task_marker_dag.py
[2021-02-13 07:30:58,191] {logging_mixin.py:104} INFO - [2021-02-13 07:30:58,190] {dag.py:1818} INFO - Sync 2 DAGs
[2021-02-13 07:30:58,209] {logging_mixin.py:104} INFO - [2021-02-13 07:30:58,209] {dag.py:2273} INFO - Setting next_dagrun for example_external_task_marker_child to None
[2021-02-13 07:30:58,210] {logging_mixin.py:104} INFO - [2021-02-13 07:30:58,210] {dag.py:2273} INFO - Setting next_dagrun for example_external_task_marker_parent to None
[2021-02-13 07:30:58,248] {scheduler_job.py:190} INFO - Processing /home/airflow/.local/lib/python3.6/site-packages/airflow/example_dags/example_external_task_marker_dag.py took 0.115 seconds
[2021-02-13 07:31:28,633] {scheduler_job.py:182} INFO - Started process (PID=112) to work on /home/airflow/.local/lib/python3.6/site-packages/airflow/example_dags/example_external_task_marker_dag.py
[2021-02-13 07:31:28,634] {scheduler_job.py:629} INFO - Processing file /home/airflow/.local/lib/python3.6/site-packages/airflow/example_dags/example_external_task_marker_dag.py for tasks to queue
[2021-02-13 07:31:28,635] {logging_mixin.py:104} INFO - [2021-02-13 07:31:28,635] {dagbag.py:448} INFO - Filling up the DagBag from /home/airflow/.local/lib/python3.6/site-packages/airflow/example_dags/example_external_task_marker_dag.py
[2021-02-13 07:31:28,652] {scheduler_job.py:639} INFO - DAG(s) dict_keys(['example_external_task_marker_parent', 'example_external_task_marker_child']) retrieved from /home/airflow/.local/lib/python3.6/site-packages/airflow/example_dags/example_external_task_marker_dag.py
[2021-02-13 07:31:28,693] {logging_mixin.py:104} INFO - [2021-02-13 07:31:28,692] {dag.py:1818} INFO - Sync 2 DAGs
[2021-02-13 07:31:28,716] {logging_mixin.py:104} INFO - [2021-02-13 07:31:28,716] {dag.py:2273} INFO - Setting next_dagrun for example_external_task_marker_child to None
[2021-02-13 07:31:28,717] {logging_mixin.py:104} INFO - [2021-02-13 07:31:28,717] {dag.py:2273} INFO - Setting next_dagrun for example_external_task_marker_parent to None
[2021-02-13 07:31:29,575] {scheduler_job.py:190} INFO - Processing /home/airflow/.local/lib/python3.6/site-packages/airflow/example_dags/example_external_task_marker_dag.py took 0.946 seconds
[2021-02-13 07:31:59,652] {scheduler_job.py:182} INFO - Started process (PID=138) to work on /home/airflow/.local/lib/python3.6/site-packages/airflow/example_dags/example_external_task_marker_dag.py
[2021-02-13 07:31:59,653] {scheduler_job.py:629} INFO - Processing file /home/airflow/.local/lib/python3.6/site-packages/airflow/example_dags/example_external_task_marker_dag.py for tasks to queue
[2021-02-13 07:31:59,654] {logging_mixin.py:104} INFO - [2021-02-13 07:31:59,654] {dagbag.py:448} INFO - Filling up the DagBag from /home/airflow/.local/lib/python3.6/site-packages/airflow/example_dags/example_external_task_marker_dag.py
[2021-02-13 07:31:59,671] {scheduler_job.py:639} INFO - DAG(s) dict_keys(['example_external_task_marker_parent', 'example_external_task_marker_child']) retrieved from /home/airflow/.local/lib/python3.6/site-packages/airflow/example_dags/example_external_task_marker_dag.py
[2021-02-13 07:31:59,713] {logging_mixin.py:104} INFO - [2021-02-13 07:31:59,712] {dag.py:1818} INFO - Sync 2 DAGs
[2021-02-13 07:31:59,744] {logging_mixin.py:104} INFO - [2021-02-13 07:31:59,744] {dag.py:2273} INFO - Setting next_dagrun for example_external_task_marker_child to None
[2021-02-13 07:31:59,745] {logging_mixin.py:104} INFO - [2021-02-13 07:31:59,745] {dag.py:2273} INFO - Setting next_dagrun for example_external_task_marker_parent to None
[2021-02-13 07:31:59,778] {scheduler_job.py:190} INFO - Processing /home/airflow/.local/lib/python3.6/site-packages/airflow/example_dags/example_external_task_marker_dag.py took 0.131 seconds
[2021-02-13 07:32:29,916] {scheduler_job.py:182} INFO - Started process (PID=164) to work on /home/airflow/.local/lib/python3.6/site-packages/airflow/example_dags/example_external_task_marker_dag.py
[2021-02-13 07:32:30,026] {scheduler_job.py:629} INFO - Processing file /home/airflow/.local/lib/python3.6/site-packages/airflow/example_dags/example_external_task_marker_dag.py for tasks to queue
[2021-02-13 07:32:30,028] {logging_mixin.py:104} INFO - [2021-02-13 07:32:30,027] {dagbag.py:448} INFO - Filling up the DagBag from /home/airflow/.local/lib/python3.6/site-packages/airflow/example_dags/example_external_task_marker_dag.py
[2021-02-13 07:32:30,047] {scheduler_job.py:639} INFO - DAG(s) dict_keys(['example_external_task_marker_parent', 'example_external_task_marker_child']) retrieved from /home/airflow/.local/lib/python3.6/site-packages/airflow/example_dags/example_external_task_marker_dag.py
[2021-02-13 07:32:30,084] {logging_mixin.py:104} INFO - [2021-02-13 07:32:30,084] {dag.py:1818} INFO - Sync 2 DAGs
[2021-02-13 07:32:30,106] {logging_mixin.py:104} INFO - [2021-02-13 07:32:30,106] {dag.py:2273} INFO - Setting next_dagrun for example_external_task_marker_child to None
[2021-02-13 07:32:30,107] {logging_mixin.py:104} INFO - [2021-02-13 07:32:30,107] {dag.py:2273} INFO - Setting next_dagrun for example_external_task_marker_parent to None
[2021-02-13 07:32:30,284] {scheduler_job.py:190} INFO - Processing /home/airflow/.local/lib/python3.6/site-packages/airflow/example_dags/example_external_task_marker_dag.py took 0.372 seconds
[2021-02-13 07:33:00,497] {scheduler_job.py:182} INFO - Started process (PID=190) to work on /home/airflow/.local/lib/python3.6/site-packages/airflow/example_dags/example_external_task_marker_dag.py
[2021-02-13 07:33:00,498] {scheduler_job.py:629} INFO - Processing file /home/airflow/.local/lib/python3.6/site-packages/airflow/example_dags/example_external_task_marker_dag.py for tasks to queue
[2021-02-13 07:33:00,499] {logging_mixin.py:104} INFO - [2021-02-13 07:33:00,499] {dagbag.py:448} INFO - Filling up the DagBag from /home/airflow/.local/lib/python3.6/site-packages/airflow/example_dags/example_external_task_marker_dag.py
[2021-02-13 07:33:00,517] {scheduler_job.py:639} INFO - DAG(s) dict_keys(['example_external_task_marker_parent', 'example_external_task_marker_child']) retrieved from /home/airflow/.local/lib/python3.6/site-packages/airflow/example_dags/example_external_task_marker_dag.py
[2021-02-13 07:33:00,550] {logging_mixin.py:104} INFO - [2021-02-13 07:33:00,549] {dag.py:1818} INFO - Sync 2 DAGs
[2021-02-13 07:33:00,577] {logging_mixin.py:104} INFO - [2021-02-13 07:33:00,577] {dag.py:2273} INFO - Setting next_dagrun for example_external_task_marker_child to None
[2021-02-13 07:33:00,578] {logging_mixin.py:104} INFO - [2021-02-13 07:33:00,578] {dag.py:2273} INFO - Setting next_dagrun for example_external_task_marker_parent to None
[2021-02-13 07:33:01,025] {scheduler_job.py:190} INFO - Processing /home/airflow/.local/lib/python3.6/site-packages/airflow/example_dags/example_external_task_marker_dag.py took 0.532 seconds
[2021-02-13 07:33:31,232] {scheduler_job.py:182} INFO - Started process (PID=216) to work on /home/airflow/.local/lib/python3.6/site-packages/airflow/example_dags/example_external_task_marker_dag.py
[2021-02-13 07:33:31,235] {scheduler_job.py:629} INFO - Processing file /home/airflow/.local/lib/python3.6/site-packages/airflow/example_dags/example_external_task_marker_dag.py for tasks to queue
[2021-02-13 07:33:31,236] {logging_mixin.py:104} INFO - [2021-02-13 07:33:31,236] {dagbag.py:448} INFO - Filling up the DagBag from /home/airflow/.local/lib/python3.6/site-packages/airflow/example_dags/example_external_task_marker_dag.py
[2021-02-13 07:33:31,262] {scheduler_job.py:639} INFO - DAG(s) dict_keys(['example_external_task_marker_parent', 'example_external_task_marker_child']) retrieved from /home/airflow/.local/lib/python3.6/site-packages/airflow/example_dags/example_external_task_marker_dag.py
[2021-02-13 07:33:31,317] {logging_mixin.py:104} INFO - [2021-02-13 07:33:31,317] {dag.py:1818} INFO - Sync 2 DAGs
[2021-02-13 07:33:31,359] {logging_mixin.py:104} INFO - [2021-02-13 07:33:31,359] {dag.py:2273} INFO - Setting next_dagrun for example_external_task_marker_child to None
[2021-02-13 07:33:31,361] {logging_mixin.py:104} INFO - [2021-02-13 07:33:31,361] {dag.py:2273} INFO - Setting next_dagrun for example_external_task_marker_parent to None
[2021-02-13 07:33:31,669] {scheduler_job.py:190} INFO - Processing /home/airflow/.local/lib/python3.6/site-packages/airflow/example_dags/example_external_task_marker_dag.py took 0.441 seconds
[2021-02-13 07:34:02,610] {scheduler_job.py:182} INFO - Started process (PID=242) to work on /home/airflow/.local/lib/python3.6/site-packages/airflow/example_dags/example_external_task_marker_dag.py
[2021-02-13 07:34:02,612] {scheduler_job.py:629} INFO - Processing file /home/airflow/.local/lib/python3.6/site-packages/airflow/example_dags/example_external_task_marker_dag.py for tasks to queue
[2021-02-13 07:34:02,613] {logging_mixin.py:104} INFO - [2021-02-13 07:34:02,613] {dagbag.py:448} INFO - Filling up the DagBag from /home/airflow/.local/lib/python3.6/site-packages/airflow/example_dags/example_external_task_marker_dag.py
[2021-02-13 07:34:02,636] {scheduler_job.py:639} INFO - DAG(s) dict_keys(['example_external_task_marker_parent', 'example_external_task_marker_child']) retrieved from /home/airflow/.local/lib/python3.6/site-packages/airflow/example_dags/example_external_task_marker_dag.py
[2021-02-13 07:34:02,680] {logging_mixin.py:104} INFO - [2021-02-13 07:34:02,680] {dag.py:1818} INFO - Sync 2 DAGs
[2021-02-13 07:34:02,716] {logging_mixin.py:104} INFO - [2021-02-13 07:34:02,716] {dag.py:2273} INFO - Setting next_dagrun for example_external_task_marker_child to None
[2021-02-13 07:34:02,718] {logging_mixin.py:104} INFO - [2021-02-13 07:34:02,717] {dag.py:2273} INFO - Setting next_dagrun for example_external_task_marker_parent to None
[2021-02-13 07:34:02,975] {scheduler_job.py:190} INFO - Processing /home/airflow/.local/lib/python3.6/site-packages/airflow/example_dags/example_external_task_marker_dag.py took 0.367 seconds
[2021-02-13 07:34:33,828] {scheduler_job.py:182} INFO - Started process (PID=268) to work on /home/airflow/.local/lib/python3.6/site-packages/airflow/example_dags/example_external_task_marker_dag.py
[2021-02-13 07:34:33,829] {scheduler_job.py:629} INFO - Processing file /home/airflow/.local/lib/python3.6/site-packages/airflow/example_dags/example_external_task_marker_dag.py for tasks to queue
[2021-02-13 07:34:33,830] {logging_mixin.py:104} INFO - [2021-02-13 07:34:33,830] {dagbag.py:448} INFO - Filling up the DagBag from /home/airflow/.local/lib/python3.6/site-packages/airflow/example_dags/example_external_task_marker_dag.py
[2021-02-13 07:34:33,847] {scheduler_job.py:639} INFO - DAG(s) dict_keys(['example_external_task_marker_parent', 'example_external_task_marker_child']) retrieved from /home/airflow/.local/lib/python3.6/site-packages/airflow/example_dags/example_external_task_marker_dag.py
[2021-02-13 07:34:33,887] {logging_mixin.py:104} INFO - [2021-02-13 07:34:33,887] {dag.py:1818} INFO - Sync 2 DAGs
[2021-02-13 07:34:33,908] {logging_mixin.py:104} INFO - [2021-02-13 07:34:33,908] {dag.py:2273} INFO - Setting next_dagrun for example_external_task_marker_child to None
[2021-02-13 07:34:33,909] {logging_mixin.py:104} INFO - [2021-02-13 07:34:33,909] {dag.py:2273} INFO - Setting next_dagrun for example_external_task_marker_parent to None
[2021-02-13 07:34:34,254] {scheduler_job.py:190} INFO - Processing /home/airflow/.local/lib/python3.6/site-packages/airflow/example_dags/example_external_task_marker_dag.py took 0.430 seconds
[2021-02-13 07:35:04,777] {scheduler_job.py:182} INFO - Started process (PID=294) to work on /home/airflow/.local/lib/python3.6/site-packages/airflow/example_dags/example_external_task_marker_dag.py
[2021-02-13 07:35:04,779] {scheduler_job.py:629} INFO - Processing file /home/airflow/.local/lib/python3.6/site-packages/airflow/example_dags/example_external_task_marker_dag.py for tasks to queue
[2021-02-13 07:35:04,780] {logging_mixin.py:104} INFO - [2021-02-13 07:35:04,780] {dagbag.py:448} INFO - Filling up the DagBag from /home/airflow/.local/lib/python3.6/site-packages/airflow/example_dags/example_external_task_marker_dag.py
[2021-02-13 07:35:04,805] {scheduler_job.py:639} INFO - DAG(s) dict_keys(['example_external_task_marker_parent', 'example_external_task_marker_child']) retrieved from /home/airflow/.local/lib/python3.6/site-packages/airflow/example_dags/example_external_task_marker_dag.py
[2021-02-13 07:35:04,846] {logging_mixin.py:104} INFO - [2021-02-13 07:35:04,846] {dag.py:1818} INFO - Sync 2 DAGs
[2021-02-13 07:35:04,870] {logging_mixin.py:104} INFO - [2021-02-13 07:35:04,870] {dag.py:2273} INFO - Setting next_dagrun for example_external_task_marker_child to None
[2021-02-13 07:35:04,871] {logging_mixin.py:104} INFO - [2021-02-13 07:35:04,871] {dag.py:2273} INFO - Setting next_dagrun for example_external_task_marker_parent to None
[2021-02-13 07:35:05,062] {scheduler_job.py:190} INFO - Processing /home/airflow/.local/lib/python3.6/site-packages/airflow/example_dags/example_external_task_marker_dag.py took 0.290 seconds
[2021-02-13 07:35:35,273] {scheduler_job.py:182} INFO - Started process (PID=320) to work on /home/airflow/.local/lib/python3.6/site-packages/airflow/example_dags/example_external_task_marker_dag.py
[2021-02-13 07:35:35,275] {scheduler_job.py:629} INFO - Processing file /home/airflow/.local/lib/python3.6/site-packages/airflow/example_dags/example_external_task_marker_dag.py for tasks to queue
[2021-02-13 07:35:35,275] {logging_mixin.py:104} INFO - [2021-02-13 07:35:35,275] {dagbag.py:448} INFO - Filling up the DagBag from /home/airflow/.local/lib/python3.6/site-packages/airflow/example_dags/example_external_task_marker_dag.py
[2021-02-13 07:35:35,292] {scheduler_job.py:639} INFO - DAG(s) dict_keys(['example_external_task_marker_parent', 'example_external_task_marker_child']) retrieved from /home/airflow/.local/lib/python3.6/site-packages/airflow/example_dags/example_external_task_marker_dag.py
[2021-02-13 07:35:35,327] {logging_mixin.py:104} INFO - [2021-02-13 07:35:35,327] {dag.py:1818} INFO - Sync 2 DAGs
[2021-02-13 07:35:35,349] {logging_mixin.py:104} INFO - [2021-02-13 07:35:35,349] {dag.py:2273} INFO - Setting next_dagrun for example_external_task_marker_child to None
[2021-02-13 07:35:35,351] {logging_mixin.py:104} INFO - [2021-02-13 07:35:35,351] {dag.py:2273} INFO - Setting next_dagrun for example_external_task_marker_parent to None
[2021-02-13 07:35:35,489] {scheduler_job.py:190} INFO - Processing /home/airflow/.local/lib/python3.6/site-packages/airflow/example_dags/example_external_task_marker_dag.py took 0.219 seconds
[2021-02-13 07:36:06,130] {scheduler_job.py:182} INFO - Started process (PID=346) to work on /home/airflow/.local/lib/python3.6/site-packages/airflow/example_dags/example_external_task_marker_dag.py
[2021-02-13 07:36:06,132] {scheduler_job.py:629} INFO - Processing file /home/airflow/.local/lib/python3.6/site-packages/airflow/example_dags/example_external_task_marker_dag.py for tasks to queue
[2021-02-13 07:36:06,132] {logging_mixin.py:104} INFO - [2021-02-13 07:36:06,132] {dagbag.py:448} INFO - Filling up the DagBag from /home/airflow/.local/lib/python3.6/site-packages/airflow/example_dags/example_external_task_marker_dag.py
[2021-02-13 07:36:06,149] {scheduler_job.py:639} INFO - DAG(s) dict_keys(['example_external_task_marker_parent', 'example_external_task_marker_child']) retrieved from /home/airflow/.local/lib/python3.6/site-packages/airflow/example_dags/example_external_task_marker_dag.py
[2021-02-13 07:36:06,179] {logging_mixin.py:104} INFO - [2021-02-13 07:36:06,179] {dag.py:1818} INFO - Sync 2 DAGs
[2021-02-13 07:36:06,199] {logging_mixin.py:104} INFO - [2021-02-13 07:36:06,199] {dag.py:2273} INFO - Setting next_dagrun for example_external_task_marker_child to None
[2021-02-13 07:36:06,200] {logging_mixin.py:104} INFO - [2021-02-13 07:36:06,200] {dag.py:2273} INFO - Setting next_dagrun for example_external_task_marker_parent to None
[2021-02-13 07:36:06,242] {scheduler_job.py:190} INFO - Processing /home/airflow/.local/lib/python3.6/site-packages/airflow/example_dags/example_external_task_marker_dag.py took 0.115 seconds
[2021-02-13 07:36:36,693] {scheduler_job.py:182} INFO - Started process (PID=372) to work on /home/airflow/.local/lib/python3.6/site-packages/airflow/example_dags/example_external_task_marker_dag.py
[2021-02-13 07:36:36,695] {scheduler_job.py:629} INFO - Processing file /home/airflow/.local/lib/python3.6/site-packages/airflow/example_dags/example_external_task_marker_dag.py for tasks to queue
[2021-02-13 07:36:36,696] {logging_mixin.py:104} INFO - [2021-02-13 07:36:36,696] {dagbag.py:448} INFO - Filling up the DagBag from /home/airflow/.local/lib/python3.6/site-packages/airflow/example_dags/example_external_task_marker_dag.py
[2021-02-13 07:36:36,712] {scheduler_job.py:639} INFO - DAG(s) dict_keys(['example_external_task_marker_parent', 'example_external_task_marker_child']) retrieved from /home/airflow/.local/lib/python3.6/site-packages/airflow/example_dags/example_external_task_marker_dag.py
[2021-02-13 07:36:36,744] {logging_mixin.py:104} INFO - [2021-02-13 07:36:36,743] {dag.py:1818} INFO - Sync 2 DAGs
[2021-02-13 07:36:36,764] {logging_mixin.py:104} INFO - [2021-02-13 07:36:36,763] {dag.py:2273} INFO - Setting next_dagrun for example_external_task_marker_child to None
[2021-02-13 07:36:36,765] {logging_mixin.py:104} INFO - [2021-02-13 07:36:36,765] {dag.py:2273} INFO - Setting next_dagrun for example_external_task_marker_parent to None
[2021-02-13 07:36:36,803] {scheduler_job.py:190} INFO - Processing /home/airflow/.local/lib/python3.6/site-packages/airflow/example_dags/example_external_task_marker_dag.py took 0.113 seconds
[2021-02-13 07:37:07,439] {scheduler_job.py:182} INFO - Started process (PID=398) to work on /home/airflow/.local/lib/python3.6/site-packages/airflow/example_dags/example_external_task_marker_dag.py
[2021-02-13 07:37:07,441] {scheduler_job.py:629} INFO - Processing file /home/airflow/.local/lib/python3.6/site-packages/airflow/example_dags/example_external_task_marker_dag.py for tasks to queue
[2021-02-13 07:37:07,442] {logging_mixin.py:104} INFO - [2021-02-13 07:37:07,442] {dagbag.py:448} INFO - Filling up the DagBag from /home/airflow/.local/lib/python3.6/site-packages/airflow/example_dags/example_external_task_marker_dag.py
[2021-02-13 07:37:07,457] {scheduler_job.py:639} INFO - DAG(s) dict_keys(['example_external_task_marker_parent', 'example_external_task_marker_child']) retrieved from /home/airflow/.local/lib/python3.6/site-packages/airflow/example_dags/example_external_task_marker_dag.py
[2021-02-13 07:37:07,486] {logging_mixin.py:104} INFO - [2021-02-13 07:37:07,486] {dag.py:1818} INFO - Sync 2 DAGs
[2021-02-13 07:37:07,509] {logging_mixin.py:104} INFO - [2021-02-13 07:37:07,508] {dag.py:2273} INFO - Setting next_dagrun for example_external_task_marker_child to None
[2021-02-13 07:37:07,510] {logging_mixin.py:104} INFO - [2021-02-13 07:37:07,510] {dag.py:2273} INFO - Setting next_dagrun for example_external_task_marker_parent to None
[2021-02-13 07:37:07,550] {scheduler_job.py:190} INFO - Processing /home/airflow/.local/lib/python3.6/site-packages/airflow/example_dags/example_external_task_marker_dag.py took 0.115 seconds
[2021-02-13 07:37:37,667] {scheduler_job.py:182} INFO - Started process (PID=425) to work on /home/airflow/.local/lib/python3.6/site-packages/airflow/example_dags/example_external_task_marker_dag.py
[2021-02-13 07:37:37,668] {scheduler_job.py:629} INFO - Processing file /home/airflow/.local/lib/python3.6/site-packages/airflow/example_dags/example_external_task_marker_dag.py for tasks to queue
[2021-02-13 07:37:37,669] {logging_mixin.py:104} INFO - [2021-02-13 07:37:37,669] {dagbag.py:448} INFO - Filling up the DagBag from /home/airflow/.local/lib/python3.6/site-packages/airflow/example_dags/example_external_task_marker_dag.py
[2021-02-13 07:37:37,682] {scheduler_job.py:639} INFO - DAG(s) dict_keys(['example_external_task_marker_parent', 'example_external_task_marker_child']) retrieved from /home/airflow/.local/lib/python3.6/site-packages/airflow/example_dags/example_external_task_marker_dag.py
[2021-02-13 07:37:37,708] {logging_mixin.py:104} INFO - [2021-02-13 07:37:37,708] {dag.py:1818} INFO - Sync 2 DAGs
[2021-02-13 07:37:37,725] {logging_mixin.py:104} INFO - [2021-02-13 07:37:37,725] {dag.py:2273} INFO - Setting next_dagrun for example_external_task_marker_child to None
[2021-02-13 07:37:37,726] {logging_mixin.py:104} INFO - [2021-02-13 07:37:37,726] {dag.py:2273} INFO - Setting next_dagrun for example_external_task_marker_parent to None
[2021-02-13 07:37:37,753] {scheduler_job.py:190} INFO - Processing /home/airflow/.local/lib/python3.6/site-packages/airflow/example_dags/example_external_task_marker_dag.py took 0.089 seconds
[2021-02-13 07:38:08,529] {scheduler_job.py:182} INFO - Started process (PID=450) to work on /home/airflow/.local/lib/python3.6/site-packages/airflow/example_dags/example_external_task_marker_dag.py
[2021-02-13 07:38:08,531] {scheduler_job.py:629} INFO - Processing file /home/airflow/.local/lib/python3.6/site-packages/airflow/example_dags/example_external_task_marker_dag.py for tasks to queue
[2021-02-13 07:38:08,532] {logging_mixin.py:104} INFO - [2021-02-13 07:38:08,531] {dagbag.py:448} INFO - Filling up the DagBag from /home/airflow/.local/lib/python3.6/site-packages/airflow/example_dags/example_external_task_marker_dag.py
[2021-02-13 07:38:08,547] {scheduler_job.py:639} INFO - DAG(s) dict_keys(['example_external_task_marker_parent', 'example_external_task_marker_child']) retrieved from /home/airflow/.local/lib/python3.6/site-packages/airflow/example_dags/example_external_task_marker_dag.py
[2021-02-13 07:38:08,583] {logging_mixin.py:104} INFO - [2021-02-13 07:38:08,582] {dag.py:1818} INFO - Sync 2 DAGs
[2021-02-13 07:38:08,604] {logging_mixin.py:104} INFO - [2021-02-13 07:38:08,604] {dag.py:2273} INFO - Setting next_dagrun for example_external_task_marker_child to None
[2021-02-13 07:38:08,605] {logging_mixin.py:104} INFO - [2021-02-13 07:38:08,605] {dag.py:2273} INFO - Setting next_dagrun for example_external_task_marker_parent to None
[2021-02-13 07:38:08,641] {scheduler_job.py:190} INFO - Processing /home/airflow/.local/lib/python3.6/site-packages/airflow/example_dags/example_external_task_marker_dag.py took 0.115 seconds
[2021-02-13 07:38:38,852] {scheduler_job.py:182} INFO - Started process (PID=476) to work on /home/airflow/.local/lib/python3.6/site-packages/airflow/example_dags/example_external_task_marker_dag.py
[2021-02-13 07:38:38,854] {scheduler_job.py:629} INFO - Processing file /home/airflow/.local/lib/python3.6/site-packages/airflow/example_dags/example_external_task_marker_dag.py for tasks to queue
[2021-02-13 07:38:38,855] {logging_mixin.py:104} INFO - [2021-02-13 07:38:38,854] {dagbag.py:448} INFO - Filling up the DagBag from /home/airflow/.local/lib/python3.6/site-packages/airflow/example_dags/example_external_task_marker_dag.py
[2021-02-13 07:38:38,871] {scheduler_job.py:639} INFO - DAG(s) dict_keys(['example_external_task_marker_parent', 'example_external_task_marker_child']) retrieved from /home/airflow/.local/lib/python3.6/site-packages/airflow/example_dags/example_external_task_marker_dag.py
[2021-02-13 07:38:38,907] {logging_mixin.py:104} INFO - [2021-02-13 07:38:38,907] {dag.py:1818} INFO - Sync 2 DAGs
[2021-02-13 07:38:38,931] {logging_mixin.py:104} INFO - [2021-02-13 07:38:38,931] {dag.py:2273} INFO - Setting next_dagrun for example_external_task_marker_child to None
[2021-02-13 07:38:38,932] {logging_mixin.py:104} INFO - [2021-02-13 07:38:38,932] {dag.py:2273} INFO - Setting next_dagrun for example_external_task_marker_parent to None
[2021-02-13 07:38:39,202] {scheduler_job.py:190} INFO - Processing /home/airflow/.local/lib/python3.6/site-packages/airflow/example_dags/example_external_task_marker_dag.py took 0.353 seconds
[2021-02-13 07:39:10,029] {scheduler_job.py:182} INFO - Started process (PID=502) to work on /home/airflow/.local/lib/python3.6/site-packages/airflow/example_dags/example_external_task_marker_dag.py
[2021-02-13 07:39:10,031] {scheduler_job.py:629} INFO - Processing file /home/airflow/.local/lib/python3.6/site-packages/airflow/example_dags/example_external_task_marker_dag.py for tasks to queue
[2021-02-13 07:39:10,032] {logging_mixin.py:104} INFO - [2021-02-13 07:39:10,031] {dagbag.py:448} INFO - Filling up the DagBag from /home/airflow/.local/lib/python3.6/site-packages/airflow/example_dags/example_external_task_marker_dag.py
[2021-02-13 07:39:10,055] {scheduler_job.py:639} INFO - DAG(s) dict_keys(['example_external_task_marker_parent', 'example_external_task_marker_child']) retrieved from /home/airflow/.local/lib/python3.6/site-packages/airflow/example_dags/example_external_task_marker_dag.py
[2021-02-13 07:39:10,107] {logging_mixin.py:104} INFO - [2021-02-13 07:39:10,107] {dag.py:1818} INFO - Sync 2 DAGs
[2021-02-13 07:39:10,128] {logging_mixin.py:104} INFO - [2021-02-13 07:39:10,128] {dag.py:2273} INFO - Setting next_dagrun for example_external_task_marker_child to None
[2021-02-13 07:39:10,129] {logging_mixin.py:104} INFO - [2021-02-13 07:39:10,129] {dag.py:2273} INFO - Setting next_dagrun for example_external_task_marker_parent to None
[2021-02-13 07:39:10,777] {scheduler_job.py:190} INFO - Processing /home/airflow/.local/lib/python3.6/site-packages/airflow/example_dags/example_external_task_marker_dag.py took 0.751 seconds
[2021-02-13 07:39:40,856] {scheduler_job.py:182} INFO - Started process (PID=528) to work on /home/airflow/.local/lib/python3.6/site-packages/airflow/example_dags/example_external_task_marker_dag.py
[2021-02-13 07:39:40,859] {scheduler_job.py:629} INFO - Processing file /home/airflow/.local/lib/python3.6/site-packages/airflow/example_dags/example_external_task_marker_dag.py for tasks to queue
[2021-02-13 07:39:40,860] {logging_mixin.py:104} INFO - [2021-02-13 07:39:40,860] {dagbag.py:448} INFO - Filling up the DagBag from /home/airflow/.local/lib/python3.6/site-packages/airflow/example_dags/example_external_task_marker_dag.py
[2021-02-13 07:39:40,881] {scheduler_job.py:639} INFO - DAG(s) dict_keys(['example_external_task_marker_parent', 'example_external_task_marker_child']) retrieved from /home/airflow/.local/lib/python3.6/site-packages/airflow/example_dags/example_external_task_marker_dag.py
[2021-02-13 07:39:40,923] {logging_mixin.py:104} INFO - [2021-02-13 07:39:40,923] {dag.py:1818} INFO - Sync 2 DAGs
[2021-02-13 07:39:40,941] {logging_mixin.py:104} INFO - [2021-02-13 07:39:40,941] {dag.py:2273} INFO - Setting next_dagrun for example_external_task_marker_child to None
[2021-02-13 07:39:40,942] {logging_mixin.py:104} INFO - [2021-02-13 07:39:40,942] {dag.py:2273} INFO - Setting next_dagrun for example_external_task_marker_parent to None
[2021-02-13 07:39:40,994] {scheduler_job.py:190} INFO - Processing /home/airflow/.local/lib/python3.6/site-packages/airflow/example_dags/example_external_task_marker_dag.py took 0.143 seconds
[2021-02-13 07:40:11,583] {scheduler_job.py:182} INFO - Started process (PID=554) to work on /home/airflow/.local/lib/python3.6/site-packages/airflow/example_dags/example_external_task_marker_dag.py
[2021-02-13 07:40:11,586] {scheduler_job.py:629} INFO - Processing file /home/airflow/.local/lib/python3.6/site-packages/airflow/example_dags/example_external_task_marker_dag.py for tasks to queue
[2021-02-13 07:40:11,587] {logging_mixin.py:104} INFO - [2021-02-13 07:40:11,587] {dagbag.py:448} INFO - Filling up the DagBag from /home/airflow/.local/lib/python3.6/site-packages/airflow/example_dags/example_external_task_marker_dag.py
[2021-02-13 07:40:11,615] {scheduler_job.py:639} INFO - DAG(s) dict_keys(['example_external_task_marker_parent', 'example_external_task_marker_child']) retrieved from /home/airflow/.local/lib/python3.6/site-packages/airflow/example_dags/example_external_task_marker_dag.py
[2021-02-13 07:40:11,661] {logging_mixin.py:104} INFO - [2021-02-13 07:40:11,661] {dag.py:1818} INFO - Sync 2 DAGs
[2021-02-13 07:40:11,694] {logging_mixin.py:104} INFO - [2021-02-13 07:40:11,693] {dag.py:2273} INFO - Setting next_dagrun for example_external_task_marker_child to None
[2021-02-13 07:40:11,695] {logging_mixin.py:104} INFO - [2021-02-13 07:40:11,695] {dag.py:2273} INFO - Setting next_dagrun for example_external_task_marker_parent to None
[2021-02-13 07:40:11,745] {scheduler_job.py:190} INFO - Processing /home/airflow/.local/lib/python3.6/site-packages/airflow/example_dags/example_external_task_marker_dag.py took 0.168 seconds
[2021-02-13 07:40:41,886] {scheduler_job.py:182} INFO - Started process (PID=580) to work on /home/airflow/.local/lib/python3.6/site-packages/airflow/example_dags/example_external_task_marker_dag.py
[2021-02-13 07:40:41,887] {scheduler_job.py:629} INFO - Processing file /home/airflow/.local/lib/python3.6/site-packages/airflow/example_dags/example_external_task_marker_dag.py for tasks to queue
[2021-02-13 07:40:41,888] {logging_mixin.py:104} INFO - [2021-02-13 07:40:41,888] {dagbag.py:448} INFO - Filling up the DagBag from /home/airflow/.local/lib/python3.6/site-packages/airflow/example_dags/example_external_task_marker_dag.py
[2021-02-13 07:40:41,904] {scheduler_job.py:639} INFO - DAG(s) dict_keys(['example_external_task_marker_parent', 'example_external_task_marker_child']) retrieved from /home/airflow/.local/lib/python3.6/site-packages/airflow/example_dags/example_external_task_marker_dag.py
[2021-02-13 07:40:41,950] {logging_mixin.py:104} INFO - [2021-02-13 07:40:41,950] {dag.py:1818} INFO - Sync 2 DAGs
[2021-02-13 07:40:41,972] {logging_mixin.py:104} INFO - [2021-02-13 07:40:41,972] {dag.py:2273} INFO - Setting next_dagrun for example_external_task_marker_child to None
[2021-02-13 07:40:41,974] {logging_mixin.py:104} INFO - [2021-02-13 07:40:41,974] {dag.py:2273} INFO - Setting next_dagrun for example_external_task_marker_parent to None
[2021-02-13 07:40:42,014] {scheduler_job.py:190} INFO - Processing /home/airflow/.local/lib/python3.6/site-packages/airflow/example_dags/example_external_task_marker_dag.py took 0.132 seconds
[2021-02-13 07:41:12,174] {scheduler_job.py:182} INFO - Started process (PID=606) to work on /home/airflow/.local/lib/python3.6/site-packages/airflow/example_dags/example_external_task_marker_dag.py
[2021-02-13 07:41:12,175] {scheduler_job.py:629} INFO - Processing file /home/airflow/.local/lib/python3.6/site-packages/airflow/example_dags/example_external_task_marker_dag.py for tasks to queue
[2021-02-13 07:41:12,177] {logging_mixin.py:104} INFO - [2021-02-13 07:41:12,177] {dagbag.py:448} INFO - Filling up the DagBag from /home/airflow/.local/lib/python3.6/site-packages/airflow/example_dags/example_external_task_marker_dag.py
[2021-02-13 07:41:12,198] {scheduler_job.py:639} INFO - DAG(s) dict_keys(['example_external_task_marker_parent', 'example_external_task_marker_child']) retrieved from /home/airflow/.local/lib/python3.6/site-packages/airflow/example_dags/example_external_task_marker_dag.py
[2021-02-13 07:41:12,265] {logging_mixin.py:104} INFO - [2021-02-13 07:41:12,265] {dag.py:1818} INFO - Sync 2 DAGs
[2021-02-13 07:41:12,286] {logging_mixin.py:104} INFO - [2021-02-13 07:41:12,286] {dag.py:2273} INFO - Setting next_dagrun for example_external_task_marker_child to None
[2021-02-13 07:41:12,287] {logging_mixin.py:104} INFO - [2021-02-13 07:41:12,287] {dag.py:2273} INFO - Setting next_dagrun for example_external_task_marker_parent to None
[2021-02-13 07:41:13,585] {scheduler_job.py:190} INFO - Processing /home/airflow/.local/lib/python3.6/site-packages/airflow/example_dags/example_external_task_marker_dag.py took 1.417 seconds
[2021-02-13 07:41:43,825] {scheduler_job.py:182} INFO - Started process (PID=632) to work on /home/airflow/.local/lib/python3.6/site-packages/airflow/example_dags/example_external_task_marker_dag.py
[2021-02-13 07:41:43,827] {scheduler_job.py:629} INFO - Processing file /home/airflow/.local/lib/python3.6/site-packages/airflow/example_dags/example_external_task_marker_dag.py for tasks to queue
[2021-02-13 07:41:43,828] {logging_mixin.py:104} INFO - [2021-02-13 07:41:43,827] {dagbag.py:448} INFO - Filling up the DagBag from /home/airflow/.local/lib/python3.6/site-packages/airflow/example_dags/example_external_task_marker_dag.py
[2021-02-13 07:41:43,844] {scheduler_job.py:639} INFO - DAG(s) dict_keys(['example_external_task_marker_parent', 'example_external_task_marker_child']) retrieved from /home/airflow/.local/lib/python3.6/site-packages/airflow/example_dags/example_external_task_marker_dag.py
[2021-02-13 07:41:43,882] {logging_mixin.py:104} INFO - [2021-02-13 07:41:43,881] {dag.py:1818} INFO - Sync 2 DAGs
[2021-02-13 07:41:43,901] {logging_mixin.py:104} INFO - [2021-02-13 07:41:43,901] {dag.py:2273} INFO - Setting next_dagrun for example_external_task_marker_child to None
[2021-02-13 07:41:43,902] {logging_mixin.py:104} INFO - [2021-02-13 07:41:43,902] {dag.py:2273} INFO - Setting next_dagrun for example_external_task_marker_parent to None
[2021-02-13 07:41:43,939] {scheduler_job.py:190} INFO - Processing /home/airflow/.local/lib/python3.6/site-packages/airflow/example_dags/example_external_task_marker_dag.py took 0.118 seconds
[2021-02-13 07:42:14,656] {scheduler_job.py:182} INFO - Started process (PID=658) to work on /home/airflow/.local/lib/python3.6/site-packages/airflow/example_dags/example_external_task_marker_dag.py
[2021-02-13 07:42:14,658] {scheduler_job.py:629} INFO - Processing file /home/airflow/.local/lib/python3.6/site-packages/airflow/example_dags/example_external_task_marker_dag.py for tasks to queue
[2021-02-13 07:42:14,659] {logging_mixin.py:104} INFO - [2021-02-13 07:42:14,659] {dagbag.py:448} INFO - Filling up the DagBag from /home/airflow/.local/lib/python3.6/site-packages/airflow/example_dags/example_external_task_marker_dag.py
[2021-02-13 07:42:14,672] {scheduler_job.py:639} INFO - DAG(s) dict_keys(['example_external_task_marker_parent', 'example_external_task_marker_child']) retrieved from /home/airflow/.local/lib/python3.6/site-packages/airflow/example_dags/example_external_task_marker_dag.py
[2021-02-13 07:42:14,705] {logging_mixin.py:104} INFO - [2021-02-13 07:42:14,705] {dag.py:1818} INFO - Sync 2 DAGs
[2021-02-13 07:42:14,726] {logging_mixin.py:104} INFO - [2021-02-13 07:42:14,726] {dag.py:2273} INFO - Setting next_dagrun for example_external_task_marker_child to None
[2021-02-13 07:42:14,728] {logging_mixin.py:104} INFO - [2021-02-13 07:42:14,727] {dag.py:2273} INFO - Setting next_dagrun for example_external_task_marker_parent to None
[2021-02-13 07:42:14,769] {scheduler_job.py:190} INFO - Processing /home/airflow/.local/lib/python3.6/site-packages/airflow/example_dags/example_external_task_marker_dag.py took 0.116 seconds
[2021-02-13 07:42:45,035] {scheduler_job.py:182} INFO - Started process (PID=684) to work on /home/airflow/.local/lib/python3.6/site-packages/airflow/example_dags/example_external_task_marker_dag.py
[2021-02-13 07:42:45,037] {scheduler_job.py:629} INFO - Processing file /home/airflow/.local/lib/python3.6/site-packages/airflow/example_dags/example_external_task_marker_dag.py for tasks to queue
[2021-02-13 07:42:45,037] {logging_mixin.py:104} INFO - [2021-02-13 07:42:45,037] {dagbag.py:448} INFO - Filling up the DagBag from /home/airflow/.local/lib/python3.6/site-packages/airflow/example_dags/example_external_task_marker_dag.py
[2021-02-13 07:42:45,051] {scheduler_job.py:639} INFO - DAG(s) dict_keys(['example_external_task_marker_parent', 'example_external_task_marker_child']) retrieved from /home/airflow/.local/lib/python3.6/site-packages/airflow/example_dags/example_external_task_marker_dag.py
[2021-02-13 07:42:45,083] {logging_mixin.py:104} INFO - [2021-02-13 07:42:45,083] {dag.py:1818} INFO - Sync 2 DAGs
[2021-02-13 07:42:45,103] {logging_mixin.py:104} INFO - [2021-02-13 07:42:45,103] {dag.py:2273} INFO - Setting next_dagrun for example_external_task_marker_child to None
[2021-02-13 07:42:45,104] {logging_mixin.py:104} INFO - [2021-02-13 07:42:45,104] {dag.py:2273} INFO - Setting next_dagrun for example_external_task_marker_parent to None
[2021-02-13 07:42:45,797] {scheduler_job.py:190} INFO - Processing /home/airflow/.local/lib/python3.6/site-packages/airflow/example_dags/example_external_task_marker_dag.py took 0.766 seconds
[2021-02-13 07:43:16,567] {scheduler_job.py:182} INFO - Started process (PID=710) to work on /home/airflow/.local/lib/python3.6/site-packages/airflow/example_dags/example_external_task_marker_dag.py
[2021-02-13 07:43:16,569] {scheduler_job.py:629} INFO - Processing file /home/airflow/.local/lib/python3.6/site-packages/airflow/example_dags/example_external_task_marker_dag.py for tasks to queue
[2021-02-13 07:43:16,570] {logging_mixin.py:104} INFO - [2021-02-13 07:43:16,570] {dagbag.py:448} INFO - Filling up the DagBag from /home/airflow/.local/lib/python3.6/site-packages/airflow/example_dags/example_external_task_marker_dag.py
[2021-02-13 07:43:16,594] {scheduler_job.py:639} INFO - DAG(s) dict_keys(['example_external_task_marker_parent', 'example_external_task_marker_child']) retrieved from /home/airflow/.local/lib/python3.6/site-packages/airflow/example_dags/example_external_task_marker_dag.py
[2021-02-13 07:43:16,643] {logging_mixin.py:104} INFO - [2021-02-13 07:43:16,643] {dag.py:1818} INFO - Sync 2 DAGs
[2021-02-13 07:43:16,665] {logging_mixin.py:104} INFO - [2021-02-13 07:43:16,665] {dag.py:2273} INFO - Setting next_dagrun for example_external_task_marker_child to None
[2021-02-13 07:43:16,667] {logging_mixin.py:104} INFO - [2021-02-13 07:43:16,667] {dag.py:2273} INFO - Setting next_dagrun for example_external_task_marker_parent to None
[2021-02-13 07:43:17,208] {scheduler_job.py:190} INFO - Processing /home/airflow/.local/lib/python3.6/site-packages/airflow/example_dags/example_external_task_marker_dag.py took 0.644 seconds
