[2021-02-13 07:29:59,992] {scheduler_job.py:182} INFO - Started process (PID=56) to work on /home/airflow/.local/lib/python3.6/site-packages/airflow/example_dags/example_trigger_controller_dag.py
[2021-02-13 07:29:59,994] {scheduler_job.py:629} INFO - Processing file /home/airflow/.local/lib/python3.6/site-packages/airflow/example_dags/example_trigger_controller_dag.py for tasks to queue
[2021-02-13 07:29:59,995] {logging_mixin.py:104} INFO - [2021-02-13 07:29:59,995] {dagbag.py:448} INFO - Filling up the DagBag from /home/airflow/.local/lib/python3.6/site-packages/airflow/example_dags/example_trigger_controller_dag.py
[2021-02-13 07:30:00,029] {scheduler_job.py:639} INFO - DAG(s) dict_keys(['example_trigger_controller_dag']) retrieved from /home/airflow/.local/lib/python3.6/site-packages/airflow/example_dags/example_trigger_controller_dag.py
[2021-02-13 07:30:00,148] {logging_mixin.py:104} INFO - [2021-02-13 07:30:00,148] {dag.py:1818} INFO - Sync 1 DAGs
[2021-02-13 07:30:00,189] {logging_mixin.py:104} INFO - [2021-02-13 07:30:00,188] {dag.py:1837} INFO - Creating ORM DAG for example_trigger_controller_dag
[2021-02-13 07:30:00,221] {logging_mixin.py:104} INFO - [2021-02-13 07:30:00,221] {dag.py:2273} INFO - Setting next_dagrun for example_trigger_controller_dag to 2021-02-11 00:00:00+00:00
[2021-02-13 07:30:00,790] {scheduler_job.py:190} INFO - Processing /home/airflow/.local/lib/python3.6/site-packages/airflow/example_dags/example_trigger_controller_dag.py took 0.816 seconds
[2021-02-13 07:30:32,105] {scheduler_job.py:182} INFO - Started process (PID=82) to work on /home/airflow/.local/lib/python3.6/site-packages/airflow/example_dags/example_trigger_controller_dag.py
[2021-02-13 07:30:32,110] {scheduler_job.py:629} INFO - Processing file /home/airflow/.local/lib/python3.6/site-packages/airflow/example_dags/example_trigger_controller_dag.py for tasks to queue
[2021-02-13 07:30:32,111] {logging_mixin.py:104} INFO - [2021-02-13 07:30:32,111] {dagbag.py:448} INFO - Filling up the DagBag from /home/airflow/.local/lib/python3.6/site-packages/airflow/example_dags/example_trigger_controller_dag.py
[2021-02-13 07:30:32,130] {scheduler_job.py:639} INFO - DAG(s) dict_keys(['example_trigger_controller_dag']) retrieved from /home/airflow/.local/lib/python3.6/site-packages/airflow/example_dags/example_trigger_controller_dag.py
[2021-02-13 07:30:32,161] {logging_mixin.py:104} INFO - [2021-02-13 07:30:32,161] {dag.py:1818} INFO - Sync 1 DAGs
[2021-02-13 07:30:32,191] {logging_mixin.py:104} INFO - [2021-02-13 07:30:32,191] {dag.py:2273} INFO - Setting next_dagrun for example_trigger_controller_dag to 2021-02-11 00:00:00+00:00
[2021-02-13 07:30:32,335] {scheduler_job.py:190} INFO - Processing /home/airflow/.local/lib/python3.6/site-packages/airflow/example_dags/example_trigger_controller_dag.py took 0.235 seconds
[2021-02-13 07:31:02,953] {scheduler_job.py:182} INFO - Started process (PID=107) to work on /home/airflow/.local/lib/python3.6/site-packages/airflow/example_dags/example_trigger_controller_dag.py
[2021-02-13 07:31:02,955] {scheduler_job.py:629} INFO - Processing file /home/airflow/.local/lib/python3.6/site-packages/airflow/example_dags/example_trigger_controller_dag.py for tasks to queue
[2021-02-13 07:31:02,956] {logging_mixin.py:104} INFO - [2021-02-13 07:31:02,955] {dagbag.py:448} INFO - Filling up the DagBag from /home/airflow/.local/lib/python3.6/site-packages/airflow/example_dags/example_trigger_controller_dag.py
[2021-02-13 07:31:02,970] {scheduler_job.py:639} INFO - DAG(s) dict_keys(['example_trigger_controller_dag']) retrieved from /home/airflow/.local/lib/python3.6/site-packages/airflow/example_dags/example_trigger_controller_dag.py
[2021-02-13 07:31:02,997] {logging_mixin.py:104} INFO - [2021-02-13 07:31:02,997] {dag.py:1818} INFO - Sync 1 DAGs
[2021-02-13 07:31:03,018] {logging_mixin.py:104} INFO - [2021-02-13 07:31:03,018] {dag.py:2273} INFO - Setting next_dagrun for example_trigger_controller_dag to 2021-02-11 00:00:00+00:00
[2021-02-13 07:31:03,051] {scheduler_job.py:190} INFO - Processing /home/airflow/.local/lib/python3.6/site-packages/airflow/example_dags/example_trigger_controller_dag.py took 0.103 seconds
[2021-02-13 07:31:33,369] {scheduler_job.py:182} INFO - Started process (PID=135) to work on /home/airflow/.local/lib/python3.6/site-packages/airflow/example_dags/example_trigger_controller_dag.py
[2021-02-13 07:31:33,371] {scheduler_job.py:629} INFO - Processing file /home/airflow/.local/lib/python3.6/site-packages/airflow/example_dags/example_trigger_controller_dag.py for tasks to queue
[2021-02-13 07:31:33,371] {logging_mixin.py:104} INFO - [2021-02-13 07:31:33,371] {dagbag.py:448} INFO - Filling up the DagBag from /home/airflow/.local/lib/python3.6/site-packages/airflow/example_dags/example_trigger_controller_dag.py
[2021-02-13 07:31:33,384] {scheduler_job.py:639} INFO - DAG(s) dict_keys(['example_trigger_controller_dag']) retrieved from /home/airflow/.local/lib/python3.6/site-packages/airflow/example_dags/example_trigger_controller_dag.py
[2021-02-13 07:31:33,405] {logging_mixin.py:104} INFO - [2021-02-13 07:31:33,405] {dag.py:1818} INFO - Sync 1 DAGs
[2021-02-13 07:31:33,426] {logging_mixin.py:104} INFO - [2021-02-13 07:31:33,426] {dag.py:2273} INFO - Setting next_dagrun for example_trigger_controller_dag to 2021-02-11 00:00:00+00:00
[2021-02-13 07:31:33,453] {scheduler_job.py:190} INFO - Processing /home/airflow/.local/lib/python3.6/site-packages/airflow/example_dags/example_trigger_controller_dag.py took 0.087 seconds
[2021-02-13 07:32:04,283] {scheduler_job.py:182} INFO - Started process (PID=152) to work on /home/airflow/.local/lib/python3.6/site-packages/airflow/example_dags/example_trigger_controller_dag.py
[2021-02-13 07:32:04,284] {scheduler_job.py:629} INFO - Processing file /home/airflow/.local/lib/python3.6/site-packages/airflow/example_dags/example_trigger_controller_dag.py for tasks to queue
[2021-02-13 07:32:04,285] {logging_mixin.py:104} INFO - [2021-02-13 07:32:04,285] {dagbag.py:448} INFO - Filling up the DagBag from /home/airflow/.local/lib/python3.6/site-packages/airflow/example_dags/example_trigger_controller_dag.py
[2021-02-13 07:32:04,298] {scheduler_job.py:639} INFO - DAG(s) dict_keys(['example_trigger_controller_dag']) retrieved from /home/airflow/.local/lib/python3.6/site-packages/airflow/example_dags/example_trigger_controller_dag.py
[2021-02-13 07:32:04,328] {logging_mixin.py:104} INFO - [2021-02-13 07:32:04,328] {dag.py:1818} INFO - Sync 1 DAGs
[2021-02-13 07:32:04,351] {logging_mixin.py:104} INFO - [2021-02-13 07:32:04,351] {dag.py:2273} INFO - Setting next_dagrun for example_trigger_controller_dag to 2021-02-11 00:00:00+00:00
[2021-02-13 07:32:04,375] {scheduler_job.py:190} INFO - Processing /home/airflow/.local/lib/python3.6/site-packages/airflow/example_dags/example_trigger_controller_dag.py took 0.096 seconds
[2021-02-13 07:32:36,307] {scheduler_job.py:182} INFO - Started process (PID=178) to work on /home/airflow/.local/lib/python3.6/site-packages/airflow/example_dags/example_trigger_controller_dag.py
[2021-02-13 07:32:36,311] {scheduler_job.py:629} INFO - Processing file /home/airflow/.local/lib/python3.6/site-packages/airflow/example_dags/example_trigger_controller_dag.py for tasks to queue
[2021-02-13 07:32:36,312] {logging_mixin.py:104} INFO - [2021-02-13 07:32:36,312] {dagbag.py:448} INFO - Filling up the DagBag from /home/airflow/.local/lib/python3.6/site-packages/airflow/example_dags/example_trigger_controller_dag.py
[2021-02-13 07:32:36,333] {scheduler_job.py:639} INFO - DAG(s) dict_keys(['example_trigger_controller_dag']) retrieved from /home/airflow/.local/lib/python3.6/site-packages/airflow/example_dags/example_trigger_controller_dag.py
[2021-02-13 07:32:36,374] {logging_mixin.py:104} INFO - [2021-02-13 07:32:36,374] {dag.py:1818} INFO - Sync 1 DAGs
[2021-02-13 07:32:36,404] {logging_mixin.py:104} INFO - [2021-02-13 07:32:36,404] {dag.py:2273} INFO - Setting next_dagrun for example_trigger_controller_dag to 2021-02-11 00:00:00+00:00
[2021-02-13 07:32:36,436] {scheduler_job.py:190} INFO - Processing /home/airflow/.local/lib/python3.6/site-packages/airflow/example_dags/example_trigger_controller_dag.py took 0.135 seconds
[2021-02-13 07:33:08,701] {scheduler_job.py:182} INFO - Started process (PID=204) to work on /home/airflow/.local/lib/python3.6/site-packages/airflow/example_dags/example_trigger_controller_dag.py
[2021-02-13 07:33:08,702] {scheduler_job.py:629} INFO - Processing file /home/airflow/.local/lib/python3.6/site-packages/airflow/example_dags/example_trigger_controller_dag.py for tasks to queue
[2021-02-13 07:33:08,703] {logging_mixin.py:104} INFO - [2021-02-13 07:33:08,703] {dagbag.py:448} INFO - Filling up the DagBag from /home/airflow/.local/lib/python3.6/site-packages/airflow/example_dags/example_trigger_controller_dag.py
[2021-02-13 07:33:08,714] {scheduler_job.py:639} INFO - DAG(s) dict_keys(['example_trigger_controller_dag']) retrieved from /home/airflow/.local/lib/python3.6/site-packages/airflow/example_dags/example_trigger_controller_dag.py
[2021-02-13 07:33:08,737] {logging_mixin.py:104} INFO - [2021-02-13 07:33:08,737] {dag.py:1818} INFO - Sync 1 DAGs
[2021-02-13 07:33:08,759] {logging_mixin.py:104} INFO - [2021-02-13 07:33:08,759] {dag.py:2273} INFO - Setting next_dagrun for example_trigger_controller_dag to 2021-02-11 00:00:00+00:00
[2021-02-13 07:33:08,919] {scheduler_job.py:190} INFO - Processing /home/airflow/.local/lib/python3.6/site-packages/airflow/example_dags/example_trigger_controller_dag.py took 0.221 seconds
[2021-02-13 07:33:40,372] {scheduler_job.py:182} INFO - Started process (PID=230) to work on /home/airflow/.local/lib/python3.6/site-packages/airflow/example_dags/example_trigger_controller_dag.py
[2021-02-13 07:33:40,374] {scheduler_job.py:629} INFO - Processing file /home/airflow/.local/lib/python3.6/site-packages/airflow/example_dags/example_trigger_controller_dag.py for tasks to queue
[2021-02-13 07:33:40,375] {logging_mixin.py:104} INFO - [2021-02-13 07:33:40,375] {dagbag.py:448} INFO - Filling up the DagBag from /home/airflow/.local/lib/python3.6/site-packages/airflow/example_dags/example_trigger_controller_dag.py
[2021-02-13 07:33:40,388] {scheduler_job.py:639} INFO - DAG(s) dict_keys(['example_trigger_controller_dag']) retrieved from /home/airflow/.local/lib/python3.6/site-packages/airflow/example_dags/example_trigger_controller_dag.py
[2021-02-13 07:33:40,409] {logging_mixin.py:104} INFO - [2021-02-13 07:33:40,409] {dag.py:1818} INFO - Sync 1 DAGs
[2021-02-13 07:33:40,427] {logging_mixin.py:104} INFO - [2021-02-13 07:33:40,427] {dag.py:2273} INFO - Setting next_dagrun for example_trigger_controller_dag to 2021-02-11 00:00:00+00:00
[2021-02-13 07:33:40,650] {scheduler_job.py:190} INFO - Processing /home/airflow/.local/lib/python3.6/site-packages/airflow/example_dags/example_trigger_controller_dag.py took 0.281 seconds
[2021-02-13 07:34:10,686] {scheduler_job.py:182} INFO - Started process (PID=256) to work on /home/airflow/.local/lib/python3.6/site-packages/airflow/example_dags/example_trigger_controller_dag.py
[2021-02-13 07:34:10,687] {scheduler_job.py:629} INFO - Processing file /home/airflow/.local/lib/python3.6/site-packages/airflow/example_dags/example_trigger_controller_dag.py for tasks to queue
[2021-02-13 07:34:10,688] {logging_mixin.py:104} INFO - [2021-02-13 07:34:10,688] {dagbag.py:448} INFO - Filling up the DagBag from /home/airflow/.local/lib/python3.6/site-packages/airflow/example_dags/example_trigger_controller_dag.py
[2021-02-13 07:34:10,705] {scheduler_job.py:639} INFO - DAG(s) dict_keys(['example_trigger_controller_dag']) retrieved from /home/airflow/.local/lib/python3.6/site-packages/airflow/example_dags/example_trigger_controller_dag.py
[2021-02-13 07:34:10,733] {logging_mixin.py:104} INFO - [2021-02-13 07:34:10,733] {dag.py:1818} INFO - Sync 1 DAGs
[2021-02-13 07:34:10,753] {logging_mixin.py:104} INFO - [2021-02-13 07:34:10,753] {dag.py:2273} INFO - Setting next_dagrun for example_trigger_controller_dag to 2021-02-11 00:00:00+00:00
[2021-02-13 07:34:10,785] {scheduler_job.py:190} INFO - Processing /home/airflow/.local/lib/python3.6/site-packages/airflow/example_dags/example_trigger_controller_dag.py took 0.104 seconds
[2021-02-13 07:34:40,903] {scheduler_job.py:182} INFO - Started process (PID=282) to work on /home/airflow/.local/lib/python3.6/site-packages/airflow/example_dags/example_trigger_controller_dag.py
[2021-02-13 07:34:40,905] {scheduler_job.py:629} INFO - Processing file /home/airflow/.local/lib/python3.6/site-packages/airflow/example_dags/example_trigger_controller_dag.py for tasks to queue
[2021-02-13 07:34:40,905] {logging_mixin.py:104} INFO - [2021-02-13 07:34:40,905] {dagbag.py:448} INFO - Filling up the DagBag from /home/airflow/.local/lib/python3.6/site-packages/airflow/example_dags/example_trigger_controller_dag.py
[2021-02-13 07:34:40,918] {scheduler_job.py:639} INFO - DAG(s) dict_keys(['example_trigger_controller_dag']) retrieved from /home/airflow/.local/lib/python3.6/site-packages/airflow/example_dags/example_trigger_controller_dag.py
[2021-02-13 07:34:40,948] {logging_mixin.py:104} INFO - [2021-02-13 07:34:40,948] {dag.py:1818} INFO - Sync 1 DAGs
[2021-02-13 07:34:40,970] {logging_mixin.py:104} INFO - [2021-02-13 07:34:40,970] {dag.py:2273} INFO - Setting next_dagrun for example_trigger_controller_dag to 2021-02-11 00:00:00+00:00
[2021-02-13 07:34:40,998] {scheduler_job.py:190} INFO - Processing /home/airflow/.local/lib/python3.6/site-packages/airflow/example_dags/example_trigger_controller_dag.py took 0.097 seconds
[2021-02-13 07:35:12,564] {scheduler_job.py:182} INFO - Started process (PID=309) to work on /home/airflow/.local/lib/python3.6/site-packages/airflow/example_dags/example_trigger_controller_dag.py
[2021-02-13 07:35:12,565] {scheduler_job.py:629} INFO - Processing file /home/airflow/.local/lib/python3.6/site-packages/airflow/example_dags/example_trigger_controller_dag.py for tasks to queue
[2021-02-13 07:35:12,566] {logging_mixin.py:104} INFO - [2021-02-13 07:35:12,566] {dagbag.py:448} INFO - Filling up the DagBag from /home/airflow/.local/lib/python3.6/site-packages/airflow/example_dags/example_trigger_controller_dag.py
[2021-02-13 07:35:12,579] {scheduler_job.py:639} INFO - DAG(s) dict_keys(['example_trigger_controller_dag']) retrieved from /home/airflow/.local/lib/python3.6/site-packages/airflow/example_dags/example_trigger_controller_dag.py
[2021-02-13 07:35:12,605] {logging_mixin.py:104} INFO - [2021-02-13 07:35:12,605] {dag.py:1818} INFO - Sync 1 DAGs
[2021-02-13 07:35:12,626] {logging_mixin.py:104} INFO - [2021-02-13 07:35:12,626] {dag.py:2273} INFO - Setting next_dagrun for example_trigger_controller_dag to 2021-02-11 00:00:00+00:00
[2021-02-13 07:35:12,659] {scheduler_job.py:190} INFO - Processing /home/airflow/.local/lib/python3.6/site-packages/airflow/example_dags/example_trigger_controller_dag.py took 0.098 seconds
[2021-02-13 07:35:43,211] {scheduler_job.py:182} INFO - Started process (PID=332) to work on /home/airflow/.local/lib/python3.6/site-packages/airflow/example_dags/example_trigger_controller_dag.py
[2021-02-13 07:35:43,212] {scheduler_job.py:629} INFO - Processing file /home/airflow/.local/lib/python3.6/site-packages/airflow/example_dags/example_trigger_controller_dag.py for tasks to queue
[2021-02-13 07:35:43,213] {logging_mixin.py:104} INFO - [2021-02-13 07:35:43,213] {dagbag.py:448} INFO - Filling up the DagBag from /home/airflow/.local/lib/python3.6/site-packages/airflow/example_dags/example_trigger_controller_dag.py
[2021-02-13 07:35:43,226] {scheduler_job.py:639} INFO - DAG(s) dict_keys(['example_trigger_controller_dag']) retrieved from /home/airflow/.local/lib/python3.6/site-packages/airflow/example_dags/example_trigger_controller_dag.py
[2021-02-13 07:35:43,251] {logging_mixin.py:104} INFO - [2021-02-13 07:35:43,250] {dag.py:1818} INFO - Sync 1 DAGs
[2021-02-13 07:35:43,273] {logging_mixin.py:104} INFO - [2021-02-13 07:35:43,273] {dag.py:2273} INFO - Setting next_dagrun for example_trigger_controller_dag to 2021-02-11 00:00:00+00:00
[2021-02-13 07:35:43,300] {scheduler_job.py:190} INFO - Processing /home/airflow/.local/lib/python3.6/site-packages/airflow/example_dags/example_trigger_controller_dag.py took 0.092 seconds
