[2021-02-13 07:29:59,453] {scheduler_job.py:182} INFO - Started process (PID=53) to work on /home/airflow/.local/lib/python3.6/site-packages/airflow/example_dags/example_complex.py
[2021-02-13 07:29:59,456] {scheduler_job.py:629} INFO - Processing file /home/airflow/.local/lib/python3.6/site-packages/airflow/example_dags/example_complex.py for tasks to queue
[2021-02-13 07:29:59,457] {logging_mixin.py:104} INFO - [2021-02-13 07:29:59,457] {dagbag.py:448} INFO - Filling up the DagBag from /home/airflow/.local/lib/python3.6/site-packages/airflow/example_dags/example_complex.py
[2021-02-13 07:29:59,518] {scheduler_job.py:639} INFO - DAG(s) dict_keys(['example_complex']) retrieved from /home/airflow/.local/lib/python3.6/site-packages/airflow/example_dags/example_complex.py
[2021-02-13 07:29:59,589] {logging_mixin.py:104} INFO - [2021-02-13 07:29:59,589] {dag.py:1818} INFO - Sync 1 DAGs
[2021-02-13 07:29:59,615] {logging_mixin.py:104} INFO - [2021-02-13 07:29:59,615] {dag.py:1837} INFO - Creating ORM DAG for example_complex
[2021-02-13 07:29:59,645] {logging_mixin.py:104} INFO - [2021-02-13 07:29:59,644] {dag.py:2273} INFO - Setting next_dagrun for example_complex to None
[2021-02-13 07:29:59,773] {scheduler_job.py:190} INFO - Processing /home/airflow/.local/lib/python3.6/site-packages/airflow/example_dags/example_complex.py took 0.331 seconds
[2021-02-13 07:30:31,557] {scheduler_job.py:182} INFO - Started process (PID=79) to work on /home/airflow/.local/lib/python3.6/site-packages/airflow/example_dags/example_complex.py
[2021-02-13 07:30:31,559] {scheduler_job.py:629} INFO - Processing file /home/airflow/.local/lib/python3.6/site-packages/airflow/example_dags/example_complex.py for tasks to queue
[2021-02-13 07:30:31,560] {logging_mixin.py:104} INFO - [2021-02-13 07:30:31,560] {dagbag.py:448} INFO - Filling up the DagBag from /home/airflow/.local/lib/python3.6/site-packages/airflow/example_dags/example_complex.py
[2021-02-13 07:30:31,594] {scheduler_job.py:639} INFO - DAG(s) dict_keys(['example_complex']) retrieved from /home/airflow/.local/lib/python3.6/site-packages/airflow/example_dags/example_complex.py
[2021-02-13 07:30:31,647] {logging_mixin.py:104} INFO - [2021-02-13 07:30:31,647] {dag.py:1818} INFO - Sync 1 DAGs
[2021-02-13 07:30:31,673] {logging_mixin.py:104} INFO - [2021-02-13 07:30:31,672] {dag.py:2273} INFO - Setting next_dagrun for example_complex to None
[2021-02-13 07:30:31,945] {scheduler_job.py:190} INFO - Processing /home/airflow/.local/lib/python3.6/site-packages/airflow/example_dags/example_complex.py took 0.393 seconds
[2021-02-13 07:31:02,795] {scheduler_job.py:182} INFO - Started process (PID=104) to work on /home/airflow/.local/lib/python3.6/site-packages/airflow/example_dags/example_complex.py
[2021-02-13 07:31:02,797] {scheduler_job.py:629} INFO - Processing file /home/airflow/.local/lib/python3.6/site-packages/airflow/example_dags/example_complex.py for tasks to queue
[2021-02-13 07:31:02,798] {logging_mixin.py:104} INFO - [2021-02-13 07:31:02,798] {dagbag.py:448} INFO - Filling up the DagBag from /home/airflow/.local/lib/python3.6/site-packages/airflow/example_dags/example_complex.py
[2021-02-13 07:31:02,823] {scheduler_job.py:639} INFO - DAG(s) dict_keys(['example_complex']) retrieved from /home/airflow/.local/lib/python3.6/site-packages/airflow/example_dags/example_complex.py
[2021-02-13 07:31:02,857] {logging_mixin.py:104} INFO - [2021-02-13 07:31:02,857] {dag.py:1818} INFO - Sync 1 DAGs
[2021-02-13 07:31:02,876] {logging_mixin.py:104} INFO - [2021-02-13 07:31:02,875] {dag.py:2273} INFO - Setting next_dagrun for example_complex to None
[2021-02-13 07:31:02,901] {scheduler_job.py:190} INFO - Processing /home/airflow/.local/lib/python3.6/site-packages/airflow/example_dags/example_complex.py took 0.110 seconds
[2021-02-13 07:31:32,950] {scheduler_job.py:182} INFO - Started process (PID=128) to work on /home/airflow/.local/lib/python3.6/site-packages/airflow/example_dags/example_complex.py
[2021-02-13 07:31:32,952] {scheduler_job.py:629} INFO - Processing file /home/airflow/.local/lib/python3.6/site-packages/airflow/example_dags/example_complex.py for tasks to queue
[2021-02-13 07:31:32,953] {logging_mixin.py:104} INFO - [2021-02-13 07:31:32,952] {dagbag.py:448} INFO - Filling up the DagBag from /home/airflow/.local/lib/python3.6/site-packages/airflow/example_dags/example_complex.py
[2021-02-13 07:31:32,973] {scheduler_job.py:639} INFO - DAG(s) dict_keys(['example_complex']) retrieved from /home/airflow/.local/lib/python3.6/site-packages/airflow/example_dags/example_complex.py
[2021-02-13 07:31:33,008] {logging_mixin.py:104} INFO - [2021-02-13 07:31:33,008] {dag.py:1818} INFO - Sync 1 DAGs
[2021-02-13 07:31:33,027] {logging_mixin.py:104} INFO - [2021-02-13 07:31:33,027] {dag.py:2273} INFO - Setting next_dagrun for example_complex to None
[2021-02-13 07:31:33,059] {scheduler_job.py:190} INFO - Processing /home/airflow/.local/lib/python3.6/site-packages/airflow/example_dags/example_complex.py took 0.114 seconds
[2021-02-13 07:32:04,321] {scheduler_job.py:182} INFO - Started process (PID=153) to work on /home/airflow/.local/lib/python3.6/site-packages/airflow/example_dags/example_complex.py
[2021-02-13 07:32:04,323] {scheduler_job.py:629} INFO - Processing file /home/airflow/.local/lib/python3.6/site-packages/airflow/example_dags/example_complex.py for tasks to queue
[2021-02-13 07:32:04,324] {logging_mixin.py:104} INFO - [2021-02-13 07:32:04,323] {dagbag.py:448} INFO - Filling up the DagBag from /home/airflow/.local/lib/python3.6/site-packages/airflow/example_dags/example_complex.py
[2021-02-13 07:32:04,352] {scheduler_job.py:639} INFO - DAG(s) dict_keys(['example_complex']) retrieved from /home/airflow/.local/lib/python3.6/site-packages/airflow/example_dags/example_complex.py
[2021-02-13 07:32:04,384] {logging_mixin.py:104} INFO - [2021-02-13 07:32:04,384] {dag.py:1818} INFO - Sync 1 DAGs
[2021-02-13 07:32:04,405] {logging_mixin.py:104} INFO - [2021-02-13 07:32:04,405] {dag.py:2273} INFO - Setting next_dagrun for example_complex to None
[2021-02-13 07:32:04,437] {scheduler_job.py:190} INFO - Processing /home/airflow/.local/lib/python3.6/site-packages/airflow/example_dags/example_complex.py took 0.120 seconds
[2021-02-13 07:32:36,371] {scheduler_job.py:182} INFO - Started process (PID=179) to work on /home/airflow/.local/lib/python3.6/site-packages/airflow/example_dags/example_complex.py
[2021-02-13 07:32:36,379] {scheduler_job.py:629} INFO - Processing file /home/airflow/.local/lib/python3.6/site-packages/airflow/example_dags/example_complex.py for tasks to queue
[2021-02-13 07:32:36,380] {logging_mixin.py:104} INFO - [2021-02-13 07:32:36,379] {dagbag.py:448} INFO - Filling up the DagBag from /home/airflow/.local/lib/python3.6/site-packages/airflow/example_dags/example_complex.py
[2021-02-13 07:32:36,416] {scheduler_job.py:639} INFO - DAG(s) dict_keys(['example_complex']) retrieved from /home/airflow/.local/lib/python3.6/site-packages/airflow/example_dags/example_complex.py
[2021-02-13 07:32:36,471] {logging_mixin.py:104} INFO - [2021-02-13 07:32:36,471] {dag.py:1818} INFO - Sync 1 DAGs
[2021-02-13 07:32:36,498] {logging_mixin.py:104} INFO - [2021-02-13 07:32:36,497] {dag.py:2273} INFO - Setting next_dagrun for example_complex to None
[2021-02-13 07:32:36,530] {scheduler_job.py:190} INFO - Processing /home/airflow/.local/lib/python3.6/site-packages/airflow/example_dags/example_complex.py took 0.166 seconds
[2021-02-13 07:33:08,812] {scheduler_job.py:182} INFO - Started process (PID=205) to work on /home/airflow/.local/lib/python3.6/site-packages/airflow/example_dags/example_complex.py
[2021-02-13 07:33:08,814] {scheduler_job.py:629} INFO - Processing file /home/airflow/.local/lib/python3.6/site-packages/airflow/example_dags/example_complex.py for tasks to queue
[2021-02-13 07:33:08,815] {logging_mixin.py:104} INFO - [2021-02-13 07:33:08,815] {dagbag.py:448} INFO - Filling up the DagBag from /home/airflow/.local/lib/python3.6/site-packages/airflow/example_dags/example_complex.py
[2021-02-13 07:33:08,868] {scheduler_job.py:639} INFO - DAG(s) dict_keys(['example_complex']) retrieved from /home/airflow/.local/lib/python3.6/site-packages/airflow/example_dags/example_complex.py
[2021-02-13 07:33:08,930] {logging_mixin.py:104} INFO - [2021-02-13 07:33:08,929] {dag.py:1818} INFO - Sync 1 DAGs
[2021-02-13 07:33:08,957] {logging_mixin.py:104} INFO - [2021-02-13 07:33:08,957] {dag.py:2273} INFO - Setting next_dagrun for example_complex to None
[2021-02-13 07:33:09,411] {scheduler_job.py:190} INFO - Processing /home/airflow/.local/lib/python3.6/site-packages/airflow/example_dags/example_complex.py took 0.602 seconds
[2021-02-13 07:33:39,571] {scheduler_job.py:182} INFO - Started process (PID=228) to work on /home/airflow/.local/lib/python3.6/site-packages/airflow/example_dags/example_complex.py
[2021-02-13 07:33:39,572] {scheduler_job.py:629} INFO - Processing file /home/airflow/.local/lib/python3.6/site-packages/airflow/example_dags/example_complex.py for tasks to queue
[2021-02-13 07:33:39,573] {logging_mixin.py:104} INFO - [2021-02-13 07:33:39,573] {dagbag.py:448} INFO - Filling up the DagBag from /home/airflow/.local/lib/python3.6/site-packages/airflow/example_dags/example_complex.py
[2021-02-13 07:33:39,600] {scheduler_job.py:639} INFO - DAG(s) dict_keys(['example_complex']) retrieved from /home/airflow/.local/lib/python3.6/site-packages/airflow/example_dags/example_complex.py
[2021-02-13 07:33:39,632] {logging_mixin.py:104} INFO - [2021-02-13 07:33:39,632] {dag.py:1818} INFO - Sync 1 DAGs
[2021-02-13 07:33:39,655] {logging_mixin.py:104} INFO - [2021-02-13 07:33:39,655] {dag.py:2273} INFO - Setting next_dagrun for example_complex to None
[2021-02-13 07:33:40,502] {scheduler_job.py:190} INFO - Processing /home/airflow/.local/lib/python3.6/site-packages/airflow/example_dags/example_complex.py took 0.935 seconds
[2021-02-13 07:34:10,530] {scheduler_job.py:182} INFO - Started process (PID=254) to work on /home/airflow/.local/lib/python3.6/site-packages/airflow/example_dags/example_complex.py
[2021-02-13 07:34:10,531] {scheduler_job.py:629} INFO - Processing file /home/airflow/.local/lib/python3.6/site-packages/airflow/example_dags/example_complex.py for tasks to queue
[2021-02-13 07:34:10,532] {logging_mixin.py:104} INFO - [2021-02-13 07:34:10,532] {dagbag.py:448} INFO - Filling up the DagBag from /home/airflow/.local/lib/python3.6/site-packages/airflow/example_dags/example_complex.py
[2021-02-13 07:34:10,561] {scheduler_job.py:639} INFO - DAG(s) dict_keys(['example_complex']) retrieved from /home/airflow/.local/lib/python3.6/site-packages/airflow/example_dags/example_complex.py
[2021-02-13 07:34:10,599] {logging_mixin.py:104} INFO - [2021-02-13 07:34:10,599] {dag.py:1818} INFO - Sync 1 DAGs
[2021-02-13 07:34:10,626] {logging_mixin.py:104} INFO - [2021-02-13 07:34:10,626] {dag.py:2273} INFO - Setting next_dagrun for example_complex to None
[2021-02-13 07:34:10,662] {scheduler_job.py:190} INFO - Processing /home/airflow/.local/lib/python3.6/site-packages/airflow/example_dags/example_complex.py took 0.137 seconds
[2021-02-13 07:34:40,690] {scheduler_job.py:182} INFO - Started process (PID=279) to work on /home/airflow/.local/lib/python3.6/site-packages/airflow/example_dags/example_complex.py
[2021-02-13 07:34:40,692] {scheduler_job.py:629} INFO - Processing file /home/airflow/.local/lib/python3.6/site-packages/airflow/example_dags/example_complex.py for tasks to queue
[2021-02-13 07:34:40,693] {logging_mixin.py:104} INFO - [2021-02-13 07:34:40,692] {dagbag.py:448} INFO - Filling up the DagBag from /home/airflow/.local/lib/python3.6/site-packages/airflow/example_dags/example_complex.py
[2021-02-13 07:34:40,718] {scheduler_job.py:639} INFO - DAG(s) dict_keys(['example_complex']) retrieved from /home/airflow/.local/lib/python3.6/site-packages/airflow/example_dags/example_complex.py
[2021-02-13 07:34:40,749] {logging_mixin.py:104} INFO - [2021-02-13 07:34:40,749] {dag.py:1818} INFO - Sync 1 DAGs
[2021-02-13 07:34:40,766] {logging_mixin.py:104} INFO - [2021-02-13 07:34:40,765] {dag.py:2273} INFO - Setting next_dagrun for example_complex to None
[2021-02-13 07:34:40,793] {scheduler_job.py:190} INFO - Processing /home/airflow/.local/lib/python3.6/site-packages/airflow/example_dags/example_complex.py took 0.107 seconds
[2021-02-13 07:35:11,856] {scheduler_job.py:182} INFO - Started process (PID=305) to work on /home/airflow/.local/lib/python3.6/site-packages/airflow/example_dags/example_complex.py
[2021-02-13 07:35:11,858] {scheduler_job.py:629} INFO - Processing file /home/airflow/.local/lib/python3.6/site-packages/airflow/example_dags/example_complex.py for tasks to queue
[2021-02-13 07:35:11,858] {logging_mixin.py:104} INFO - [2021-02-13 07:35:11,858] {dagbag.py:448} INFO - Filling up the DagBag from /home/airflow/.local/lib/python3.6/site-packages/airflow/example_dags/example_complex.py
[2021-02-13 07:35:11,880] {scheduler_job.py:639} INFO - DAG(s) dict_keys(['example_complex']) retrieved from /home/airflow/.local/lib/python3.6/site-packages/airflow/example_dags/example_complex.py
[2021-02-13 07:35:11,912] {logging_mixin.py:104} INFO - [2021-02-13 07:35:11,912] {dag.py:1818} INFO - Sync 1 DAGs
[2021-02-13 07:35:11,930] {logging_mixin.py:104} INFO - [2021-02-13 07:35:11,930] {dag.py:2273} INFO - Setting next_dagrun for example_complex to None
[2021-02-13 07:35:12,134] {scheduler_job.py:190} INFO - Processing /home/airflow/.local/lib/python3.6/site-packages/airflow/example_dags/example_complex.py took 0.282 seconds
[2021-02-13 07:35:43,282] {scheduler_job.py:182} INFO - Started process (PID=333) to work on /home/airflow/.local/lib/python3.6/site-packages/airflow/example_dags/example_complex.py
[2021-02-13 07:35:43,283] {scheduler_job.py:629} INFO - Processing file /home/airflow/.local/lib/python3.6/site-packages/airflow/example_dags/example_complex.py for tasks to queue
[2021-02-13 07:35:43,284] {logging_mixin.py:104} INFO - [2021-02-13 07:35:43,284] {dagbag.py:448} INFO - Filling up the DagBag from /home/airflow/.local/lib/python3.6/site-packages/airflow/example_dags/example_complex.py
[2021-02-13 07:35:43,312] {scheduler_job.py:639} INFO - DAG(s) dict_keys(['example_complex']) retrieved from /home/airflow/.local/lib/python3.6/site-packages/airflow/example_dags/example_complex.py
[2021-02-13 07:35:43,353] {logging_mixin.py:104} INFO - [2021-02-13 07:35:43,353] {dag.py:1818} INFO - Sync 1 DAGs
[2021-02-13 07:35:43,374] {logging_mixin.py:104} INFO - [2021-02-13 07:35:43,374] {dag.py:2273} INFO - Setting next_dagrun for example_complex to None
[2021-02-13 07:35:43,400] {scheduler_job.py:190} INFO - Processing /home/airflow/.local/lib/python3.6/site-packages/airflow/example_dags/example_complex.py took 0.122 seconds
[2021-02-13 07:36:16,195] {scheduler_job.py:182} INFO - Started process (PID=361) to work on /home/airflow/.local/lib/python3.6/site-packages/airflow/example_dags/example_complex.py
[2021-02-13 07:36:16,196] {scheduler_job.py:629} INFO - Processing file /home/airflow/.local/lib/python3.6/site-packages/airflow/example_dags/example_complex.py for tasks to queue
[2021-02-13 07:36:16,197] {logging_mixin.py:104} INFO - [2021-02-13 07:36:16,196] {dagbag.py:448} INFO - Filling up the DagBag from /home/airflow/.local/lib/python3.6/site-packages/airflow/example_dags/example_complex.py
[2021-02-13 07:36:16,217] {scheduler_job.py:639} INFO - DAG(s) dict_keys(['example_complex']) retrieved from /home/airflow/.local/lib/python3.6/site-packages/airflow/example_dags/example_complex.py
[2021-02-13 07:36:16,251] {logging_mixin.py:104} INFO - [2021-02-13 07:36:16,251] {dag.py:1818} INFO - Sync 1 DAGs
[2021-02-13 07:36:16,267] {logging_mixin.py:104} INFO - [2021-02-13 07:36:16,267] {dag.py:2273} INFO - Setting next_dagrun for example_complex to None
[2021-02-13 07:36:16,454] {scheduler_job.py:190} INFO - Processing /home/airflow/.local/lib/python3.6/site-packages/airflow/example_dags/example_complex.py took 0.263 seconds
[2021-02-13 07:36:47,090] {scheduler_job.py:182} INFO - Started process (PID=385) to work on /home/airflow/.local/lib/python3.6/site-packages/airflow/example_dags/example_complex.py
[2021-02-13 07:36:47,091] {scheduler_job.py:629} INFO - Processing file /home/airflow/.local/lib/python3.6/site-packages/airflow/example_dags/example_complex.py for tasks to queue
[2021-02-13 07:36:47,092] {logging_mixin.py:104} INFO - [2021-02-13 07:36:47,092] {dagbag.py:448} INFO - Filling up the DagBag from /home/airflow/.local/lib/python3.6/site-packages/airflow/example_dags/example_complex.py
[2021-02-13 07:36:47,124] {scheduler_job.py:639} INFO - DAG(s) dict_keys(['example_complex']) retrieved from /home/airflow/.local/lib/python3.6/site-packages/airflow/example_dags/example_complex.py
[2021-02-13 07:36:47,157] {logging_mixin.py:104} INFO - [2021-02-13 07:36:47,157] {dag.py:1818} INFO - Sync 1 DAGs
[2021-02-13 07:36:47,178] {logging_mixin.py:104} INFO - [2021-02-13 07:36:47,178] {dag.py:2273} INFO - Setting next_dagrun for example_complex to None
[2021-02-13 07:36:47,206] {scheduler_job.py:190} INFO - Processing /home/airflow/.local/lib/python3.6/site-packages/airflow/example_dags/example_complex.py took 0.120 seconds
[2021-02-13 07:37:17,769] {scheduler_job.py:182} INFO - Started process (PID=412) to work on /home/airflow/.local/lib/python3.6/site-packages/airflow/example_dags/example_complex.py
[2021-02-13 07:37:17,772] {scheduler_job.py:629} INFO - Processing file /home/airflow/.local/lib/python3.6/site-packages/airflow/example_dags/example_complex.py for tasks to queue
[2021-02-13 07:37:17,773] {logging_mixin.py:104} INFO - [2021-02-13 07:37:17,773] {dagbag.py:448} INFO - Filling up the DagBag from /home/airflow/.local/lib/python3.6/site-packages/airflow/example_dags/example_complex.py
[2021-02-13 07:37:17,802] {scheduler_job.py:639} INFO - DAG(s) dict_keys(['example_complex']) retrieved from /home/airflow/.local/lib/python3.6/site-packages/airflow/example_dags/example_complex.py
[2021-02-13 07:37:17,837] {logging_mixin.py:104} INFO - [2021-02-13 07:37:17,837] {dag.py:1818} INFO - Sync 1 DAGs
[2021-02-13 07:37:17,860] {logging_mixin.py:104} INFO - [2021-02-13 07:37:17,860] {dag.py:2273} INFO - Setting next_dagrun for example_complex to None
[2021-02-13 07:37:17,891] {scheduler_job.py:190} INFO - Processing /home/airflow/.local/lib/python3.6/site-packages/airflow/example_dags/example_complex.py took 0.127 seconds
[2021-02-13 07:37:48,287] {scheduler_job.py:182} INFO - Started process (PID=436) to work on /home/airflow/.local/lib/python3.6/site-packages/airflow/example_dags/example_complex.py
[2021-02-13 07:37:48,289] {scheduler_job.py:629} INFO - Processing file /home/airflow/.local/lib/python3.6/site-packages/airflow/example_dags/example_complex.py for tasks to queue
[2021-02-13 07:37:48,290] {logging_mixin.py:104} INFO - [2021-02-13 07:37:48,289] {dagbag.py:448} INFO - Filling up the DagBag from /home/airflow/.local/lib/python3.6/site-packages/airflow/example_dags/example_complex.py
[2021-02-13 07:37:48,314] {scheduler_job.py:639} INFO - DAG(s) dict_keys(['example_complex']) retrieved from /home/airflow/.local/lib/python3.6/site-packages/airflow/example_dags/example_complex.py
[2021-02-13 07:37:48,348] {logging_mixin.py:104} INFO - [2021-02-13 07:37:48,348] {dag.py:1818} INFO - Sync 1 DAGs
[2021-02-13 07:37:48,367] {logging_mixin.py:104} INFO - [2021-02-13 07:37:48,367] {dag.py:2273} INFO - Setting next_dagrun for example_complex to None
[2021-02-13 07:37:48,403] {scheduler_job.py:190} INFO - Processing /home/airflow/.local/lib/python3.6/site-packages/airflow/example_dags/example_complex.py took 0.119 seconds
[2021-02-13 07:38:18,959] {scheduler_job.py:182} INFO - Started process (PID=460) to work on /home/airflow/.local/lib/python3.6/site-packages/airflow/example_dags/example_complex.py
[2021-02-13 07:38:18,960] {scheduler_job.py:629} INFO - Processing file /home/airflow/.local/lib/python3.6/site-packages/airflow/example_dags/example_complex.py for tasks to queue
[2021-02-13 07:38:18,961] {logging_mixin.py:104} INFO - [2021-02-13 07:38:18,961] {dagbag.py:448} INFO - Filling up the DagBag from /home/airflow/.local/lib/python3.6/site-packages/airflow/example_dags/example_complex.py
[2021-02-13 07:38:18,987] {scheduler_job.py:639} INFO - DAG(s) dict_keys(['example_complex']) retrieved from /home/airflow/.local/lib/python3.6/site-packages/airflow/example_dags/example_complex.py
[2021-02-13 07:38:19,023] {logging_mixin.py:104} INFO - [2021-02-13 07:38:19,023] {dag.py:1818} INFO - Sync 1 DAGs
[2021-02-13 07:38:19,044] {logging_mixin.py:104} INFO - [2021-02-13 07:38:19,044] {dag.py:2273} INFO - Setting next_dagrun for example_complex to None
[2021-02-13 07:38:19,075] {scheduler_job.py:190} INFO - Processing /home/airflow/.local/lib/python3.6/site-packages/airflow/example_dags/example_complex.py took 0.119 seconds
[2021-02-13 07:38:49,835] {scheduler_job.py:182} INFO - Started process (PID=486) to work on /home/airflow/.local/lib/python3.6/site-packages/airflow/example_dags/example_complex.py
[2021-02-13 07:38:49,836] {scheduler_job.py:629} INFO - Processing file /home/airflow/.local/lib/python3.6/site-packages/airflow/example_dags/example_complex.py for tasks to queue
[2021-02-13 07:38:49,837] {logging_mixin.py:104} INFO - [2021-02-13 07:38:49,837] {dagbag.py:448} INFO - Filling up the DagBag from /home/airflow/.local/lib/python3.6/site-packages/airflow/example_dags/example_complex.py
[2021-02-13 07:38:49,861] {scheduler_job.py:639} INFO - DAG(s) dict_keys(['example_complex']) retrieved from /home/airflow/.local/lib/python3.6/site-packages/airflow/example_dags/example_complex.py
[2021-02-13 07:38:49,896] {logging_mixin.py:104} INFO - [2021-02-13 07:38:49,895] {dag.py:1818} INFO - Sync 1 DAGs
[2021-02-13 07:38:49,917] {logging_mixin.py:104} INFO - [2021-02-13 07:38:49,917] {dag.py:2273} INFO - Setting next_dagrun for example_complex to None
[2021-02-13 07:38:49,954] {scheduler_job.py:190} INFO - Processing /home/airflow/.local/lib/python3.6/site-packages/airflow/example_dags/example_complex.py took 0.124 seconds
[2021-02-13 07:39:20,352] {scheduler_job.py:182} INFO - Started process (PID=512) to work on /home/airflow/.local/lib/python3.6/site-packages/airflow/example_dags/example_complex.py
[2021-02-13 07:39:20,353] {scheduler_job.py:629} INFO - Processing file /home/airflow/.local/lib/python3.6/site-packages/airflow/example_dags/example_complex.py for tasks to queue
[2021-02-13 07:39:20,354] {logging_mixin.py:104} INFO - [2021-02-13 07:39:20,354] {dagbag.py:448} INFO - Filling up the DagBag from /home/airflow/.local/lib/python3.6/site-packages/airflow/example_dags/example_complex.py
[2021-02-13 07:39:20,379] {scheduler_job.py:639} INFO - DAG(s) dict_keys(['example_complex']) retrieved from /home/airflow/.local/lib/python3.6/site-packages/airflow/example_dags/example_complex.py
[2021-02-13 07:39:20,410] {logging_mixin.py:104} INFO - [2021-02-13 07:39:20,410] {dag.py:1818} INFO - Sync 1 DAGs
[2021-02-13 07:39:20,430] {logging_mixin.py:104} INFO - [2021-02-13 07:39:20,430] {dag.py:2273} INFO - Setting next_dagrun for example_complex to None
[2021-02-13 07:39:20,464] {scheduler_job.py:190} INFO - Processing /home/airflow/.local/lib/python3.6/site-packages/airflow/example_dags/example_complex.py took 0.117 seconds
[2021-02-13 07:39:51,753] {scheduler_job.py:182} INFO - Started process (PID=539) to work on /home/airflow/.local/lib/python3.6/site-packages/airflow/example_dags/example_complex.py
[2021-02-13 07:39:51,754] {scheduler_job.py:629} INFO - Processing file /home/airflow/.local/lib/python3.6/site-packages/airflow/example_dags/example_complex.py for tasks to queue
[2021-02-13 07:39:51,755] {logging_mixin.py:104} INFO - [2021-02-13 07:39:51,755] {dagbag.py:448} INFO - Filling up the DagBag from /home/airflow/.local/lib/python3.6/site-packages/airflow/example_dags/example_complex.py
[2021-02-13 07:39:51,782] {scheduler_job.py:639} INFO - DAG(s) dict_keys(['example_complex']) retrieved from /home/airflow/.local/lib/python3.6/site-packages/airflow/example_dags/example_complex.py
[2021-02-13 07:39:51,822] {logging_mixin.py:104} INFO - [2021-02-13 07:39:51,821] {dag.py:1818} INFO - Sync 1 DAGs
[2021-02-13 07:39:51,841] {logging_mixin.py:104} INFO - [2021-02-13 07:39:51,841] {dag.py:2273} INFO - Setting next_dagrun for example_complex to None
[2021-02-13 07:39:51,871] {scheduler_job.py:190} INFO - Processing /home/airflow/.local/lib/python3.6/site-packages/airflow/example_dags/example_complex.py took 0.121 seconds
[2021-02-13 07:40:22,472] {scheduler_job.py:182} INFO - Started process (PID=564) to work on /home/airflow/.local/lib/python3.6/site-packages/airflow/example_dags/example_complex.py
[2021-02-13 07:40:22,475] {scheduler_job.py:629} INFO - Processing file /home/airflow/.local/lib/python3.6/site-packages/airflow/example_dags/example_complex.py for tasks to queue
[2021-02-13 07:40:22,476] {logging_mixin.py:104} INFO - [2021-02-13 07:40:22,475] {dagbag.py:448} INFO - Filling up the DagBag from /home/airflow/.local/lib/python3.6/site-packages/airflow/example_dags/example_complex.py
[2021-02-13 07:40:22,522] {scheduler_job.py:639} INFO - DAG(s) dict_keys(['example_complex']) retrieved from /home/airflow/.local/lib/python3.6/site-packages/airflow/example_dags/example_complex.py
[2021-02-13 07:40:22,561] {logging_mixin.py:104} INFO - [2021-02-13 07:40:22,561] {dag.py:1818} INFO - Sync 1 DAGs
[2021-02-13 07:40:22,580] {logging_mixin.py:104} INFO - [2021-02-13 07:40:22,580] {dag.py:2273} INFO - Setting next_dagrun for example_complex to None
[2021-02-13 07:40:22,890] {scheduler_job.py:190} INFO - Processing /home/airflow/.local/lib/python3.6/site-packages/airflow/example_dags/example_complex.py took 0.423 seconds
[2021-02-13 07:40:53,609] {scheduler_job.py:182} INFO - Started process (PID=590) to work on /home/airflow/.local/lib/python3.6/site-packages/airflow/example_dags/example_complex.py
[2021-02-13 07:40:53,610] {scheduler_job.py:629} INFO - Processing file /home/airflow/.local/lib/python3.6/site-packages/airflow/example_dags/example_complex.py for tasks to queue
[2021-02-13 07:40:53,611] {logging_mixin.py:104} INFO - [2021-02-13 07:40:53,611] {dagbag.py:448} INFO - Filling up the DagBag from /home/airflow/.local/lib/python3.6/site-packages/airflow/example_dags/example_complex.py
[2021-02-13 07:40:53,637] {scheduler_job.py:639} INFO - DAG(s) dict_keys(['example_complex']) retrieved from /home/airflow/.local/lib/python3.6/site-packages/airflow/example_dags/example_complex.py
[2021-02-13 07:40:53,671] {logging_mixin.py:104} INFO - [2021-02-13 07:40:53,671] {dag.py:1818} INFO - Sync 1 DAGs
[2021-02-13 07:40:53,690] {logging_mixin.py:104} INFO - [2021-02-13 07:40:53,690] {dag.py:2273} INFO - Setting next_dagrun for example_complex to None
[2021-02-13 07:40:53,713] {scheduler_job.py:190} INFO - Processing /home/airflow/.local/lib/python3.6/site-packages/airflow/example_dags/example_complex.py took 0.109 seconds
[2021-02-13 07:41:24,235] {scheduler_job.py:182} INFO - Started process (PID=616) to work on /home/airflow/.local/lib/python3.6/site-packages/airflow/example_dags/example_complex.py
[2021-02-13 07:41:24,237] {scheduler_job.py:629} INFO - Processing file /home/airflow/.local/lib/python3.6/site-packages/airflow/example_dags/example_complex.py for tasks to queue
[2021-02-13 07:41:24,238] {logging_mixin.py:104} INFO - [2021-02-13 07:41:24,238] {dagbag.py:448} INFO - Filling up the DagBag from /home/airflow/.local/lib/python3.6/site-packages/airflow/example_dags/example_complex.py
[2021-02-13 07:41:24,270] {scheduler_job.py:639} INFO - DAG(s) dict_keys(['example_complex']) retrieved from /home/airflow/.local/lib/python3.6/site-packages/airflow/example_dags/example_complex.py
[2021-02-13 07:41:24,315] {logging_mixin.py:104} INFO - [2021-02-13 07:41:24,314] {dag.py:1818} INFO - Sync 1 DAGs
[2021-02-13 07:41:24,337] {logging_mixin.py:104} INFO - [2021-02-13 07:41:24,337] {dag.py:2273} INFO - Setting next_dagrun for example_complex to None
[2021-02-13 07:41:24,707] {scheduler_job.py:190} INFO - Processing /home/airflow/.local/lib/python3.6/site-packages/airflow/example_dags/example_complex.py took 0.476 seconds
[2021-02-13 07:41:55,380] {scheduler_job.py:182} INFO - Started process (PID=642) to work on /home/airflow/.local/lib/python3.6/site-packages/airflow/example_dags/example_complex.py
[2021-02-13 07:41:55,381] {scheduler_job.py:629} INFO - Processing file /home/airflow/.local/lib/python3.6/site-packages/airflow/example_dags/example_complex.py for tasks to queue
[2021-02-13 07:41:55,382] {logging_mixin.py:104} INFO - [2021-02-13 07:41:55,382] {dagbag.py:448} INFO - Filling up the DagBag from /home/airflow/.local/lib/python3.6/site-packages/airflow/example_dags/example_complex.py
[2021-02-13 07:41:55,405] {scheduler_job.py:639} INFO - DAG(s) dict_keys(['example_complex']) retrieved from /home/airflow/.local/lib/python3.6/site-packages/airflow/example_dags/example_complex.py
[2021-02-13 07:41:55,444] {logging_mixin.py:104} INFO - [2021-02-13 07:41:55,444] {dag.py:1818} INFO - Sync 1 DAGs
[2021-02-13 07:41:55,461] {logging_mixin.py:104} INFO - [2021-02-13 07:41:55,461] {dag.py:2273} INFO - Setting next_dagrun for example_complex to None
[2021-02-13 07:41:55,488] {scheduler_job.py:190} INFO - Processing /home/airflow/.local/lib/python3.6/site-packages/airflow/example_dags/example_complex.py took 0.111 seconds
[2021-02-13 07:42:26,220] {scheduler_job.py:182} INFO - Started process (PID=668) to work on /home/airflow/.local/lib/python3.6/site-packages/airflow/example_dags/example_complex.py
[2021-02-13 07:42:26,222] {scheduler_job.py:629} INFO - Processing file /home/airflow/.local/lib/python3.6/site-packages/airflow/example_dags/example_complex.py for tasks to queue
[2021-02-13 07:42:26,222] {logging_mixin.py:104} INFO - [2021-02-13 07:42:26,222] {dagbag.py:448} INFO - Filling up the DagBag from /home/airflow/.local/lib/python3.6/site-packages/airflow/example_dags/example_complex.py
[2021-02-13 07:42:26,246] {scheduler_job.py:639} INFO - DAG(s) dict_keys(['example_complex']) retrieved from /home/airflow/.local/lib/python3.6/site-packages/airflow/example_dags/example_complex.py
[2021-02-13 07:42:26,282] {logging_mixin.py:104} INFO - [2021-02-13 07:42:26,282] {dag.py:1818} INFO - Sync 1 DAGs
[2021-02-13 07:42:26,299] {logging_mixin.py:104} INFO - [2021-02-13 07:42:26,299] {dag.py:2273} INFO - Setting next_dagrun for example_complex to None
[2021-02-13 07:42:26,486] {scheduler_job.py:190} INFO - Processing /home/airflow/.local/lib/python3.6/site-packages/airflow/example_dags/example_complex.py took 0.269 seconds
[2021-02-13 07:42:56,685] {scheduler_job.py:182} INFO - Started process (PID=694) to work on /home/airflow/.local/lib/python3.6/site-packages/airflow/example_dags/example_complex.py
[2021-02-13 07:42:56,687] {scheduler_job.py:629} INFO - Processing file /home/airflow/.local/lib/python3.6/site-packages/airflow/example_dags/example_complex.py for tasks to queue
[2021-02-13 07:42:56,688] {logging_mixin.py:104} INFO - [2021-02-13 07:42:56,688] {dagbag.py:448} INFO - Filling up the DagBag from /home/airflow/.local/lib/python3.6/site-packages/airflow/example_dags/example_complex.py
[2021-02-13 07:42:56,716] {scheduler_job.py:639} INFO - DAG(s) dict_keys(['example_complex']) retrieved from /home/airflow/.local/lib/python3.6/site-packages/airflow/example_dags/example_complex.py
[2021-02-13 07:42:56,750] {logging_mixin.py:104} INFO - [2021-02-13 07:42:56,750] {dag.py:1818} INFO - Sync 1 DAGs
[2021-02-13 07:42:56,767] {logging_mixin.py:104} INFO - [2021-02-13 07:42:56,767] {dag.py:2273} INFO - Setting next_dagrun for example_complex to None
[2021-02-13 07:42:58,003] {scheduler_job.py:190} INFO - Processing /home/airflow/.local/lib/python3.6/site-packages/airflow/example_dags/example_complex.py took 1.323 seconds
