[2021-02-13 07:29:57,611] {scheduler_job.py:182} INFO - Started process (PID=40) to work on /home/airflow/.local/lib/python3.6/site-packages/airflow/example_dags/tutorial_etl_dag.py
[2021-02-13 07:29:57,614] {scheduler_job.py:629} INFO - Processing file /home/airflow/.local/lib/python3.6/site-packages/airflow/example_dags/tutorial_etl_dag.py for tasks to queue
[2021-02-13 07:29:57,618] {logging_mixin.py:104} INFO - [2021-02-13 07:29:57,617] {dagbag.py:448} INFO - Filling up the DagBag from /home/airflow/.local/lib/python3.6/site-packages/airflow/example_dags/tutorial_etl_dag.py
[2021-02-13 07:29:57,664] {scheduler_job.py:639} INFO - DAG(s) dict_keys(['tutorial_etl_dag']) retrieved from /home/airflow/.local/lib/python3.6/site-packages/airflow/example_dags/tutorial_etl_dag.py
[2021-02-13 07:29:57,741] {logging_mixin.py:104} INFO - [2021-02-13 07:29:57,741] {dag.py:1818} INFO - Sync 1 DAGs
[2021-02-13 07:29:57,785] {logging_mixin.py:104} INFO - [2021-02-13 07:29:57,785] {dag.py:1837} INFO - Creating ORM DAG for tutorial_etl_dag
[2021-02-13 07:29:57,815] {logging_mixin.py:104} INFO - [2021-02-13 07:29:57,815] {dag.py:2273} INFO - Setting next_dagrun for tutorial_etl_dag to None
[2021-02-13 07:29:57,867] {scheduler_job.py:190} INFO - Processing /home/airflow/.local/lib/python3.6/site-packages/airflow/example_dags/tutorial_etl_dag.py took 0.263 seconds
[2021-02-13 07:30:28,093] {scheduler_job.py:182} INFO - Started process (PID=63) to work on /home/airflow/.local/lib/python3.6/site-packages/airflow/example_dags/tutorial_etl_dag.py
[2021-02-13 07:30:28,094] {scheduler_job.py:629} INFO - Processing file /home/airflow/.local/lib/python3.6/site-packages/airflow/example_dags/tutorial_etl_dag.py for tasks to queue
[2021-02-13 07:30:28,095] {logging_mixin.py:104} INFO - [2021-02-13 07:30:28,095] {dagbag.py:448} INFO - Filling up the DagBag from /home/airflow/.local/lib/python3.6/site-packages/airflow/example_dags/tutorial_etl_dag.py
[2021-02-13 07:30:28,118] {scheduler_job.py:639} INFO - DAG(s) dict_keys(['tutorial_etl_dag']) retrieved from /home/airflow/.local/lib/python3.6/site-packages/airflow/example_dags/tutorial_etl_dag.py
[2021-02-13 07:30:28,150] {logging_mixin.py:104} INFO - [2021-02-13 07:30:28,150] {dag.py:1818} INFO - Sync 1 DAGs
[2021-02-13 07:30:28,184] {logging_mixin.py:104} INFO - [2021-02-13 07:30:28,183] {dag.py:2273} INFO - Setting next_dagrun for tutorial_etl_dag to None
[2021-02-13 07:30:29,118] {scheduler_job.py:190} INFO - Processing /home/airflow/.local/lib/python3.6/site-packages/airflow/example_dags/tutorial_etl_dag.py took 1.030 seconds
[2021-02-13 07:30:59,150] {scheduler_job.py:182} INFO - Started process (PID=88) to work on /home/airflow/.local/lib/python3.6/site-packages/airflow/example_dags/tutorial_etl_dag.py
[2021-02-13 07:30:59,151] {scheduler_job.py:629} INFO - Processing file /home/airflow/.local/lib/python3.6/site-packages/airflow/example_dags/tutorial_etl_dag.py for tasks to queue
[2021-02-13 07:30:59,152] {logging_mixin.py:104} INFO - [2021-02-13 07:30:59,152] {dagbag.py:448} INFO - Filling up the DagBag from /home/airflow/.local/lib/python3.6/site-packages/airflow/example_dags/tutorial_etl_dag.py
[2021-02-13 07:30:59,170] {scheduler_job.py:639} INFO - DAG(s) dict_keys(['tutorial_etl_dag']) retrieved from /home/airflow/.local/lib/python3.6/site-packages/airflow/example_dags/tutorial_etl_dag.py
[2021-02-13 07:30:59,195] {logging_mixin.py:104} INFO - [2021-02-13 07:30:59,195] {dag.py:1818} INFO - Sync 1 DAGs
[2021-02-13 07:30:59,220] {logging_mixin.py:104} INFO - [2021-02-13 07:30:59,220] {dag.py:2273} INFO - Setting next_dagrun for tutorial_etl_dag to None
[2021-02-13 07:31:00,668] {scheduler_job.py:190} INFO - Processing /home/airflow/.local/lib/python3.6/site-packages/airflow/example_dags/tutorial_etl_dag.py took 1.523 seconds
[2021-02-13 07:31:31,599] {scheduler_job.py:182} INFO - Started process (PID=114) to work on /home/airflow/.local/lib/python3.6/site-packages/airflow/example_dags/tutorial_etl_dag.py
[2021-02-13 07:31:31,601] {scheduler_job.py:629} INFO - Processing file /home/airflow/.local/lib/python3.6/site-packages/airflow/example_dags/tutorial_etl_dag.py for tasks to queue
[2021-02-13 07:31:31,602] {logging_mixin.py:104} INFO - [2021-02-13 07:31:31,602] {dagbag.py:448} INFO - Filling up the DagBag from /home/airflow/.local/lib/python3.6/site-packages/airflow/example_dags/tutorial_etl_dag.py
[2021-02-13 07:31:31,623] {scheduler_job.py:639} INFO - DAG(s) dict_keys(['tutorial_etl_dag']) retrieved from /home/airflow/.local/lib/python3.6/site-packages/airflow/example_dags/tutorial_etl_dag.py
[2021-02-13 07:31:31,657] {logging_mixin.py:104} INFO - [2021-02-13 07:31:31,656] {dag.py:1818} INFO - Sync 1 DAGs
[2021-02-13 07:31:31,679] {logging_mixin.py:104} INFO - [2021-02-13 07:31:31,679] {dag.py:2273} INFO - Setting next_dagrun for tutorial_etl_dag to None
[2021-02-13 07:31:32,032] {scheduler_job.py:190} INFO - Processing /home/airflow/.local/lib/python3.6/site-packages/airflow/example_dags/tutorial_etl_dag.py took 0.438 seconds
[2021-02-13 07:32:03,888] {scheduler_job.py:182} INFO - Started process (PID=146) to work on /home/airflow/.local/lib/python3.6/site-packages/airflow/example_dags/tutorial_etl_dag.py
[2021-02-13 07:32:03,889] {scheduler_job.py:629} INFO - Processing file /home/airflow/.local/lib/python3.6/site-packages/airflow/example_dags/tutorial_etl_dag.py for tasks to queue
[2021-02-13 07:32:03,890] {logging_mixin.py:104} INFO - [2021-02-13 07:32:03,890] {dagbag.py:448} INFO - Filling up the DagBag from /home/airflow/.local/lib/python3.6/site-packages/airflow/example_dags/tutorial_etl_dag.py
[2021-02-13 07:32:03,907] {scheduler_job.py:639} INFO - DAG(s) dict_keys(['tutorial_etl_dag']) retrieved from /home/airflow/.local/lib/python3.6/site-packages/airflow/example_dags/tutorial_etl_dag.py
[2021-02-13 07:32:03,937] {logging_mixin.py:104} INFO - [2021-02-13 07:32:03,936] {dag.py:1818} INFO - Sync 1 DAGs
[2021-02-13 07:32:03,959] {logging_mixin.py:104} INFO - [2021-02-13 07:32:03,959] {dag.py:2273} INFO - Setting next_dagrun for tutorial_etl_dag to None
[2021-02-13 07:32:03,993] {scheduler_job.py:190} INFO - Processing /home/airflow/.local/lib/python3.6/site-packages/airflow/example_dags/tutorial_etl_dag.py took 0.108 seconds
[2021-02-13 07:32:35,603] {scheduler_job.py:182} INFO - Started process (PID=172) to work on /home/airflow/.local/lib/python3.6/site-packages/airflow/example_dags/tutorial_etl_dag.py
[2021-02-13 07:32:35,606] {scheduler_job.py:629} INFO - Processing file /home/airflow/.local/lib/python3.6/site-packages/airflow/example_dags/tutorial_etl_dag.py for tasks to queue
[2021-02-13 07:32:35,607] {logging_mixin.py:104} INFO - [2021-02-13 07:32:35,607] {dagbag.py:448} INFO - Filling up the DagBag from /home/airflow/.local/lib/python3.6/site-packages/airflow/example_dags/tutorial_etl_dag.py
[2021-02-13 07:32:35,634] {scheduler_job.py:639} INFO - DAG(s) dict_keys(['tutorial_etl_dag']) retrieved from /home/airflow/.local/lib/python3.6/site-packages/airflow/example_dags/tutorial_etl_dag.py
[2021-02-13 07:32:35,677] {logging_mixin.py:104} INFO - [2021-02-13 07:32:35,677] {dag.py:1818} INFO - Sync 1 DAGs
[2021-02-13 07:32:35,705] {logging_mixin.py:104} INFO - [2021-02-13 07:32:35,705] {dag.py:2273} INFO - Setting next_dagrun for tutorial_etl_dag to None
[2021-02-13 07:32:35,799] {scheduler_job.py:190} INFO - Processing /home/airflow/.local/lib/python3.6/site-packages/airflow/example_dags/tutorial_etl_dag.py took 0.200 seconds
[2021-02-13 07:33:06,365] {scheduler_job.py:182} INFO - Started process (PID=196) to work on /home/airflow/.local/lib/python3.6/site-packages/airflow/example_dags/tutorial_etl_dag.py
[2021-02-13 07:33:06,366] {scheduler_job.py:629} INFO - Processing file /home/airflow/.local/lib/python3.6/site-packages/airflow/example_dags/tutorial_etl_dag.py for tasks to queue
[2021-02-13 07:33:06,367] {logging_mixin.py:104} INFO - [2021-02-13 07:33:06,366] {dagbag.py:448} INFO - Filling up the DagBag from /home/airflow/.local/lib/python3.6/site-packages/airflow/example_dags/tutorial_etl_dag.py
[2021-02-13 07:33:06,381] {scheduler_job.py:639} INFO - DAG(s) dict_keys(['tutorial_etl_dag']) retrieved from /home/airflow/.local/lib/python3.6/site-packages/airflow/example_dags/tutorial_etl_dag.py
[2021-02-13 07:33:06,406] {logging_mixin.py:104} INFO - [2021-02-13 07:33:06,406] {dag.py:1818} INFO - Sync 1 DAGs
[2021-02-13 07:33:06,430] {logging_mixin.py:104} INFO - [2021-02-13 07:33:06,430] {dag.py:2273} INFO - Setting next_dagrun for tutorial_etl_dag to None
[2021-02-13 07:33:07,798] {scheduler_job.py:190} INFO - Processing /home/airflow/.local/lib/python3.6/site-packages/airflow/example_dags/tutorial_etl_dag.py took 1.437 seconds
[2021-02-13 07:33:38,226] {scheduler_job.py:182} INFO - Started process (PID=223) to work on /home/airflow/.local/lib/python3.6/site-packages/airflow/example_dags/tutorial_etl_dag.py
[2021-02-13 07:33:38,227] {scheduler_job.py:629} INFO - Processing file /home/airflow/.local/lib/python3.6/site-packages/airflow/example_dags/tutorial_etl_dag.py for tasks to queue
[2021-02-13 07:33:38,228] {logging_mixin.py:104} INFO - [2021-02-13 07:33:38,228] {dagbag.py:448} INFO - Filling up the DagBag from /home/airflow/.local/lib/python3.6/site-packages/airflow/example_dags/tutorial_etl_dag.py
[2021-02-13 07:33:38,242] {scheduler_job.py:639} INFO - DAG(s) dict_keys(['tutorial_etl_dag']) retrieved from /home/airflow/.local/lib/python3.6/site-packages/airflow/example_dags/tutorial_etl_dag.py
[2021-02-13 07:33:38,268] {logging_mixin.py:104} INFO - [2021-02-13 07:33:38,268] {dag.py:1818} INFO - Sync 1 DAGs
[2021-02-13 07:33:38,288] {logging_mixin.py:104} INFO - [2021-02-13 07:33:38,288] {dag.py:2273} INFO - Setting next_dagrun for tutorial_etl_dag to None
[2021-02-13 07:33:38,317] {scheduler_job.py:190} INFO - Processing /home/airflow/.local/lib/python3.6/site-packages/airflow/example_dags/tutorial_etl_dag.py took 0.095 seconds
[2021-02-13 07:34:08,770] {scheduler_job.py:182} INFO - Started process (PID=248) to work on /home/airflow/.local/lib/python3.6/site-packages/airflow/example_dags/tutorial_etl_dag.py
[2021-02-13 07:34:08,777] {scheduler_job.py:629} INFO - Processing file /home/airflow/.local/lib/python3.6/site-packages/airflow/example_dags/tutorial_etl_dag.py for tasks to queue
[2021-02-13 07:34:08,779] {logging_mixin.py:104} INFO - [2021-02-13 07:34:08,778] {dagbag.py:448} INFO - Filling up the DagBag from /home/airflow/.local/lib/python3.6/site-packages/airflow/example_dags/tutorial_etl_dag.py
[2021-02-13 07:34:08,808] {scheduler_job.py:639} INFO - DAG(s) dict_keys(['tutorial_etl_dag']) retrieved from /home/airflow/.local/lib/python3.6/site-packages/airflow/example_dags/tutorial_etl_dag.py
[2021-02-13 07:34:08,840] {logging_mixin.py:104} INFO - [2021-02-13 07:34:08,840] {dag.py:1818} INFO - Sync 1 DAGs
[2021-02-13 07:34:08,860] {logging_mixin.py:104} INFO - [2021-02-13 07:34:08,860] {dag.py:2273} INFO - Setting next_dagrun for tutorial_etl_dag to None
[2021-02-13 07:34:10,226] {scheduler_job.py:190} INFO - Processing /home/airflow/.local/lib/python3.6/site-packages/airflow/example_dags/tutorial_etl_dag.py took 1.461 seconds
[2021-02-13 07:34:40,290] {scheduler_job.py:182} INFO - Started process (PID=274) to work on /home/airflow/.local/lib/python3.6/site-packages/airflow/example_dags/tutorial_etl_dag.py
[2021-02-13 07:34:40,291] {scheduler_job.py:629} INFO - Processing file /home/airflow/.local/lib/python3.6/site-packages/airflow/example_dags/tutorial_etl_dag.py for tasks to queue
[2021-02-13 07:34:40,292] {logging_mixin.py:104} INFO - [2021-02-13 07:34:40,292] {dagbag.py:448} INFO - Filling up the DagBag from /home/airflow/.local/lib/python3.6/site-packages/airflow/example_dags/tutorial_etl_dag.py
[2021-02-13 07:34:40,309] {scheduler_job.py:639} INFO - DAG(s) dict_keys(['tutorial_etl_dag']) retrieved from /home/airflow/.local/lib/python3.6/site-packages/airflow/example_dags/tutorial_etl_dag.py
[2021-02-13 07:34:40,334] {logging_mixin.py:104} INFO - [2021-02-13 07:34:40,334] {dag.py:1818} INFO - Sync 1 DAGs
[2021-02-13 07:34:40,354] {logging_mixin.py:104} INFO - [2021-02-13 07:34:40,353] {dag.py:2273} INFO - Setting next_dagrun for tutorial_etl_dag to None
[2021-02-13 07:34:40,551] {scheduler_job.py:190} INFO - Processing /home/airflow/.local/lib/python3.6/site-packages/airflow/example_dags/tutorial_etl_dag.py took 0.265 seconds
[2021-02-13 07:35:10,786] {scheduler_job.py:182} INFO - Started process (PID=300) to work on /home/airflow/.local/lib/python3.6/site-packages/airflow/example_dags/tutorial_etl_dag.py
[2021-02-13 07:35:10,788] {scheduler_job.py:629} INFO - Processing file /home/airflow/.local/lib/python3.6/site-packages/airflow/example_dags/tutorial_etl_dag.py for tasks to queue
[2021-02-13 07:35:10,789] {logging_mixin.py:104} INFO - [2021-02-13 07:35:10,789] {dagbag.py:448} INFO - Filling up the DagBag from /home/airflow/.local/lib/python3.6/site-packages/airflow/example_dags/tutorial_etl_dag.py
[2021-02-13 07:35:10,806] {scheduler_job.py:639} INFO - DAG(s) dict_keys(['tutorial_etl_dag']) retrieved from /home/airflow/.local/lib/python3.6/site-packages/airflow/example_dags/tutorial_etl_dag.py
[2021-02-13 07:35:10,837] {logging_mixin.py:104} INFO - [2021-02-13 07:35:10,836] {dag.py:1818} INFO - Sync 1 DAGs
[2021-02-13 07:35:10,856] {logging_mixin.py:104} INFO - [2021-02-13 07:35:10,856] {dag.py:2273} INFO - Setting next_dagrun for tutorial_etl_dag to None
[2021-02-13 07:35:11,131] {scheduler_job.py:190} INFO - Processing /home/airflow/.local/lib/python3.6/site-packages/airflow/example_dags/tutorial_etl_dag.py took 0.348 seconds
[2021-02-13 07:35:41,952] {scheduler_job.py:182} INFO - Started process (PID=324) to work on /home/airflow/.local/lib/python3.6/site-packages/airflow/example_dags/tutorial_etl_dag.py
[2021-02-13 07:35:41,954] {scheduler_job.py:629} INFO - Processing file /home/airflow/.local/lib/python3.6/site-packages/airflow/example_dags/tutorial_etl_dag.py for tasks to queue
[2021-02-13 07:35:41,955] {logging_mixin.py:104} INFO - [2021-02-13 07:35:41,954] {dagbag.py:448} INFO - Filling up the DagBag from /home/airflow/.local/lib/python3.6/site-packages/airflow/example_dags/tutorial_etl_dag.py
[2021-02-13 07:35:41,970] {scheduler_job.py:639} INFO - DAG(s) dict_keys(['tutorial_etl_dag']) retrieved from /home/airflow/.local/lib/python3.6/site-packages/airflow/example_dags/tutorial_etl_dag.py
[2021-02-13 07:35:41,994] {logging_mixin.py:104} INFO - [2021-02-13 07:35:41,994] {dag.py:1818} INFO - Sync 1 DAGs
[2021-02-13 07:35:42,017] {logging_mixin.py:104} INFO - [2021-02-13 07:35:42,017] {dag.py:2273} INFO - Setting next_dagrun for tutorial_etl_dag to None
[2021-02-13 07:35:42,767] {scheduler_job.py:190} INFO - Processing /home/airflow/.local/lib/python3.6/site-packages/airflow/example_dags/tutorial_etl_dag.py took 0.818 seconds
